Namespace(augment=True, batch_size=128, device='cuda:0', epochs=350, extra_comment='torchvision_dataset_augment', lr=0.05, model='f_att_p4_allcnnc', optim='sgd', path='./saved/model_f_att_p4_allcnnc_optim_sgd_lr_0.05_wd_0.001_seed_0_torchvision_dataset_augment/model.pth', pretrained=False, seed=0, weight_decay=0.001)
2020-07-06 14:00:15.592038
Epoch 1/350
------------------------------
Learning Rate: 0.05
------------------------------
train Loss: 1.9876 Acc: 0.2571
2020-07-06 14:01:50.753361
validation Loss: 1.9491 Acc: 0.2761
2020-07-06 14:01:56.822216

Epoch 2/350
------------------------------
Learning Rate: 0.05
------------------------------
train Loss: 1.6995 Acc: 0.3674
2020-07-06 14:03:38.255187
validation Loss: 1.8624 Acc: 0.3024
2020-07-06 14:03:44.847712

Epoch 3/350
------------------------------
Learning Rate: 0.05
------------------------------
train Loss: 1.5556 Acc: 0.4329
2020-07-06 14:05:19.097818
validation Loss: 2.1449 Acc: 0.2819
2020-07-06 14:05:25.137610

Epoch 4/350
------------------------------
Learning Rate: 0.05
------------------------------
train Loss: 1.4386 Acc: 0.4814
2020-07-06 14:07:00.702858
validation Loss: 1.6073 Acc: 0.4083
2020-07-06 14:07:06.721964

Epoch 5/350
------------------------------
Learning Rate: 0.05
------------------------------
train Loss: 1.3490 Acc: 0.5168
2020-07-06 14:08:42.692688
validation Loss: 2.0922 Acc: 0.3100
2020-07-06 14:08:48.770775

Epoch 6/350
------------------------------
Learning Rate: 0.05
------------------------------
train Loss: 1.2667 Acc: 0.5499
2020-07-06 14:10:24.257985
validation Loss: 1.5289 Acc: 0.4831
2020-07-06 14:10:30.544479

Epoch 7/350
------------------------------
Learning Rate: 0.05
------------------------------
train Loss: 1.1937 Acc: 0.5780
2020-07-06 14:12:05.974901
validation Loss: 1.5324 Acc: 0.4706
2020-07-06 14:12:12.102909

Epoch 8/350
------------------------------
Learning Rate: 0.05
------------------------------
train Loss: 1.1321 Acc: 0.5981
2020-07-06 14:13:48.067959
validation Loss: 1.2575 Acc: 0.5523
2020-07-06 14:13:54.286614

Epoch 9/350
------------------------------
Learning Rate: 0.05
------------------------------
train Loss: 1.0760 Acc: 0.6195
2020-07-06 14:15:30.754045
validation Loss: 1.2577 Acc: 0.5767
2020-07-06 14:15:36.815593

Epoch 10/350
------------------------------
Learning Rate: 0.05
------------------------------
train Loss: 1.0263 Acc: 0.6427
2020-07-06 14:17:13.388962
validation Loss: 1.2362 Acc: 0.5637
2020-07-06 14:17:19.626196

Epoch 11/350
------------------------------
Learning Rate: 0.05
------------------------------
train Loss: 0.9951 Acc: 0.6518
2020-07-06 14:18:55.772668
validation Loss: 0.9371 Acc: 0.6756
2020-07-06 14:19:01.972279

Epoch 12/350
------------------------------
Learning Rate: 0.05
------------------------------
train Loss: 0.9556 Acc: 0.6665
2020-07-06 14:20:36.206380
validation Loss: 1.4403 Acc: 0.5380
2020-07-06 14:20:42.393806

Epoch 13/350
------------------------------
Learning Rate: 0.05
------------------------------
train Loss: 0.9331 Acc: 0.6761
2020-07-06 14:22:19.776109
validation Loss: 2.0629 Acc: 0.4406
2020-07-06 14:22:26.142338

Epoch 14/350
------------------------------
Learning Rate: 0.05
------------------------------
train Loss: 0.9143 Acc: 0.6844
2020-07-06 14:24:05.906407
validation Loss: 1.3458 Acc: 0.5647
2020-07-06 14:24:12.345597

Epoch 15/350
------------------------------
Learning Rate: 0.05
------------------------------
train Loss: 0.8962 Acc: 0.6896
2020-07-06 14:25:51.562085
validation Loss: 1.1653 Acc: 0.6056
2020-07-06 14:25:58.339926

Epoch 16/350
------------------------------
Learning Rate: 0.05
------------------------------
train Loss: 0.8692 Acc: 0.7007
2020-07-06 14:27:40.734971
validation Loss: 1.1377 Acc: 0.6169
2020-07-06 14:27:47.130886

Epoch 17/350
------------------------------
Learning Rate: 0.05
------------------------------
train Loss: 0.8575 Acc: 0.7039
2020-07-06 14:29:30.271132
validation Loss: 1.3334 Acc: 0.5913
2020-07-06 14:29:38.415083

Epoch 18/350
------------------------------
Learning Rate: 0.05
------------------------------
train Loss: 0.8438 Acc: 0.7091
2020-07-06 14:31:23.653184
validation Loss: 1.0147 Acc: 0.6563
2020-07-06 14:31:29.800892

Epoch 19/350
------------------------------
Learning Rate: 0.05
------------------------------
train Loss: 0.8266 Acc: 0.7134
2020-07-06 14:33:11.575818
validation Loss: 1.0041 Acc: 0.6651
2020-07-06 14:33:17.741771

Epoch 20/350
------------------------------
Learning Rate: 0.05
------------------------------
train Loss: 0.8056 Acc: 0.7231
2020-07-06 14:34:59.597574
validation Loss: 1.0289 Acc: 0.6453
2020-07-06 14:35:06.086765

Epoch 21/350
------------------------------
Learning Rate: 0.05
------------------------------
train Loss: 0.8015 Acc: 0.7235
2020-07-06 14:36:46.221627
validation Loss: 0.9878 Acc: 0.6664
2020-07-06 14:36:52.259906

Epoch 22/350
------------------------------
Learning Rate: 0.05
------------------------------
train Loss: 0.7809 Acc: 0.7324
2020-07-06 14:38:30.104285
validation Loss: 0.8774 Acc: 0.7018
2020-07-06 14:38:36.527452

Epoch 23/350
------------------------------
Learning Rate: 0.05
------------------------------
train Loss: 0.7687 Acc: 0.7367
2020-07-06 14:40:14.807398
validation Loss: 0.8591 Acc: 0.7126
2020-07-06 14:40:21.172000

Epoch 24/350
------------------------------
Learning Rate: 0.05
------------------------------
train Loss: 0.7655 Acc: 0.7388
2020-07-06 14:42:02.955971
validation Loss: 1.5313 Acc: 0.5662
2020-07-06 14:42:09.407133

Epoch 25/350
------------------------------
Learning Rate: 0.05
------------------------------
train Loss: 0.7484 Acc: 0.7447
2020-07-06 14:43:49.214359
validation Loss: 0.9381 Acc: 0.6841
2020-07-06 14:43:55.532975

Epoch 26/350
------------------------------
Learning Rate: 0.05
------------------------------
train Loss: 0.7455 Acc: 0.7446
2020-07-06 14:45:35.470013
validation Loss: 1.3373 Acc: 0.5785
2020-07-06 14:45:41.908343

Epoch 27/350
------------------------------
Learning Rate: 0.05
------------------------------
train Loss: 0.7437 Acc: 0.7459
2020-07-06 14:47:24.073531
validation Loss: 1.5002 Acc: 0.5153
2020-07-06 14:47:30.783590

Epoch 28/350
------------------------------
Learning Rate: 0.05
------------------------------
train Loss: 0.7309 Acc: 0.7475
2020-07-06 14:49:13.165064
validation Loss: 0.9893 Acc: 0.6727
2020-07-06 14:49:19.780246

Epoch 29/350
------------------------------
Learning Rate: 0.05
------------------------------
train Loss: 0.7184 Acc: 0.7545
2020-07-06 14:51:01.506403
validation Loss: 1.2928 Acc: 0.6033
2020-07-06 14:51:07.910290

Epoch 30/350
------------------------------
Learning Rate: 0.05
------------------------------
train Loss: 0.7201 Acc: 0.7533
2020-07-06 14:52:47.564292
validation Loss: 0.7809 Acc: 0.7363
2020-07-06 14:52:54.124774

Epoch 31/350
------------------------------
Learning Rate: 0.05
------------------------------
train Loss: 0.7040 Acc: 0.7608
2020-07-06 14:54:35.402468
validation Loss: 0.8483 Acc: 0.7160
2020-07-06 14:54:42.005944

Epoch 32/350
------------------------------
Learning Rate: 0.05
------------------------------
train Loss: 0.7045 Acc: 0.7604
2020-07-06 14:56:21.900934
validation Loss: 1.1112 Acc: 0.6425
2020-07-06 14:56:28.813982

Epoch 33/350
------------------------------
Learning Rate: 0.05
------------------------------
train Loss: 0.6992 Acc: 0.7625
2020-07-06 14:58:08.603560
validation Loss: 0.9966 Acc: 0.6805
2020-07-06 14:58:15.326167

Epoch 34/350
------------------------------
Learning Rate: 0.05
------------------------------
train Loss: 0.6950 Acc: 0.7661
2020-07-06 14:59:57.964760
validation Loss: 1.5479 Acc: 0.5658
2020-07-06 15:00:04.730053

Epoch 35/350
------------------------------
Learning Rate: 0.05
------------------------------
train Loss: 0.6889 Acc: 0.7652
2020-07-06 15:01:48.158280
validation Loss: 1.1952 Acc: 0.6271
2020-07-06 15:01:54.467998

Epoch 36/350
------------------------------
Learning Rate: 0.05
------------------------------
train Loss: 0.6791 Acc: 0.7698
2020-07-06 15:03:37.039049
validation Loss: 1.0290 Acc: 0.6701
2020-07-06 15:03:43.500015

Epoch 37/350
------------------------------
