Namespace(batch_size=128, device='cuda:0', epochs=100, extra_comment='', lr=0.001, model='p4cnn', optim='adam', path='./saved/model_p4cnn_optim_adam_lr_0.001_wd_0.0001_seed_0/model.pth', pretrained=False, seed=0, weight_decay=0.0001)
2020-01-23 14:57:59.001850
Epoch 1/100
------------------------------
train Loss: 1.8465 Acc: 0.3516
2020-01-23 14:58:01.042730
validation Loss: 2.3993 Acc: 0.2960
2020-01-23 14:58:03.913458

Epoch 2/100
------------------------------
train Loss: 0.8775 Acc: 0.7138
2020-01-23 14:58:05.749809
validation Loss: 0.9898 Acc: 0.6863
2020-01-23 14:58:08.598568

Epoch 3/100
------------------------------
train Loss: 0.5144 Acc: 0.8340
2020-01-23 14:58:10.422673
validation Loss: 0.4458 Acc: 0.8608
2020-01-23 14:58:13.216947

Epoch 4/100
------------------------------
train Loss: 0.3967 Acc: 0.8733
2020-01-23 14:58:15.067036
validation Loss: 0.2997 Acc: 0.9051
2020-01-23 14:58:17.865866

Epoch 5/100
------------------------------
train Loss: 0.3307 Acc: 0.8950
2020-01-23 14:58:19.685207
validation Loss: 0.2287 Acc: 0.9271
2020-01-23 14:58:22.468324

Epoch 6/100
------------------------------
train Loss: 0.2981 Acc: 0.9069
2020-01-23 14:58:24.290500
validation Loss: 0.3017 Acc: 0.9072
2020-01-23 14:58:27.141141

Epoch 7/100
------------------------------
train Loss: 0.2700 Acc: 0.9147
2020-01-23 14:58:28.961095
validation Loss: 0.2103 Acc: 0.9338
2020-01-23 14:58:31.830340

Epoch 8/100
------------------------------
train Loss: 0.2377 Acc: 0.9243
2020-01-23 14:58:33.658537
validation Loss: 0.2360 Acc: 0.9279
2020-01-23 14:58:36.492959

Epoch 9/100
------------------------------
train Loss: 0.2298 Acc: 0.9266
2020-01-23 14:58:38.352026
validation Loss: 0.1506 Acc: 0.9526
2020-01-23 14:58:41.288216

Epoch 10/100
------------------------------
train Loss: 0.2088 Acc: 0.9340
2020-01-23 14:58:43.183930
validation Loss: 0.1696 Acc: 0.9462
2020-01-23 14:58:46.309624

Epoch 11/100
------------------------------
train Loss: 0.1918 Acc: 0.9383
2020-01-23 14:58:48.265025
validation Loss: 0.1309 Acc: 0.9589
2020-01-23 14:58:51.207413

Epoch 12/100
------------------------------
train Loss: 0.1901 Acc: 0.9367
2020-01-23 14:58:53.045133
validation Loss: 0.1857 Acc: 0.9411
2020-01-23 14:58:55.895619

Epoch 13/100
------------------------------
train Loss: 0.1850 Acc: 0.9406
2020-01-23 14:58:57.726376
validation Loss: 0.1512 Acc: 0.9526
2020-01-23 14:59:00.524851

Epoch 14/100
------------------------------
train Loss: 0.1692 Acc: 0.9444
2020-01-23 14:59:02.354507
validation Loss: 0.1334 Acc: 0.9577
2020-01-23 14:59:05.177241

Epoch 15/100
------------------------------
train Loss: 0.1590 Acc: 0.9475
2020-01-23 14:59:06.989150
validation Loss: 0.1253 Acc: 0.9601
2020-01-23 14:59:09.790612

Epoch 16/100
------------------------------
train Loss: 0.1581 Acc: 0.9467
2020-01-23 14:59:11.619770
validation Loss: 0.1119 Acc: 0.9645
2020-01-23 14:59:14.446648

Epoch 17/100
------------------------------
train Loss: 0.1465 Acc: 0.9542
2020-01-23 14:59:16.251225
validation Loss: 0.1183 Acc: 0.9631
2020-01-23 14:59:19.093800

Epoch 18/100
------------------------------
train Loss: 0.1418 Acc: 0.9551
2020-01-23 14:59:20.914931
validation Loss: 0.1114 Acc: 0.9652
2020-01-23 14:59:23.763546

Epoch 19/100
------------------------------
train Loss: 0.1364 Acc: 0.9552
2020-01-23 14:59:25.584613
validation Loss: 0.1242 Acc: 0.9615
2020-01-23 14:59:28.441869

Epoch 20/100
------------------------------
train Loss: 0.1368 Acc: 0.9547
2020-01-23 14:59:30.263963
validation Loss: 0.1046 Acc: 0.9673
2020-01-23 14:59:33.140603

Epoch 21/100
------------------------------
train Loss: 0.1360 Acc: 0.9560
2020-01-23 14:59:34.964202
validation Loss: 0.1183 Acc: 0.9632
2020-01-23 14:59:37.772283

Epoch 22/100
------------------------------
train Loss: 0.1269 Acc: 0.9567
2020-01-23 14:59:39.598304
validation Loss: 0.1357 Acc: 0.9586
2020-01-23 14:59:42.480162

Epoch 23/100
------------------------------
train Loss: 0.1246 Acc: 0.9579
2020-01-23 14:59:44.294725
validation Loss: 0.1163 Acc: 0.9640
2020-01-23 14:59:47.085482

Epoch 24/100
------------------------------
train Loss: 0.1179 Acc: 0.9619
2020-01-23 14:59:48.904515
validation Loss: 0.1079 Acc: 0.9663
2020-01-23 14:59:51.761177

Epoch 25/100
------------------------------
train Loss: 0.1127 Acc: 0.9621
2020-01-23 14:59:53.604671
validation Loss: 0.0995 Acc: 0.9685
2020-01-23 14:59:56.439253

Epoch 26/100
------------------------------
train Loss: 0.1176 Acc: 0.9616
2020-01-23 14:59:58.255617
validation Loss: 0.1083 Acc: 0.9661
2020-01-23 15:00:01.090173

Epoch 27/100
------------------------------
train Loss: 0.1105 Acc: 0.9639
2020-01-23 15:00:02.921814
validation Loss: 0.1070 Acc: 0.9665
2020-01-23 15:00:05.755232

Epoch 28/100
------------------------------
train Loss: 0.1140 Acc: 0.9617
2020-01-23 15:00:07.565023
validation Loss: 0.0975 Acc: 0.9698
2020-01-23 15:00:10.435788

Epoch 29/100
------------------------------
train Loss: 0.1033 Acc: 0.9653
2020-01-23 15:00:12.246843
validation Loss: 0.0931 Acc: 0.9709
2020-01-23 15:00:15.128333

Epoch 30/100
------------------------------
train Loss: 0.1092 Acc: 0.9643
2020-01-23 15:00:16.958764
validation Loss: 0.0948 Acc: 0.9698
2020-01-23 15:00:19.754117

Epoch 31/100
------------------------------
train Loss: 0.1065 Acc: 0.9655
2020-01-23 15:00:21.563967
validation Loss: 0.0950 Acc: 0.9705
2020-01-23 15:00:24.414649

Epoch 32/100
------------------------------
train Loss: 0.1053 Acc: 0.9656
2020-01-23 15:00:26.249445
validation Loss: 0.0872 Acc: 0.9726
2020-01-23 15:00:29.176010

Epoch 33/100
------------------------------
train Loss: 0.0974 Acc: 0.9673
2020-01-23 15:00:31.146419
validation Loss: 0.0960 Acc: 0.9700
2020-01-23 15:00:34.043034

Epoch 34/100
------------------------------
train Loss: 0.0976 Acc: 0.9674
2020-01-23 15:00:35.876516
validation Loss: 0.0954 Acc: 0.9705
2020-01-23 15:00:38.845670

Epoch 35/100
------------------------------
train Loss: 0.0928 Acc: 0.9686
2020-01-23 15:00:40.686549
validation Loss: 0.0892 Acc: 0.9721
2020-01-23 15:00:43.585754

Epoch 36/100
------------------------------
train Loss: 0.0933 Acc: 0.9675
2020-01-23 15:00:45.430096
validation Loss: 0.1061 Acc: 0.9668
2020-01-23 15:00:48.251107

Epoch 37/100
------------------------------
train Loss: 0.0896 Acc: 0.9699
2020-01-23 15:00:50.071669
validation Loss: 0.0858 Acc: 0.9738
2020-01-23 15:00:52.964978

Epoch 38/100
------------------------------
train Loss: 0.0949 Acc: 0.9699
2020-01-23 15:00:54.799361
validation Loss: 0.0813 Acc: 0.9750
2020-01-23 15:00:57.665078

Epoch 39/100
------------------------------
train Loss: 0.0929 Acc: 0.9692
2020-01-23 15:00:59.496723
validation Loss: 0.0915 Acc: 0.9717
2020-01-23 15:01:02.352776

Epoch 40/100
------------------------------
train Loss: 0.0802 Acc: 0.9743
2020-01-23 15:01:04.186035
validation Loss: 0.0922 Acc: 0.9712
2020-01-23 15:01:07.060414

Epoch 41/100
------------------------------
train Loss: 0.0850 Acc: 0.9720
2020-01-23 15:01:08.895751
validation Loss: 0.0809 Acc: 0.9750
2020-01-23 15:01:11.706938

Epoch 42/100
------------------------------
train Loss: 0.0785 Acc: 0.9722
2020-01-23 15:01:13.524457
validation Loss: 0.0866 Acc: 0.9734
2020-01-23 15:01:16.336713

Epoch 43/100
------------------------------
train Loss: 0.0853 Acc: 0.9718
2020-01-23 15:01:18.146219
validation Loss: 0.0840 Acc: 0.9748
2020-01-23 15:01:20.954820

Epoch 44/100
------------------------------
train Loss: 0.0816 Acc: 0.9714
2020-01-23 15:01:22.766551
validation Loss: 0.0800 Acc: 0.9757
2020-01-23 15:01:25.602481

Epoch 45/100
------------------------------
train Loss: 0.0813 Acc: 0.9720
2020-01-23 15:01:27.440054
validation Loss: 0.0830 Acc: 0.9750
2020-01-23 15:01:30.266538

Epoch 46/100
------------------------------
train Loss: 0.0782 Acc: 0.9755
2020-01-23 15:01:32.108071
validation Loss: 0.0824 Acc: 0.9753
2020-01-23 15:01:35.030330

Epoch 47/100
------------------------------
train Loss: 0.0797 Acc: 0.9745
2020-01-23 15:01:36.856774
validation Loss: 0.0860 Acc: 0.9737
2020-01-23 15:01:39.770386

Epoch 48/100
------------------------------
train Loss: 0.0765 Acc: 0.9743
2020-01-23 15:01:41.637987
validation Loss: 0.0814 Acc: 0.9758
2020-01-23 15:01:44.463215

Epoch 49/100
------------------------------
train Loss: 0.0735 Acc: 0.9760
2020-01-23 15:01:46.293693
validation Loss: 0.0778 Acc: 0.9766
2020-01-23 15:01:49.110791

Epoch 50/100
------------------------------
train Loss: 0.0786 Acc: 0.9743
2020-01-23 15:01:50.945926
validation Loss: 0.0990 Acc: 0.9701
2020-01-23 15:01:53.810607

Epoch 51/100
------------------------------
train Loss: 0.0804 Acc: 0.9727
2020-01-23 15:01:55.625639
validation Loss: 0.0881 Acc: 0.9736
2020-01-23 15:01:58.485717

Epoch 52/100
------------------------------
train Loss: 0.0757 Acc: 0.9744
2020-01-23 15:02:00.315976
validation Loss: 0.0921 Acc: 0.9723
2020-01-23 15:02:03.168213

Epoch 53/100
------------------------------
train Loss: 0.0730 Acc: 0.9755
2020-01-23 15:02:04.997181
validation Loss: 0.0870 Acc: 0.9738
2020-01-23 15:02:07.857030

Epoch 54/100
------------------------------
train Loss: 0.0743 Acc: 0.9741
2020-01-23 15:02:09.693677
validation Loss: 0.0873 Acc: 0.9740
2020-01-23 15:02:12.523897

Epoch 55/100
------------------------------
train Loss: 0.0765 Acc: 0.9723
2020-01-23 15:02:14.347919
validation Loss: 0.0746 Acc: 0.9781
2020-01-23 15:02:17.187854

Epoch 56/100
------------------------------
train Loss: 0.0672 Acc: 0.9776
2020-01-23 15:02:19.029907
validation Loss: 0.0826 Acc: 0.9748
2020-01-23 15:02:21.831002

Epoch 57/100
------------------------------
train Loss: 0.0757 Acc: 0.9751
2020-01-23 15:02:23.648315
validation Loss: 0.0900 Acc: 0.9730
2020-01-23 15:02:26.501032

Epoch 58/100
------------------------------
train Loss: 0.0752 Acc: 0.9742
2020-01-23 15:02:28.326456
validation Loss: 0.0840 Acc: 0.9754
2020-01-23 15:02:31.175813

Epoch 59/100
------------------------------
train Loss: 0.0741 Acc: 0.9745
2020-01-23 15:02:32.997655
validation Loss: 0.1007 Acc: 0.9701
2020-01-23 15:02:35.835646

Epoch 60/100
------------------------------
train Loss: 0.0651 Acc: 0.9767
2020-01-23 15:02:37.663395
validation Loss: 0.0770 Acc: 0.9767
2020-01-23 15:02:40.495179

Epoch 61/100
------------------------------
train Loss: 0.0681 Acc: 0.9772
2020-01-23 15:02:42.322765
validation Loss: 0.0769 Acc: 0.9768
2020-01-23 15:02:45.176379

Epoch 62/100
------------------------------
train Loss: 0.0682 Acc: 0.9783
2020-01-23 15:02:47.002032
validation Loss: 0.0776 Acc: 0.9769
2020-01-23 15:02:49.839357

Epoch 63/100
------------------------------
train Loss: 0.0632 Acc: 0.9775
2020-01-23 15:02:51.654808
validation Loss: 0.0857 Acc: 0.9745
2020-01-23 15:02:54.505899

Epoch 64/100
------------------------------
train Loss: 0.0659 Acc: 0.9760
2020-01-23 15:02:56.338316
validation Loss: 0.0808 Acc: 0.9759
2020-01-23 15:02:59.191123

Epoch 65/100
------------------------------
train Loss: 0.0680 Acc: 0.9766
2020-01-23 15:03:01.025302
validation Loss: 0.0790 Acc: 0.9766
2020-01-23 15:03:03.833144

Epoch 66/100
------------------------------
train Loss: 0.0646 Acc: 0.9772
2020-01-23 15:03:05.663729
validation Loss: 0.0836 Acc: 0.9752
2020-01-23 15:03:08.538723

Epoch 67/100
------------------------------
train Loss: 0.0646 Acc: 0.9778
2020-01-23 15:03:10.367219
validation Loss: 0.0866 Acc: 0.9745
2020-01-23 15:03:13.256322

Epoch 68/100
------------------------------
train Loss: 0.0697 Acc: 0.9754
2020-01-23 15:03:15.089393
validation Loss: 0.0863 Acc: 0.9741
2020-01-23 15:03:17.928992

Epoch 69/100
------------------------------
train Loss: 0.0686 Acc: 0.9763
2020-01-23 15:03:19.763892
validation Loss: 0.0806 Acc: 0.9759
2020-01-23 15:03:22.635762

Epoch 70/100
------------------------------
train Loss: 0.0652 Acc: 0.9775
2020-01-23 15:03:24.469512
validation Loss: 0.0902 Acc: 0.9734
2020-01-23 15:03:27.258567

Epoch 71/100
------------------------------
train Loss: 0.0591 Acc: 0.9802
2020-01-23 15:03:29.090655
validation Loss: 0.0823 Acc: 0.9763
2020-01-23 15:03:31.904717

Epoch 72/100
------------------------------
train Loss: 0.0622 Acc: 0.9795
2020-01-23 15:03:33.738419
validation Loss: 0.0752 Acc: 0.9780
2020-01-23 15:03:36.525590

Epoch 73/100
------------------------------
train Loss: 0.0635 Acc: 0.9785
2020-01-23 15:03:38.344780
validation Loss: 0.0754 Acc: 0.9778
2020-01-23 15:03:41.162215

Epoch 74/100
------------------------------
train Loss: 0.0634 Acc: 0.9777
2020-01-23 15:03:42.983202
validation Loss: 0.0787 Acc: 0.9773
2020-01-23 15:03:45.888465

Epoch 75/100
------------------------------
train Loss: 0.0621 Acc: 0.9792
2020-01-23 15:03:47.738400
validation Loss: 0.0802 Acc: 0.9765
2020-01-23 15:03:50.798480

Epoch 76/100
------------------------------
train Loss: 0.0622 Acc: 0.9794
2020-01-23 15:03:52.655452
validation Loss: 0.0835 Acc: 0.9758
2020-01-23 15:03:55.494840

Epoch 77/100
------------------------------
train Loss: 0.0596 Acc: 0.9786
2020-01-23 15:03:57.325522
validation Loss: 0.0864 Acc: 0.9746
2020-01-23 15:04:00.159816

Epoch 78/100
------------------------------
train Loss: 0.0602 Acc: 0.9788
2020-01-23 15:04:01.968043
validation Loss: 0.0896 Acc: 0.9741
2020-01-23 15:04:04.838513

Epoch 79/100
------------------------------
train Loss: 0.0632 Acc: 0.9773
2020-01-23 15:04:06.657991
validation Loss: 0.0786 Acc: 0.9768
2020-01-23 15:04:09.524002

Epoch 80/100
------------------------------
train Loss: 0.0588 Acc: 0.9792
2020-01-23 15:04:11.346295
validation Loss: 0.0758 Acc: 0.9775
2020-01-23 15:04:14.224071

Epoch 81/100
------------------------------
train Loss: 0.0578 Acc: 0.9804
2020-01-23 15:04:16.056811
validation Loss: 0.0748 Acc: 0.9778
2020-01-23 15:04:18.877567

Epoch 82/100
------------------------------
train Loss: 0.0623 Acc: 0.9772
2020-01-23 15:04:20.704798
validation Loss: 0.0814 Acc: 0.9765
2020-01-23 15:04:23.550357

Epoch 83/100
------------------------------
train Loss: 0.0524 Acc: 0.9831
2020-01-23 15:04:25.365131
validation Loss: 0.0845 Acc: 0.9757
2020-01-23 15:04:28.187790

Epoch 84/100
------------------------------
train Loss: 0.0556 Acc: 0.9795
2020-01-23 15:04:30.060092
validation Loss: 0.0765 Acc: 0.9781
2020-01-23 15:04:32.898019

Epoch 85/100
------------------------------
train Loss: 0.0604 Acc: 0.9787
2020-01-23 15:04:34.743589
validation Loss: 0.0774 Acc: 0.9781
2020-01-23 15:04:37.574119

Epoch 86/100
------------------------------
train Loss: 0.0538 Acc: 0.9810
2020-01-23 15:04:39.399399
validation Loss: 0.0769 Acc: 0.9777
2020-01-23 15:04:42.197150

Epoch 87/100
------------------------------
train Loss: 0.0524 Acc: 0.9812
2020-01-23 15:04:44.027773
validation Loss: 0.0800 Acc: 0.9765
2020-01-23 15:04:46.878710

Epoch 88/100
------------------------------
train Loss: 0.0536 Acc: 0.9832
2020-01-23 15:04:48.696954
validation Loss: 0.0818 Acc: 0.9766
2020-01-23 15:04:51.531318

Epoch 89/100
------------------------------
train Loss: 0.0550 Acc: 0.9804
2020-01-23 15:04:53.349005
validation Loss: 0.0767 Acc: 0.9782
2020-01-23 15:04:56.151212

Epoch 90/100
------------------------------
train Loss: 0.0531 Acc: 0.9812
2020-01-23 15:04:57.964496
validation Loss: 0.0788 Acc: 0.9779
2020-01-23 15:05:00.813811

Epoch 91/100
------------------------------
train Loss: 0.0514 Acc: 0.9834
2020-01-23 15:05:02.627183
validation Loss: 0.0808 Acc: 0.9767
2020-01-23 15:05:05.525849

Epoch 92/100
------------------------------
train Loss: 0.0536 Acc: 0.9819
2020-01-23 15:05:07.338885
validation Loss: 0.0771 Acc: 0.9779
2020-01-23 15:05:10.217835

Epoch 93/100
------------------------------
train Loss: 0.0570 Acc: 0.9815
2020-01-23 15:05:12.047867
validation Loss: 0.0884 Acc: 0.9753
2020-01-23 15:05:14.841966

Epoch 94/100
------------------------------
train Loss: 0.0577 Acc: 0.9800
2020-01-23 15:05:16.661368
validation Loss: 0.0771 Acc: 0.9782
2020-01-23 15:05:19.514495

Epoch 95/100
------------------------------
train Loss: 0.0522 Acc: 0.9805
2020-01-23 15:05:21.358880
validation Loss: 0.0856 Acc: 0.9748
2020-01-23 15:05:24.237779

Epoch 96/100
------------------------------
train Loss: 0.0507 Acc: 0.9818
2020-01-23 15:05:26.067708
validation Loss: 0.0756 Acc: 0.9786
2020-01-23 15:05:28.894143

Epoch 97/100
------------------------------
train Loss: 0.0535 Acc: 0.9801
2020-01-23 15:05:30.737256
validation Loss: 0.0806 Acc: 0.9769
2020-01-23 15:05:33.558587

Epoch 98/100
------------------------------
train Loss: 0.0536 Acc: 0.9805
2020-01-23 15:05:35.365838
validation Loss: 0.0805 Acc: 0.9770
2020-01-23 15:05:38.312758

Epoch 99/100
------------------------------
train Loss: 0.0531 Acc: 0.9812
2020-01-23 15:05:40.162375
validation Loss: 0.0766 Acc: 0.9780
2020-01-23 15:05:43.206076

Epoch 100/100
------------------------------
train Loss: 0.0505 Acc: 0.9816
2020-01-23 15:05:45.036257
validation Loss: 0.0781 Acc: 0.9784
2020-01-23 15:05:47.976639

Best Val Acc: 0.9786
Accuracy of the network on the 50000 test images: 97.862
