Namespace(augment=True, batch_size=128, device='cuda:0', epochs=350, extra_comment='torchvision_dataset_augment', lr=0.05, model='f_att_p4m_allcnnc', optim='sgd', path='./saved/model_f_att_p4m_allcnnc_optim_sgd_lr_0.05_wd_0.001_seed_0_torchvision_dataset_augment/model.pth', pretrained=False, seed=0, weight_decay=0.001)
2020-02-05 07:03:48.713757
Epoch 1/350
------------------------------
Learning Rate: 0.05
------------------------------
train Loss: 1.9711 Acc: 0.2613
2020-02-05 07:07:06.481607
validation Loss: 2.0920 Acc: 0.2174
2020-02-05 07:07:19.696470

Epoch 2/350
------------------------------
Learning Rate: 0.05
------------------------------
train Loss: 1.7754 Acc: 0.3400
2020-02-05 07:10:34.561524
validation Loss: 2.2816 Acc: 0.2407
2020-02-05 07:10:47.562280

Epoch 3/350
------------------------------
Learning Rate: 0.05
------------------------------
train Loss: 1.5759 Acc: 0.4260
2020-02-05 07:14:01.540421
validation Loss: 1.8766 Acc: 0.3414
2020-02-05 07:14:14.396353

Epoch 4/350
------------------------------
Learning Rate: 0.05
------------------------------
train Loss: 1.3920 Acc: 0.4993
2020-02-05 07:17:29.429399
validation Loss: 2.1665 Acc: 0.3513
2020-02-05 07:17:42.479197

Epoch 5/350
------------------------------
Learning Rate: 0.05
------------------------------
train Loss: 1.3031 Acc: 0.5316
2020-02-05 07:20:56.877496
validation Loss: 2.0379 Acc: 0.3648
2020-02-05 07:21:09.783855

Epoch 6/350
------------------------------
Learning Rate: 0.05
------------------------------
train Loss: 1.2194 Acc: 0.5657
2020-02-05 07:24:24.271778
validation Loss: 1.6782 Acc: 0.4664
2020-02-05 07:24:37.198446

Epoch 7/350
------------------------------
Learning Rate: 0.05
------------------------------
train Loss: 1.1452 Acc: 0.5959
2020-02-05 07:27:52.234541
validation Loss: 1.2873 Acc: 0.5661
2020-02-05 07:28:05.134827

Epoch 8/350
------------------------------
Learning Rate: 0.05
------------------------------
train Loss: 1.0707 Acc: 0.6218
2020-02-05 07:31:19.287607
validation Loss: 1.5363 Acc: 0.4953
2020-02-05 07:31:32.148224

Epoch 9/350
------------------------------
Learning Rate: 0.05
------------------------------
train Loss: 1.0095 Acc: 0.6496
2020-02-05 07:34:47.695493
validation Loss: 1.0420 Acc: 0.6370
2020-02-05 07:35:00.649468

Epoch 10/350
------------------------------
Learning Rate: 0.05
------------------------------
train Loss: 0.9413 Acc: 0.6749
2020-02-05 07:38:14.891923
validation Loss: 1.4044 Acc: 0.5588
2020-02-05 07:38:27.829299

Epoch 11/350
------------------------------
Learning Rate: 0.05
------------------------------
train Loss: 0.8920 Acc: 0.6925
2020-02-05 07:41:40.833675
validation Loss: 0.9268 Acc: 0.6873
2020-02-05 07:41:53.773527

Epoch 12/350
------------------------------
Learning Rate: 0.05
------------------------------
train Loss: 0.8477 Acc: 0.7065
2020-02-05 07:45:08.482357
validation Loss: 1.1539 Acc: 0.6340
2020-02-05 07:45:21.470182

Epoch 13/350
------------------------------
Learning Rate: 0.05
------------------------------
train Loss: 0.8047 Acc: 0.7251
2020-02-05 07:48:36.076788
validation Loss: 0.9594 Acc: 0.6846
2020-02-05 07:48:48.991827

Epoch 14/350
------------------------------
Learning Rate: 0.05
------------------------------
train Loss: 0.7789 Acc: 0.7334
2020-02-05 07:52:03.422923
validation Loss: 0.8888 Acc: 0.7002
2020-02-05 07:52:16.316291

Epoch 15/350
------------------------------
Learning Rate: 0.05
------------------------------
train Loss: 0.7420 Acc: 0.7453
2020-02-05 07:55:30.658067
validation Loss: 1.2540 Acc: 0.6201
2020-02-05 07:55:43.576650

Epoch 16/350
------------------------------
Learning Rate: 0.05
------------------------------
train Loss: 0.7231 Acc: 0.7543
2020-02-05 07:58:58.496371
validation Loss: 0.8806 Acc: 0.6951
2020-02-05 07:59:11.458912

Epoch 17/350
------------------------------
Learning Rate: 0.05
------------------------------
train Loss: 0.7092 Acc: 0.7600
2020-02-05 08:02:25.823572
validation Loss: 0.7212 Acc: 0.7643
2020-02-05 08:02:38.832380

Epoch 18/350
------------------------------
Learning Rate: 0.05
------------------------------
train Loss: 0.6840 Acc: 0.7684
2020-02-05 08:05:52.879577
validation Loss: 0.7255 Acc: 0.7481
2020-02-05 08:06:05.773828

Epoch 19/350
------------------------------
Learning Rate: 0.05
------------------------------
train Loss: 0.6721 Acc: 0.7707
2020-02-05 08:09:19.725469
validation Loss: 0.8537 Acc: 0.7271
2020-02-05 08:09:32.747942

Epoch 20/350
------------------------------
Learning Rate: 0.05
------------------------------
train Loss: 0.6525 Acc: 0.7803
2020-02-05 08:12:47.685477
validation Loss: 0.8469 Acc: 0.7123
2020-02-05 08:13:00.627224

Epoch 21/350
------------------------------
Learning Rate: 0.05
------------------------------
train Loss: 0.6413 Acc: 0.7842
2020-02-05 08:16:15.651588
validation Loss: 0.9712 Acc: 0.6941
2020-02-05 08:16:28.653362

Epoch 22/350
------------------------------
Learning Rate: 0.05
------------------------------
train Loss: 0.6292 Acc: 0.7886
2020-02-05 08:19:43.430268
validation Loss: 0.7738 Acc: 0.7480
2020-02-05 08:19:56.400956

Epoch 23/350
------------------------------
Learning Rate: 0.05
------------------------------
train Loss: 0.6218 Acc: 0.7888
2020-02-05 08:23:10.825395
validation Loss: 1.1907 Acc: 0.6535
2020-02-05 08:23:23.897275

Epoch 24/350
------------------------------
Learning Rate: 0.05
------------------------------
train Loss: 0.6102 Acc: 0.7938
2020-02-05 08:26:38.596528
validation Loss: 0.6737 Acc: 0.7931
2020-02-05 08:26:51.440106

Epoch 25/350
------------------------------
Learning Rate: 0.05
------------------------------
train Loss: 0.6008 Acc: 0.7965
2020-02-05 08:30:05.385078
validation Loss: 0.7085 Acc: 0.7573
2020-02-05 08:30:18.415799

Epoch 26/350
------------------------------
Learning Rate: 0.05
------------------------------
train Loss: 0.5833 Acc: 0.8049
2020-02-05 08:33:32.251881
validation Loss: 0.7961 Acc: 0.7420
2020-02-05 08:33:45.279708

Epoch 27/350
------------------------------
Learning Rate: 0.05
------------------------------
train Loss: 0.5916 Acc: 0.8028
2020-02-05 08:36:59.585945
validation Loss: 0.6560 Acc: 0.7706
2020-02-05 08:37:12.670010

Epoch 28/350
------------------------------
Learning Rate: 0.05
------------------------------
train Loss: 0.5795 Acc: 0.8048
2020-02-05 08:40:26.667926
validation Loss: 0.6810 Acc: 0.7724
2020-02-05 08:40:39.575706

Epoch 29/350
------------------------------
Learning Rate: 0.05
------------------------------
train Loss: 0.5730 Acc: 0.8080
2020-02-05 08:43:53.509185
validation Loss: 0.7748 Acc: 0.7535
2020-02-05 08:44:06.347832

Epoch 30/350
------------------------------
Learning Rate: 0.05
------------------------------
train Loss: 0.5699 Acc: 0.8098
2020-02-05 08:47:20.986026
validation Loss: 0.9219 Acc: 0.6956
2020-02-05 08:47:33.794069

Epoch 31/350
------------------------------
Learning Rate: 0.05
------------------------------
train Loss: 0.5569 Acc: 0.8155
2020-02-05 08:50:47.895381
validation Loss: 0.7149 Acc: 0.7664
2020-02-05 08:51:00.858169

Epoch 32/350
------------------------------
Learning Rate: 0.05
------------------------------
train Loss: 0.5546 Acc: 0.8145
2020-02-05 08:54:15.174911
validation Loss: 1.4318 Acc: 0.5973
2020-02-05 08:54:27.973162

Epoch 33/350
------------------------------
Learning Rate: 0.05
------------------------------
train Loss: 0.5545 Acc: 0.8143
2020-02-05 08:57:42.340339
validation Loss: 0.6184 Acc: 0.7963
2020-02-05 08:57:55.132398

Epoch 34/350
------------------------------
Learning Rate: 0.05
------------------------------
train Loss: 0.5497 Acc: 0.8163
2020-02-05 09:01:09.708998
validation Loss: 0.7047 Acc: 0.7740
2020-02-05 09:01:22.617381

Epoch 35/350
------------------------------
Learning Rate: 0.05
------------------------------
train Loss: 0.5460 Acc: 0.8174
2020-02-05 09:04:37.347900
validation Loss: 0.6436 Acc: 0.7919
2020-02-05 09:04:50.316489

Epoch 36/350
------------------------------
Learning Rate: 0.05
------------------------------
train Loss: 0.5402 Acc: 0.8197
2020-02-05 09:08:04.007004
validation Loss: 0.5658 Acc: 0.8075
2020-02-05 09:08:16.872053

Epoch 37/350
------------------------------
Learning Rate: 0.05
------------------------------
train Loss: 0.5390 Acc: 0.8195
2020-02-05 09:11:30.073844
validation Loss: 0.7544 Acc: 0.7490
2020-02-05 09:11:42.921451

Epoch 38/350
------------------------------
Learning Rate: 0.05
------------------------------
train Loss: 0.5376 Acc: 0.8192
2020-02-05 09:14:56.972788
validation Loss: 0.8997 Acc: 0.7240
2020-02-05 09:15:09.862330

Epoch 39/350
------------------------------
Learning Rate: 0.05
------------------------------
train Loss: 0.5316 Acc: 0.8210
2020-02-05 09:18:23.787154
validation Loss: 0.6194 Acc: 0.7921
2020-02-05 09:18:36.786094

Epoch 40/350
------------------------------
Learning Rate: 0.05
------------------------------
train Loss: 0.5284 Acc: 0.8238
2020-02-05 09:21:50.751017
validation Loss: 0.8461 Acc: 0.7279
2020-02-05 09:22:03.709602

Epoch 41/350
------------------------------
Learning Rate: 0.05
------------------------------
train Loss: 0.5245 Acc: 0.8243
2020-02-05 09:25:18.134151
validation Loss: 0.7521 Acc: 0.7603
2020-02-05 09:25:31.103839

Epoch 42/350
------------------------------
Learning Rate: 0.05
------------------------------
train Loss: 0.5283 Acc: 0.8215
2020-02-05 09:28:45.039758
validation Loss: 0.5606 Acc: 0.8196
2020-02-05 09:28:58.024309

Epoch 43/350
------------------------------
Learning Rate: 0.05
------------------------------
train Loss: 0.5196 Acc: 0.8248
2020-02-05 09:32:12.539136
validation Loss: 0.8024 Acc: 0.7495
2020-02-05 09:32:25.535334

Epoch 44/350
------------------------------
Learning Rate: 0.05
------------------------------
train Loss: 0.5238 Acc: 0.8243
2020-02-05 09:35:39.485187
validation Loss: 0.8542 Acc: 0.7273
2020-02-05 09:35:52.518206

Epoch 45/350
------------------------------
Learning Rate: 0.05
------------------------------
train Loss: 0.5171 Acc: 0.8255
2020-02-05 09:39:07.292536
validation Loss: 0.5374 Acc: 0.8212
2020-02-05 09:39:20.211439

Epoch 46/350
------------------------------
Learning Rate: 0.05
------------------------------
train Loss: 0.5165 Acc: 0.8273
2020-02-05 09:42:33.990512
validation Loss: 0.6093 Acc: 0.7996
2020-02-05 09:42:46.896212

Epoch 47/350
------------------------------
Learning Rate: 0.05
------------------------------
train Loss: 0.5138 Acc: 0.8294
2020-02-05 09:46:01.124497
validation Loss: 0.8996 Acc: 0.7195
2020-02-05 09:46:14.232215

Epoch 48/350
------------------------------
Learning Rate: 0.05
------------------------------
train Loss: 0.5144 Acc: 0.8277
2020-02-05 09:49:27.702506
validation Loss: 0.5122 Acc: 0.8279
2020-02-05 09:49:40.666929

Epoch 49/350
------------------------------
Learning Rate: 0.05
------------------------------
train Loss: 0.5063 Acc: 0.8305
2020-02-05 09:52:54.768859
validation Loss: 0.5305 Acc: 0.8241
2020-02-05 09:53:07.693329

Epoch 50/350
------------------------------
Learning Rate: 0.05
------------------------------
train Loss: 0.5103 Acc: 0.8293
2020-02-05 09:56:21.621483
validation Loss: 0.7615 Acc: 0.7488
2020-02-05 09:56:34.553426

Epoch 51/350
------------------------------
Learning Rate: 0.05
------------------------------
train Loss: 0.5056 Acc: 0.8308
2020-02-05 09:59:49.384236
validation Loss: 0.7786 Acc: 0.7562
2020-02-05 10:00:02.392665

Epoch 52/350
------------------------------
Learning Rate: 0.05
------------------------------
train Loss: 0.5008 Acc: 0.8334
2020-02-05 10:03:16.624872
validation Loss: 0.5346 Acc: 0.8176
2020-02-05 10:03:29.509271

Epoch 53/350
------------------------------
Learning Rate: 0.05
------------------------------
train Loss: 0.5048 Acc: 0.8307
2020-02-05 10:06:42.550195
validation Loss: 0.8232 Acc: 0.7390
2020-02-05 10:06:55.396561

Epoch 54/350
------------------------------
Learning Rate: 0.05
------------------------------
train Loss: 0.5041 Acc: 0.8321
2020-02-05 10:10:09.522302
validation Loss: 0.6874 Acc: 0.7815
2020-02-05 10:10:22.442181

Epoch 55/350
------------------------------
Learning Rate: 0.05
------------------------------
train Loss: 0.4935 Acc: 0.8338
2020-02-05 10:13:36.875447
validation Loss: 0.4718 Acc: 0.8404
2020-02-05 10:13:49.703632

Epoch 56/350
------------------------------
Learning Rate: 0.05
------------------------------
train Loss: 0.5005 Acc: 0.8326
2020-02-05 10:17:03.743643
validation Loss: 0.7559 Acc: 0.7516
2020-02-05 10:17:16.735398

Epoch 57/350
------------------------------
Learning Rate: 0.05
------------------------------
train Loss: 0.4973 Acc: 0.8366
2020-02-05 10:20:30.445118
validation Loss: 0.5082 Acc: 0.8336
2020-02-05 10:20:43.428660

Epoch 58/350
------------------------------
Learning Rate: 0.05
------------------------------
train Loss: 0.4955 Acc: 0.8336
2020-02-05 10:23:56.941062
validation Loss: 0.6640 Acc: 0.7739
2020-02-05 10:24:09.782387

Epoch 59/350
------------------------------
Learning Rate: 0.05
------------------------------
train Loss: 0.4913 Acc: 0.8371
2020-02-05 10:27:24.138399
validation Loss: 0.5799 Acc: 0.8142
2020-02-05 10:27:37.003992

Epoch 60/350
------------------------------
Learning Rate: 0.05
------------------------------
train Loss: 0.5004 Acc: 0.8320
2020-02-05 10:30:50.666666
validation Loss: 0.5985 Acc: 0.8013
2020-02-05 10:31:03.522648

Epoch 61/350
------------------------------
Learning Rate: 0.05
------------------------------
train Loss: 0.4919 Acc: 0.8347
2020-02-05 10:34:17.468809
validation Loss: 1.0787 Acc: 0.6834
2020-02-05 10:34:30.487687

Epoch 62/350
------------------------------
Learning Rate: 0.05
------------------------------
train Loss: 0.4877 Acc: 0.8371
2020-02-05 10:37:44.481798
validation Loss: 0.7408 Acc: 0.7716
2020-02-05 10:37:57.337242

Epoch 63/350
------------------------------
Learning Rate: 0.05
------------------------------
train Loss: 0.4945 Acc: 0.8350
2020-02-05 10:41:12.021520
validation Loss: 0.6253 Acc: 0.8008
2020-02-05 10:41:25.025762

Epoch 64/350
------------------------------
Learning Rate: 0.05
------------------------------
train Loss: 0.4849 Acc: 0.8369
2020-02-05 10:44:39.418814
validation Loss: 0.7735 Acc: 0.7530
2020-02-05 10:44:52.353949

Epoch 65/350
------------------------------
Learning Rate: 0.05
------------------------------
train Loss: 0.4968 Acc: 0.8321
2020-02-05 10:48:07.344698
validation Loss: 0.5748 Acc: 0.8099
2020-02-05 10:48:20.271210

Epoch 66/350
------------------------------
Learning Rate: 0.05
------------------------------
train Loss: 0.4874 Acc: 0.8400
2020-02-05 10:51:34.015762
validation Loss: 0.5529 Acc: 0.8179
2020-02-05 10:51:47.094036

Epoch 67/350
------------------------------
Learning Rate: 0.05
------------------------------
train Loss: 0.4941 Acc: 0.8355
2020-02-05 10:55:01.482156
validation Loss: 0.7647 Acc: 0.7802
2020-02-05 10:55:14.422895

Epoch 68/350
------------------------------
Learning Rate: 0.05
------------------------------
train Loss: 0.4817 Acc: 0.8402
2020-02-05 10:58:27.651113
validation Loss: 0.5836 Acc: 0.8110
2020-02-05 10:58:40.653983

Epoch 69/350
------------------------------
Learning Rate: 0.05
------------------------------
train Loss: 0.4887 Acc: 0.8356
2020-02-05 11:01:54.598754
validation Loss: 0.8000 Acc: 0.7538
2020-02-05 11:02:07.466679

Epoch 70/350
------------------------------
Learning Rate: 0.05
------------------------------
train Loss: 0.4845 Acc: 0.8396
2020-02-05 11:05:20.213616
validation Loss: 0.6852 Acc: 0.7763
2020-02-05 11:05:33.106090

Epoch 71/350
------------------------------
Learning Rate: 0.05
------------------------------
train Loss: 0.4846 Acc: 0.8377
2020-02-05 11:08:46.461432
validation Loss: 0.5847 Acc: 0.8085
2020-02-05 11:08:59.411351

Epoch 72/350
------------------------------
Learning Rate: 0.05
------------------------------
train Loss: 0.4810 Acc: 0.8405
2020-02-05 11:12:13.719084
validation Loss: 0.8845 Acc: 0.7362
2020-02-05 11:12:26.567961

Epoch 73/350
------------------------------
Learning Rate: 0.05
------------------------------
train Loss: 0.4810 Acc: 0.8404
2020-02-05 11:15:41.044418
validation Loss: 0.6329 Acc: 0.7923
2020-02-05 11:15:53.976299

Epoch 74/350
------------------------------
Learning Rate: 0.05
------------------------------
train Loss: 0.4848 Acc: 0.8388
2020-02-05 11:19:08.070366
validation Loss: 0.4554 Acc: 0.8485
2020-02-05 11:19:21.108741

Epoch 75/350
------------------------------
Learning Rate: 0.05
------------------------------
train Loss: 0.4836 Acc: 0.8384
2020-02-05 11:22:36.113916
validation Loss: 0.7285 Acc: 0.7701
2020-02-05 11:22:48.936372

Epoch 76/350
------------------------------
Learning Rate: 0.05
------------------------------
train Loss: 0.4798 Acc: 0.8408
2020-02-05 11:26:03.235740
validation Loss: 0.6794 Acc: 0.7783
2020-02-05 11:26:16.245236

Epoch 77/350
------------------------------
Learning Rate: 0.05
------------------------------
train Loss: 0.4852 Acc: 0.8370
2020-02-05 11:29:31.180245
validation Loss: 0.6389 Acc: 0.7912
2020-02-05 11:29:44.178059

Epoch 78/350
------------------------------
Learning Rate: 0.05
------------------------------
train Loss: 0.4772 Acc: 0.8414
2020-02-05 11:32:58.165165
validation Loss: 0.5624 Acc: 0.8201
2020-02-05 11:33:11.094346

Epoch 79/350
------------------------------
Learning Rate: 0.05
------------------------------
train Loss: 0.4816 Acc: 0.8394
2020-02-05 11:36:25.645885
validation Loss: 1.0230 Acc: 0.7082
2020-02-05 11:36:38.638348

Epoch 80/350
------------------------------
Learning Rate: 0.05
------------------------------
train Loss: 0.4800 Acc: 0.8402
2020-02-05 11:39:53.561486
validation Loss: 0.7476 Acc: 0.7479
2020-02-05 11:40:06.532852

Epoch 81/350
------------------------------
Learning Rate: 0.05
------------------------------
train Loss: 0.4734 Acc: 0.8420
2020-02-05 11:43:21.387355
validation Loss: 0.6131 Acc: 0.7939
2020-02-05 11:43:34.391307

Epoch 82/350
------------------------------
Learning Rate: 0.05
------------------------------
train Loss: 0.4769 Acc: 0.8393
2020-02-05 11:46:48.628004
validation Loss: 0.7517 Acc: 0.7674
2020-02-05 11:47:01.635063

Epoch 83/350
------------------------------
Learning Rate: 0.05
------------------------------
train Loss: 0.4823 Acc: 0.8396
2020-02-05 11:50:16.477156
validation Loss: 0.7029 Acc: 0.7772
2020-02-05 11:50:29.308526

Epoch 84/350
------------------------------
Learning Rate: 0.05
------------------------------
train Loss: 0.4762 Acc: 0.8416
2020-02-05 11:53:42.910393
validation Loss: 1.4429 Acc: 0.6139
2020-02-05 11:53:55.801193

Epoch 85/350
------------------------------
Learning Rate: 0.05
------------------------------
train Loss: 0.4800 Acc: 0.8407
2020-02-05 11:57:10.140292
validation Loss: 0.8815 Acc: 0.7349
2020-02-05 11:57:22.992844

Epoch 86/350
------------------------------
Learning Rate: 0.05
------------------------------
train Loss: 0.4812 Acc: 0.8384
2020-02-05 12:00:37.565039
validation Loss: 0.6572 Acc: 0.7938
2020-02-05 12:00:50.500805

Epoch 87/350
------------------------------
Learning Rate: 0.05
------------------------------
train Loss: 0.4786 Acc: 0.8404
2020-02-05 12:04:04.075319
validation Loss: 0.4268 Acc: 0.8588
2020-02-05 12:04:17.075656

Epoch 88/350
------------------------------
Learning Rate: 0.05
------------------------------
train Loss: 0.4740 Acc: 0.8410
2020-02-05 12:07:31.911842
validation Loss: 0.7226 Acc: 0.7781
2020-02-05 12:07:44.887219

Epoch 89/350
------------------------------
Learning Rate: 0.05
------------------------------
train Loss: 0.4727 Acc: 0.8439
2020-02-05 12:10:59.503186
validation Loss: 0.6850 Acc: 0.7719
2020-02-05 12:11:12.502375

Epoch 90/350
------------------------------
Learning Rate: 0.05
------------------------------
train Loss: 0.4754 Acc: 0.8401
2020-02-05 12:14:26.238738
validation Loss: 0.6657 Acc: 0.7934
2020-02-05 12:14:39.150247

Epoch 91/350
------------------------------
Learning Rate: 0.05
------------------------------
train Loss: 0.4780 Acc: 0.8395
2020-02-05 12:17:54.585739
validation Loss: 0.5356 Acc: 0.8270
2020-02-05 12:18:07.536874

Epoch 92/350
------------------------------
Learning Rate: 0.05
------------------------------
train Loss: 0.4695 Acc: 0.8440
2020-02-05 12:21:20.679370
validation Loss: 0.6227 Acc: 0.7966
2020-02-05 12:21:33.565621

Epoch 93/350
------------------------------
Learning Rate: 0.05
------------------------------
train Loss: 0.4781 Acc: 0.8396
2020-02-05 12:24:47.947019
validation Loss: 0.5454 Acc: 0.8191
2020-02-05 12:25:00.761480

Epoch 94/350
------------------------------
Learning Rate: 0.05
------------------------------
train Loss: 0.4770 Acc: 0.8402
2020-02-05 12:28:15.075616
validation Loss: 0.8260 Acc: 0.7419
2020-02-05 12:28:28.078885

Epoch 95/350
------------------------------
Learning Rate: 0.05
------------------------------
train Loss: 0.4758 Acc: 0.8425
2020-02-05 12:31:42.118944
validation Loss: 0.8079 Acc: 0.7479
2020-02-05 12:31:55.072636

Epoch 96/350
------------------------------
Learning Rate: 0.05
------------------------------
train Loss: 0.4743 Acc: 0.8411
2020-02-05 12:35:09.999244
validation Loss: 0.8786 Acc: 0.7242
2020-02-05 12:35:23.102423

Epoch 97/350
------------------------------
Learning Rate: 0.05
------------------------------
train Loss: 0.4775 Acc: 0.8407
2020-02-05 12:38:36.445498
validation Loss: 0.6070 Acc: 0.8014
2020-02-05 12:38:49.326860

Epoch 98/350
------------------------------
Learning Rate: 0.05
------------------------------
train Loss: 0.4727 Acc: 0.8415
2020-02-05 12:42:03.065425
validation Loss: 0.8570 Acc: 0.7257
2020-02-05 12:42:15.971698

Epoch 99/350
------------------------------
Learning Rate: 0.05
------------------------------
train Loss: 0.4787 Acc: 0.8395
2020-02-05 12:45:29.842716
validation Loss: 0.7127 Acc: 0.7771
2020-02-05 12:45:42.693022

Epoch 100/350
------------------------------
Learning Rate: 0.05
------------------------------
train Loss: 0.4685 Acc: 0.8445
2020-02-05 12:48:57.183308
validation Loss: 0.5342 Acc: 0.8260
2020-02-05 12:49:10.179292

Epoch 101/350
------------------------------
Learning Rate: 0.05
------------------------------
train Loss: 0.4728 Acc: 0.8427
2020-02-05 12:52:25.651702
validation Loss: 0.5255 Acc: 0.8213
2020-02-05 12:52:38.671147

Epoch 102/350
------------------------------
Learning Rate: 0.05
------------------------------
train Loss: 0.4767 Acc: 0.8403
2020-02-05 12:55:53.931871
validation Loss: 0.4824 Acc: 0.8386
2020-02-05 12:56:06.791871

Epoch 103/350
------------------------------
Learning Rate: 0.05
------------------------------
train Loss: 0.4712 Acc: 0.8429
2020-02-05 12:59:20.668176
validation Loss: 0.5666 Acc: 0.8115
2020-02-05 12:59:33.547736

Epoch 104/350
------------------------------
Learning Rate: 0.05
------------------------------
train Loss: 0.4759 Acc: 0.8418
2020-02-05 13:02:47.574661
validation Loss: 0.6380 Acc: 0.7949
2020-02-05 13:03:00.585348

Epoch 105/350
------------------------------
Learning Rate: 0.05
------------------------------
train Loss: 0.4746 Acc: 0.8427
2020-02-05 13:06:13.735741
validation Loss: 1.1840 Acc: 0.6851
2020-02-05 13:06:26.777463

Epoch 106/350
------------------------------
Learning Rate: 0.05
------------------------------
train Loss: 0.4727 Acc: 0.8417
2020-02-05 13:09:40.585742
validation Loss: 0.6924 Acc: 0.7807
2020-02-05 13:09:53.715830

Epoch 107/350
------------------------------
Learning Rate: 0.05
------------------------------
train Loss: 0.4721 Acc: 0.8445
2020-02-05 13:13:07.212587
validation Loss: 0.6431 Acc: 0.7964
2020-02-05 13:13:20.115612

Epoch 108/350
------------------------------
Learning Rate: 0.05
------------------------------
train Loss: 0.4733 Acc: 0.8429
2020-02-05 13:16:34.250204
validation Loss: 0.6557 Acc: 0.7930
2020-02-05 13:16:47.132414

Epoch 109/350
------------------------------
Learning Rate: 0.05
------------------------------
train Loss: 0.4753 Acc: 0.8417
2020-02-05 13:20:01.167124
validation Loss: 0.5948 Acc: 0.8087
2020-02-05 13:20:14.015139

Epoch 110/350
------------------------------
Learning Rate: 0.05
------------------------------
train Loss: 0.4698 Acc: 0.8426
2020-02-05 13:23:27.069896
validation Loss: 0.5427 Acc: 0.8211
2020-02-05 13:23:40.075623

Epoch 111/350
------------------------------
Learning Rate: 0.05
------------------------------
train Loss: 0.4731 Acc: 0.8415
2020-02-05 13:26:53.548023
validation Loss: 0.7472 Acc: 0.7790
2020-02-05 13:27:06.531016

Epoch 112/350
------------------------------
Learning Rate: 0.05
------------------------------
train Loss: 0.4701 Acc: 0.8434
2020-02-05 13:30:19.845254
validation Loss: 0.5433 Acc: 0.8235
2020-02-05 13:30:32.941684

Epoch 113/350
------------------------------
Learning Rate: 0.05
------------------------------
train Loss: 0.4706 Acc: 0.8434
2020-02-05 13:33:47.380976
validation Loss: 0.7440 Acc: 0.7669
2020-02-05 13:34:00.354459

Epoch 114/350
------------------------------
Learning Rate: 0.05
------------------------------
train Loss: 0.4711 Acc: 0.8423
2020-02-05 13:37:14.223694
validation Loss: 0.5224 Acc: 0.8278
2020-02-05 13:37:27.178134

Epoch 115/350
------------------------------
Learning Rate: 0.05
------------------------------
train Loss: 0.4755 Acc: 0.8420
2020-02-05 13:40:40.023450
validation Loss: 0.5954 Acc: 0.8003
2020-02-05 13:40:52.848302

Epoch 116/350
------------------------------
Learning Rate: 0.05
------------------------------
train Loss: 0.4692 Acc: 0.8433
2020-02-05 13:44:07.523746
validation Loss: 0.5420 Acc: 0.8215
2020-02-05 13:44:20.482296

Epoch 117/350
------------------------------
Learning Rate: 0.05
------------------------------
train Loss: 0.4697 Acc: 0.8468
2020-02-05 13:47:31.931419
validation Loss: 0.6472 Acc: 0.7895
2020-02-05 13:47:44.894419

Epoch 118/350
------------------------------
Learning Rate: 0.05
------------------------------
train Loss: 0.4686 Acc: 0.8433
2020-02-05 13:50:57.658533
validation Loss: 0.5330 Acc: 0.8236
2020-02-05 13:51:10.678506

Epoch 119/350
------------------------------
Learning Rate: 0.05
------------------------------
train Loss: 0.4715 Acc: 0.8444
2020-02-05 13:54:22.959170
validation Loss: 0.5837 Acc: 0.8088
2020-02-05 13:54:35.836369

Epoch 120/350
------------------------------
Learning Rate: 0.05
------------------------------
train Loss: 0.4745 Acc: 0.8413
2020-02-05 13:57:49.338180
validation Loss: 0.8892 Acc: 0.7076
2020-02-05 13:58:02.240079

Epoch 121/350
------------------------------
Learning Rate: 0.05
------------------------------
train Loss: 0.4655 Acc: 0.8458
2020-02-05 14:01:16.302769
validation Loss: 0.8303 Acc: 0.7532
2020-02-05 14:01:29.202125

Epoch 122/350
------------------------------
Learning Rate: 0.05
------------------------------
train Loss: 0.4745 Acc: 0.8424
2020-02-05 14:04:42.348295
validation Loss: 0.5495 Acc: 0.8221
2020-02-05 14:04:55.312120

Epoch 123/350
------------------------------
Learning Rate: 0.05
------------------------------
train Loss: 0.4658 Acc: 0.8451
2020-02-05 14:08:07.119593
validation Loss: 0.4906 Acc: 0.8399
2020-02-05 14:08:20.114955

Epoch 124/350
------------------------------
Learning Rate: 0.05
------------------------------
train Loss: 0.4631 Acc: 0.8449
2020-02-05 14:11:34.129458
validation Loss: 0.8124 Acc: 0.7500
2020-02-05 14:11:46.992402

Epoch 125/350
------------------------------
Learning Rate: 0.05
------------------------------
train Loss: 0.4726 Acc: 0.8427
2020-02-05 14:15:00.302050
validation Loss: 0.9208 Acc: 0.7100
2020-02-05 14:15:13.301982

Epoch 126/350
------------------------------
Learning Rate: 0.05
------------------------------
train Loss: 0.4672 Acc: 0.8427
2020-02-05 14:18:26.812785
validation Loss: 0.7421 Acc: 0.7615
2020-02-05 14:18:39.807261

Epoch 127/350
------------------------------
Learning Rate: 0.05
------------------------------
train Loss: 0.4578 Acc: 0.8487
2020-02-05 14:21:54.222181
validation Loss: 0.7069 Acc: 0.7612
2020-02-05 14:22:07.170422

Epoch 128/350
------------------------------
Learning Rate: 0.05
------------------------------
train Loss: 0.4629 Acc: 0.8450
2020-02-05 14:25:21.047163
validation Loss: 0.6608 Acc: 0.7932
2020-02-05 14:25:34.107912

Epoch 129/350
------------------------------
Learning Rate: 0.05
------------------------------
train Loss: 0.4671 Acc: 0.8442
2020-02-05 14:28:48.084865
validation Loss: 0.6303 Acc: 0.8012
2020-02-05 14:29:01.075547

Epoch 130/350
------------------------------
Learning Rate: 0.05
------------------------------
train Loss: 0.4633 Acc: 0.8457
2020-02-05 14:32:15.367870
validation Loss: 0.5826 Acc: 0.8137
2020-02-05 14:32:28.259296

Epoch 131/350
------------------------------
Learning Rate: 0.05
------------------------------
train Loss: 0.4608 Acc: 0.8458
2020-02-05 14:35:42.876829
validation Loss: 1.0303 Acc: 0.7001
2020-02-05 14:35:55.767421

Epoch 132/350
------------------------------
Learning Rate: 0.05
------------------------------
train Loss: 0.4670 Acc: 0.8425
2020-02-05 14:39:09.345643
validation Loss: 0.5225 Acc: 0.8274
2020-02-05 14:39:22.209167

Epoch 133/350
------------------------------
Learning Rate: 0.05
------------------------------
train Loss: 0.4666 Acc: 0.8442
2020-02-05 14:42:36.215749
validation Loss: 0.5400 Acc: 0.8230
2020-02-05 14:42:49.143400

Epoch 134/350
------------------------------
Learning Rate: 0.05
------------------------------
train Loss: 0.4588 Acc: 0.8461
2020-02-05 14:46:02.358447
validation Loss: 0.5701 Acc: 0.8087
2020-02-05 14:46:15.259631

Epoch 135/350
------------------------------
Learning Rate: 0.05
------------------------------
train Loss: 0.4654 Acc: 0.8438
2020-02-05 14:49:30.169871
validation Loss: 0.9121 Acc: 0.7145
2020-02-05 14:49:43.199731

Epoch 136/350
------------------------------
Learning Rate: 0.05
------------------------------
train Loss: 0.4623 Acc: 0.8475
2020-02-05 14:52:57.012701
validation Loss: 0.7238 Acc: 0.7790
2020-02-05 14:53:10.030751

Epoch 137/350
------------------------------
Learning Rate: 0.05
------------------------------
train Loss: 0.4726 Acc: 0.8440
2020-02-05 14:56:24.280778
validation Loss: 0.7398 Acc: 0.7621
2020-02-05 14:56:37.303614

Epoch 138/350
------------------------------
Learning Rate: 0.05
------------------------------
train Loss: 0.4582 Acc: 0.8480
2020-02-05 14:59:50.511703
validation Loss: 0.5770 Acc: 0.8068
2020-02-05 15:00:03.477248

Epoch 139/350
------------------------------
Learning Rate: 0.05
------------------------------
train Loss: 0.4709 Acc: 0.8436
2020-02-05 15:03:17.337196
validation Loss: 0.9147 Acc: 0.7242
2020-02-05 15:03:30.194005

Epoch 140/350
------------------------------
Learning Rate: 0.05
------------------------------
train Loss: 0.4707 Acc: 0.8435
2020-02-05 15:06:44.525457
validation Loss: 0.7314 Acc: 0.7729
2020-02-05 15:06:57.487905

Epoch 141/350
------------------------------
Learning Rate: 0.05
------------------------------
train Loss: 0.4620 Acc: 0.8474
2020-02-05 15:10:11.321984
validation Loss: 0.6811 Acc: 0.7803
2020-02-05 15:10:24.334036

Epoch 142/350
------------------------------
Learning Rate: 0.05
------------------------------
train Loss: 0.4672 Acc: 0.8445
2020-02-05 15:13:38.231120
validation Loss: 0.8776 Acc: 0.7201
2020-02-05 15:13:51.229423

Epoch 143/350
------------------------------
Learning Rate: 0.05
------------------------------
train Loss: 0.4641 Acc: 0.8452
2020-02-05 15:17:04.860869
validation Loss: 0.6966 Acc: 0.7895
2020-02-05 15:17:18.036861

Epoch 144/350
------------------------------
Learning Rate: 0.05
------------------------------
train Loss: 0.4648 Acc: 0.8457
2020-02-05 15:20:31.556973
validation Loss: 0.6387 Acc: 0.7922
2020-02-05 15:20:44.508447

Epoch 145/350
------------------------------
Learning Rate: 0.05
------------------------------
train Loss: 0.4665 Acc: 0.8431
2020-02-05 15:23:59.071618
validation Loss: 0.5247 Acc: 0.8268
2020-02-05 15:24:12.077503

Epoch 146/350
------------------------------
Learning Rate: 0.05
------------------------------
train Loss: 0.4633 Acc: 0.8456
2020-02-05 15:27:26.896304
validation Loss: 0.4245 Acc: 0.8602
2020-02-05 15:27:39.968012

Epoch 147/350
------------------------------
Learning Rate: 0.05
------------------------------
train Loss: 0.4601 Acc: 0.8463
2020-02-05 15:30:54.404834
validation Loss: 0.5576 Acc: 0.8162
2020-02-05 15:31:07.309748

Epoch 148/350
------------------------------
Learning Rate: 0.05
------------------------------
train Loss: 0.4632 Acc: 0.8458
2020-02-05 15:34:21.658530
validation Loss: 0.6615 Acc: 0.7949
2020-02-05 15:34:34.676560

Epoch 149/350
------------------------------
Learning Rate: 0.05
------------------------------
train Loss: 0.4643 Acc: 0.8452
2020-02-05 15:37:48.915214
validation Loss: 0.7182 Acc: 0.7890
2020-02-05 15:38:01.800584

Epoch 150/350
------------------------------
Learning Rate: 0.05
------------------------------
train Loss: 0.4633 Acc: 0.8464
2020-02-05 15:41:16.251025
validation Loss: 0.5487 Acc: 0.8226
2020-02-05 15:41:29.162293

Epoch 151/350
------------------------------
Learning Rate: 0.05
------------------------------
train Loss: 0.4634 Acc: 0.8458
2020-02-05 15:44:43.481579
validation Loss: 0.5600 Acc: 0.8173
2020-02-05 15:44:56.475500

Epoch 152/350
------------------------------
Learning Rate: 0.05
------------------------------
train Loss: 0.4649 Acc: 0.8459
2020-02-05 15:48:11.519624
validation Loss: 0.4996 Acc: 0.8385
2020-02-05 15:48:24.478982

Epoch 153/350
------------------------------
Learning Rate: 0.05
------------------------------
train Loss: 0.4619 Acc: 0.8463
2020-02-05 15:51:38.397958
validation Loss: 0.4834 Acc: 0.8466
2020-02-05 15:51:51.214932

Epoch 154/350
------------------------------
Learning Rate: 0.05
------------------------------
train Loss: 0.4604 Acc: 0.8478
2020-02-05 15:55:04.807852
validation Loss: 0.6488 Acc: 0.7907
2020-02-05 15:55:17.697146

Epoch 155/350
------------------------------
Learning Rate: 0.05
------------------------------
train Loss: 0.4636 Acc: 0.8472
2020-02-05 15:58:33.201782
validation Loss: 0.7574 Acc: 0.7511
2020-02-05 15:58:46.183119

Epoch 156/350
------------------------------
Learning Rate: 0.05
------------------------------
train Loss: 0.4619 Acc: 0.8462
2020-02-05 16:02:00.709168
validation Loss: 0.5519 Acc: 0.8147
2020-02-05 16:02:13.583151

Epoch 157/350
------------------------------
Learning Rate: 0.05
------------------------------
train Loss: 0.4582 Acc: 0.8468
2020-02-05 16:05:28.183536
validation Loss: 0.6679 Acc: 0.7834
2020-02-05 16:05:41.132069

Epoch 158/350
------------------------------
Learning Rate: 0.05
------------------------------
train Loss: 0.4592 Acc: 0.8471
2020-02-05 16:08:55.652702
validation Loss: 0.5313 Acc: 0.8262
2020-02-05 16:09:08.532898

Epoch 159/350
------------------------------
Learning Rate: 0.05
------------------------------
train Loss: 0.4598 Acc: 0.8482
2020-02-05 16:12:22.203504
validation Loss: 0.4326 Acc: 0.8576
2020-02-05 16:12:35.106130

Epoch 160/350
------------------------------
Learning Rate: 0.05
------------------------------
train Loss: 0.4583 Acc: 0.8470
2020-02-05 16:15:49.168241
validation Loss: 0.4874 Acc: 0.8386
2020-02-05 16:16:02.114828

Epoch 161/350
------------------------------
Learning Rate: 0.05
------------------------------
train Loss: 0.4638 Acc: 0.8459
2020-02-05 16:19:16.372451
validation Loss: 0.5983 Acc: 0.7990
2020-02-05 16:19:29.232001

Epoch 162/350
------------------------------
Learning Rate: 0.05
------------------------------
train Loss: 0.4582 Acc: 0.8474
2020-02-05 16:22:43.731394
validation Loss: 0.6384 Acc: 0.7933
2020-02-05 16:22:56.738039

Epoch 163/350
------------------------------
Learning Rate: 0.05
------------------------------
train Loss: 0.4599 Acc: 0.8463
2020-02-05 16:26:11.000029
validation Loss: 0.5527 Acc: 0.8134
2020-02-05 16:26:23.940884

Epoch 164/350
------------------------------
Learning Rate: 0.05
------------------------------
train Loss: 0.4626 Acc: 0.8461
2020-02-05 16:29:38.287149
validation Loss: 0.4687 Acc: 0.8419
2020-02-05 16:29:51.178891

Epoch 165/350
------------------------------
Learning Rate: 0.05
------------------------------
train Loss: 0.4647 Acc: 0.8445
2020-02-05 16:33:05.026894
validation Loss: 0.9802 Acc: 0.7010
2020-02-05 16:33:17.884002

Epoch 166/350
------------------------------
Learning Rate: 0.05
------------------------------
train Loss: 0.4635 Acc: 0.8467
2020-02-05 16:36:31.745638
validation Loss: 0.6682 Acc: 0.7870
2020-02-05 16:36:44.746380

Epoch 167/350
------------------------------
Learning Rate: 0.05
------------------------------
train Loss: 0.4611 Acc: 0.8485
2020-02-05 16:39:58.918846
validation Loss: 0.5269 Acc: 0.8352
2020-02-05 16:40:11.796667

Epoch 168/350
------------------------------
Learning Rate: 0.05
------------------------------
train Loss: 0.4637 Acc: 0.8466
2020-02-05 16:43:25.997955
validation Loss: 0.5201 Acc: 0.8327
2020-02-05 16:43:39.045282

Epoch 169/350
------------------------------
Learning Rate: 0.05
------------------------------
train Loss: 0.4635 Acc: 0.8460
2020-02-05 16:46:52.803152
validation Loss: 0.5258 Acc: 0.8283
2020-02-05 16:47:05.732237

Epoch 170/350
------------------------------
Learning Rate: 0.05
------------------------------
train Loss: 0.4605 Acc: 0.8478
2020-02-05 16:50:20.405553
validation Loss: 0.6085 Acc: 0.8049
2020-02-05 16:50:33.410971

Epoch 171/350
------------------------------
Learning Rate: 0.05
------------------------------
train Loss: 0.4671 Acc: 0.8444
2020-02-05 16:53:47.739167
validation Loss: 0.7082 Acc: 0.7777
2020-02-05 16:54:00.710154

Epoch 172/350
------------------------------
Learning Rate: 0.05
------------------------------
train Loss: 0.4638 Acc: 0.8457
2020-02-05 16:57:15.199243
validation Loss: 0.5858 Acc: 0.8161
2020-02-05 16:57:28.167985

Epoch 173/350
------------------------------
Learning Rate: 0.05
------------------------------
train Loss: 0.4618 Acc: 0.8477
2020-02-05 17:00:42.209572
validation Loss: 0.5128 Acc: 0.8336
2020-02-05 17:00:55.193421

Epoch 174/350
------------------------------
Learning Rate: 0.05
------------------------------
train Loss: 0.4601 Acc: 0.8474
2020-02-05 17:04:10.018475
validation Loss: 0.8554 Acc: 0.7373
2020-02-05 17:04:22.834252

Epoch 175/350
------------------------------
Learning Rate: 0.05
------------------------------
train Loss: 0.4581 Acc: 0.8481
2020-02-05 17:07:36.990284
validation Loss: 0.4155 Acc: 0.8608
2020-02-05 17:07:49.892940

Epoch 176/350
------------------------------
Learning Rate: 0.05
------------------------------
train Loss: 0.4603 Acc: 0.8471
2020-02-05 17:11:04.321982
validation Loss: 0.6895 Acc: 0.7758
2020-02-05 17:11:17.296487

Epoch 177/350
------------------------------
Learning Rate: 0.05
------------------------------
train Loss: 0.4600 Acc: 0.8483
2020-02-05 17:14:30.770211
validation Loss: 0.7112 Acc: 0.7762
2020-02-05 17:14:43.590837

Epoch 178/350
------------------------------
Learning Rate: 0.05
------------------------------
train Loss: 0.4621 Acc: 0.8459
2020-02-05 17:17:56.851540
validation Loss: 0.6306 Acc: 0.8108
2020-02-05 17:18:09.816739

Epoch 179/350
------------------------------
Learning Rate: 0.05
------------------------------
train Loss: 0.4667 Acc: 0.8457
2020-02-05 17:21:24.226676
validation Loss: 0.6175 Acc: 0.7986
2020-02-05 17:21:37.173639

Epoch 180/350
------------------------------
Learning Rate: 0.05
------------------------------
train Loss: 0.4567 Acc: 0.8481
2020-02-05 17:24:51.190170
validation Loss: 0.8167 Acc: 0.7570
2020-02-05 17:25:04.109383

Epoch 181/350
------------------------------
Learning Rate: 0.05
------------------------------
train Loss: 0.4636 Acc: 0.8472
2020-02-05 17:28:17.936578
validation Loss: 0.5799 Acc: 0.8069
2020-02-05 17:28:30.789159

Epoch 182/350
------------------------------
Learning Rate: 0.05
------------------------------
train Loss: 0.4545 Acc: 0.8491
2020-02-05 17:31:44.104950
validation Loss: 0.5691 Acc: 0.8191
2020-02-05 17:31:56.946264

Epoch 183/350
------------------------------
Learning Rate: 0.05
------------------------------
train Loss: 0.4669 Acc: 0.8446
2020-02-05 17:35:10.557761
validation Loss: 0.5440 Acc: 0.8162
2020-02-05 17:35:23.557747

Epoch 184/350
------------------------------
Learning Rate: 0.05
------------------------------
train Loss: 0.4625 Acc: 0.8449
2020-02-05 17:38:37.284754
validation Loss: 0.7714 Acc: 0.7596
2020-02-05 17:38:50.083116

Epoch 185/350
------------------------------
Learning Rate: 0.05
------------------------------
train Loss: 0.4627 Acc: 0.8449
2020-02-05 17:42:03.049696
validation Loss: 0.7894 Acc: 0.7710
2020-02-05 17:42:16.120300

Epoch 186/350
------------------------------
Learning Rate: 0.05
------------------------------
train Loss: 0.4589 Acc: 0.8473
2020-02-05 17:45:29.790952
validation Loss: 0.6266 Acc: 0.8054
2020-02-05 17:45:42.748968

Epoch 187/350
------------------------------
Learning Rate: 0.05
------------------------------
train Loss: 0.4522 Acc: 0.8515
2020-02-05 17:48:57.692399
validation Loss: 0.7518 Acc: 0.7628
2020-02-05 17:49:10.762113

Epoch 188/350
------------------------------
Learning Rate: 0.05
------------------------------
train Loss: 0.4598 Acc: 0.8466
2020-02-05 17:52:23.747593
validation Loss: 0.6645 Acc: 0.7852
2020-02-05 17:52:36.648428

Epoch 189/350
------------------------------
Learning Rate: 0.05
------------------------------
train Loss: 0.4547 Acc: 0.8492
2020-02-05 17:55:50.309526
validation Loss: 0.7542 Acc: 0.7632
2020-02-05 17:56:03.327566

Epoch 190/350
------------------------------
Learning Rate: 0.05
------------------------------
train Loss: 0.4595 Acc: 0.8477
2020-02-05 17:59:18.272185
validation Loss: 0.6235 Acc: 0.7996
2020-02-05 17:59:31.137854

Epoch 191/350
------------------------------
Learning Rate: 0.05
------------------------------
train Loss: 0.4581 Acc: 0.8463
2020-02-05 18:02:44.581946
validation Loss: 0.4444 Acc: 0.8501
2020-02-05 18:02:57.487305

Epoch 192/350
------------------------------
Learning Rate: 0.05
------------------------------
train Loss: 0.4584 Acc: 0.8471
2020-02-05 18:06:11.223154
validation Loss: 0.6987 Acc: 0.7872
2020-02-05 18:06:24.218914

Epoch 193/350
------------------------------
Learning Rate: 0.05
------------------------------
train Loss: 0.4607 Acc: 0.8459
2020-02-05 18:09:38.354418
validation Loss: 0.8937 Acc: 0.7306
2020-02-05 18:09:51.329875

Epoch 194/350
------------------------------
Learning Rate: 0.05
------------------------------
train Loss: 0.4564 Acc: 0.8493
2020-02-05 18:13:06.377749
validation Loss: 0.5893 Acc: 0.8129
2020-02-05 18:13:19.253362

Epoch 195/350
------------------------------
Learning Rate: 0.05
------------------------------
train Loss: 0.4601 Acc: 0.8464
2020-02-05 18:16:33.664579
validation Loss: 0.6585 Acc: 0.7782
2020-02-05 18:16:46.528741

Epoch 196/350
------------------------------
Learning Rate: 0.05
------------------------------
train Loss: 0.4563 Acc: 0.8486
2020-02-05 18:20:00.894921
validation Loss: 0.6135 Acc: 0.8056
2020-02-05 18:20:13.868682

Epoch 197/350
------------------------------
Learning Rate: 0.05
------------------------------
train Loss: 0.4635 Acc: 0.8461
2020-02-05 18:23:28.019572
validation Loss: 0.8016 Acc: 0.7522
2020-02-05 18:23:41.010727

Epoch 198/350
------------------------------
Learning Rate: 0.05
------------------------------
train Loss: 0.4511 Acc: 0.8484
2020-02-05 18:26:54.430388
validation Loss: 0.7043 Acc: 0.7864
2020-02-05 18:27:07.436899

Epoch 199/350
------------------------------
Learning Rate: 0.05
------------------------------
train Loss: 0.4616 Acc: 0.8450
2020-02-05 18:30:22.313236
validation Loss: 0.4600 Acc: 0.8514
2020-02-05 18:30:35.116056

Epoch 200/350
------------------------------
Learning Rate: 0.05
------------------------------
train Loss: 0.4589 Acc: 0.8471
2020-02-05 18:33:49.476723
validation Loss: 0.5691 Acc: 0.8149
2020-02-05 18:34:02.451489

Epoch 201/350
------------------------------
Learning Rate: 0.005000000000000001
------------------------------
train Loss: 0.3037 Acc: 0.9006
2020-02-05 18:37:16.357040
validation Loss: 0.2690 Acc: 0.9088
2020-02-05 18:37:29.185928

Epoch 202/350
------------------------------
Learning Rate: 0.005000000000000001
------------------------------
train Loss: 0.2598 Acc: 0.9160
2020-02-05 18:40:43.899445
validation Loss: 0.2574 Acc: 0.9126
2020-02-05 18:40:56.793097

Epoch 203/350
------------------------------
Learning Rate: 0.005000000000000001
------------------------------
train Loss: 0.2400 Acc: 0.9208
2020-02-05 18:44:11.180532
validation Loss: 0.2703 Acc: 0.9090
2020-02-05 18:44:24.129176

Epoch 204/350
------------------------------
Learning Rate: 0.005000000000000001
------------------------------
train Loss: 0.2297 Acc: 0.9258
2020-02-05 18:47:37.466008
validation Loss: 0.2467 Acc: 0.9184
2020-02-05 18:47:50.341371

Epoch 205/350
------------------------------
Learning Rate: 0.005000000000000001
------------------------------
train Loss: 0.2186 Acc: 0.9289
2020-02-05 18:51:04.729824
validation Loss: 0.2497 Acc: 0.9174
2020-02-05 18:51:17.729027

Epoch 206/350
------------------------------
Learning Rate: 0.005000000000000001
------------------------------
train Loss: 0.2089 Acc: 0.9320
2020-02-05 18:54:30.752491
validation Loss: 0.2553 Acc: 0.9147
2020-02-05 18:54:43.623810

Epoch 207/350
------------------------------
Learning Rate: 0.005000000000000001
------------------------------
train Loss: 0.2022 Acc: 0.9343
2020-02-05 18:57:58.276371
validation Loss: 0.2400 Acc: 0.9197
2020-02-05 18:58:11.237865

Epoch 208/350
------------------------------
Learning Rate: 0.005000000000000001
------------------------------
train Loss: 0.1944 Acc: 0.9376
2020-02-05 19:01:25.470116
validation Loss: 0.2657 Acc: 0.9123
2020-02-05 19:01:38.405854

Epoch 209/350
------------------------------
Learning Rate: 0.005000000000000001
------------------------------
train Loss: 0.1901 Acc: 0.9384
2020-02-05 19:04:52.371779
validation Loss: 0.2348 Acc: 0.9236
2020-02-05 19:05:05.384645

Epoch 210/350
------------------------------
Learning Rate: 0.005000000000000001
------------------------------
train Loss: 0.1869 Acc: 0.9397
2020-02-05 19:08:19.567403
validation Loss: 0.2631 Acc: 0.9156
2020-02-05 19:08:32.494838

Epoch 211/350
------------------------------
Learning Rate: 0.005000000000000001
------------------------------
train Loss: 0.1846 Acc: 0.9399
2020-02-05 19:11:46.266692
validation Loss: 0.2475 Acc: 0.9180
2020-02-05 19:11:59.160020

Epoch 212/350
------------------------------
Learning Rate: 0.005000000000000001
------------------------------
train Loss: 0.1784 Acc: 0.9423
2020-02-05 19:15:13.290547
validation Loss: 0.2875 Acc: 0.9083
2020-02-05 19:15:26.261479

Epoch 213/350
------------------------------
Learning Rate: 0.005000000000000001
------------------------------
train Loss: 0.1755 Acc: 0.9438
2020-02-05 19:18:39.073235
validation Loss: 0.2547 Acc: 0.9203
2020-02-05 19:18:52.096670

Epoch 214/350
------------------------------
Learning Rate: 0.005000000000000001
------------------------------
train Loss: 0.1759 Acc: 0.9438
2020-02-05 19:22:05.767736
validation Loss: 0.2514 Acc: 0.9164
2020-02-05 19:22:18.716386

Epoch 215/350
------------------------------
Learning Rate: 0.005000000000000001
------------------------------
train Loss: 0.1679 Acc: 0.9455
2020-02-05 19:25:32.697078
validation Loss: 0.2309 Acc: 0.9262
2020-02-05 19:25:45.742972

Epoch 216/350
------------------------------
Learning Rate: 0.005000000000000001
------------------------------
train Loss: 0.1677 Acc: 0.9455
2020-02-05 19:29:00.418715
validation Loss: 0.2665 Acc: 0.9173
2020-02-05 19:29:13.293173

Epoch 217/350
------------------------------
Learning Rate: 0.005000000000000001
------------------------------
train Loss: 0.1724 Acc: 0.9444
2020-02-05 19:32:27.446687
validation Loss: 0.2347 Acc: 0.9239
2020-02-05 19:32:40.330874

Epoch 218/350
------------------------------
Learning Rate: 0.005000000000000001
------------------------------
train Loss: 0.1624 Acc: 0.9487
2020-02-05 19:35:52.947289
validation Loss: 0.2784 Acc: 0.9110
2020-02-05 19:36:05.948472

Epoch 219/350
------------------------------
Learning Rate: 0.005000000000000001
------------------------------
train Loss: 0.1627 Acc: 0.9470
2020-02-05 19:39:19.832383
validation Loss: 0.2612 Acc: 0.9184
2020-02-05 19:39:32.769108

Epoch 220/350
------------------------------
Learning Rate: 0.005000000000000001
------------------------------
train Loss: 0.1623 Acc: 0.9470
2020-02-05 19:42:47.002026
validation Loss: 0.2592 Acc: 0.9187
2020-02-05 19:42:59.912948

Epoch 221/350
------------------------------
Learning Rate: 0.005000000000000001
------------------------------
train Loss: 0.1584 Acc: 0.9490
2020-02-05 19:46:13.178392
validation Loss: 0.2683 Acc: 0.9168
2020-02-05 19:46:26.249168

Epoch 222/350
------------------------------
Learning Rate: 0.005000000000000001
------------------------------
train Loss: 0.1591 Acc: 0.9489
2020-02-05 19:49:40.211436
validation Loss: 0.2722 Acc: 0.9124
2020-02-05 19:49:53.082201

Epoch 223/350
------------------------------
Learning Rate: 0.005000000000000001
------------------------------
train Loss: 0.1569 Acc: 0.9508
2020-02-05 19:53:06.942851
validation Loss: 0.2558 Acc: 0.9207
2020-02-05 19:53:20.022446

Epoch 224/350
------------------------------
Learning Rate: 0.005000000000000001
------------------------------
train Loss: 0.1551 Acc: 0.9498
2020-02-05 19:56:34.617959
validation Loss: 0.2520 Acc: 0.9207
2020-02-05 19:56:47.502959

Epoch 225/350
------------------------------
Learning Rate: 0.005000000000000001
------------------------------
train Loss: 0.1604 Acc: 0.9486
2020-02-05 20:00:01.221700
validation Loss: 0.2499 Acc: 0.9205
2020-02-05 20:00:14.235485

Epoch 226/350
------------------------------
Learning Rate: 0.005000000000000001
------------------------------
train Loss: 0.1522 Acc: 0.9513
2020-02-05 20:03:27.995770
validation Loss: 0.2910 Acc: 0.9126
2020-02-05 20:03:40.897678

Epoch 227/350
------------------------------
Learning Rate: 0.005000000000000001
------------------------------
train Loss: 0.1507 Acc: 0.9514
2020-02-05 20:06:54.819711
validation Loss: 0.2516 Acc: 0.9196
2020-02-05 20:07:07.692503

Epoch 228/350
------------------------------
Learning Rate: 0.005000000000000001
------------------------------
train Loss: 0.1529 Acc: 0.9506
2020-02-05 20:10:19.862059
validation Loss: 0.3080 Acc: 0.9050
2020-02-05 20:10:32.761866

Epoch 229/350
------------------------------
Learning Rate: 0.005000000000000001
------------------------------
train Loss: 0.1574 Acc: 0.9496
2020-02-05 20:13:46.678787
validation Loss: 0.2775 Acc: 0.9158
2020-02-05 20:13:59.712724

Epoch 230/350
------------------------------
Learning Rate: 0.005000000000000001
------------------------------
train Loss: 0.1539 Acc: 0.9504
2020-02-05 20:17:14.358352
validation Loss: 0.2817 Acc: 0.9106
2020-02-05 20:17:27.356456

Epoch 231/350
------------------------------
Learning Rate: 0.005000000000000001
------------------------------
train Loss: 0.1560 Acc: 0.9494
2020-02-05 20:20:41.553867
validation Loss: 0.2758 Acc: 0.9109
2020-02-05 20:20:54.543074

Epoch 232/350
------------------------------
Learning Rate: 0.005000000000000001
------------------------------
train Loss: 0.1528 Acc: 0.9503
2020-02-05 20:24:08.944408
validation Loss: 0.2955 Acc: 0.9129
2020-02-05 20:24:21.969210

Epoch 233/350
------------------------------
Learning Rate: 0.005000000000000001
------------------------------
train Loss: 0.1520 Acc: 0.9525
2020-02-05 20:27:35.613175
validation Loss: 0.3769 Acc: 0.8895
2020-02-05 20:27:48.583698

Epoch 234/350
------------------------------
Learning Rate: 0.005000000000000001
------------------------------
train Loss: 0.1536 Acc: 0.9506
2020-02-05 20:31:02.254572
validation Loss: 0.3285 Acc: 0.9027
2020-02-05 20:31:15.176896

Epoch 235/350
------------------------------
Learning Rate: 0.005000000000000001
------------------------------
train Loss: 0.1541 Acc: 0.9505
2020-02-05 20:34:29.131887
validation Loss: 0.2932 Acc: 0.9110
2020-02-05 20:34:42.137317

Epoch 236/350
------------------------------
Learning Rate: 0.005000000000000001
------------------------------
train Loss: 0.1549 Acc: 0.9500
2020-02-05 20:37:56.251834
validation Loss: 0.2655 Acc: 0.9140
2020-02-05 20:38:09.254732

Epoch 237/350
------------------------------
Learning Rate: 0.005000000000000001
------------------------------
train Loss: 0.1505 Acc: 0.9522
2020-02-05 20:41:22.440647
validation Loss: 0.2761 Acc: 0.9152
2020-02-05 20:41:35.424175

Epoch 238/350
------------------------------
Learning Rate: 0.005000000000000001
------------------------------
train Loss: 0.1525 Acc: 0.9509
2020-02-05 20:44:48.426827
validation Loss: 0.2618 Acc: 0.9186
2020-02-05 20:45:01.252785

Epoch 239/350
------------------------------
Learning Rate: 0.005000000000000001
------------------------------
train Loss: 0.1541 Acc: 0.9501
2020-02-05 20:48:15.818194
validation Loss: 0.2597 Acc: 0.9223
2020-02-05 20:48:28.844135

Epoch 240/350
------------------------------
Learning Rate: 0.005000000000000001
------------------------------
train Loss: 0.1546 Acc: 0.9502
2020-02-05 20:51:42.919718
validation Loss: 0.2844 Acc: 0.9133
2020-02-05 20:51:55.799115

Epoch 241/350
------------------------------
Learning Rate: 0.005000000000000001
------------------------------
train Loss: 0.1530 Acc: 0.9512
2020-02-05 20:55:10.310579
validation Loss: 0.3063 Acc: 0.9035
2020-02-05 20:55:23.137786

Epoch 242/350
------------------------------
Learning Rate: 0.005000000000000001
------------------------------
train Loss: 0.1554 Acc: 0.9514
2020-02-05 20:58:37.701686
validation Loss: 0.2714 Acc: 0.9156
2020-02-05 20:58:50.590402

Epoch 243/350
------------------------------
Learning Rate: 0.005000000000000001
------------------------------
train Loss: 0.1523 Acc: 0.9511
2020-02-05 21:02:05.000807
validation Loss: 0.2886 Acc: 0.9114
2020-02-05 21:02:17.855451

Epoch 244/350
------------------------------
Learning Rate: 0.005000000000000001
------------------------------
train Loss: 0.1555 Acc: 0.9503
2020-02-05 21:05:31.993794
validation Loss: 0.3126 Acc: 0.9030
2020-02-05 21:05:44.895648

Epoch 245/350
------------------------------
Learning Rate: 0.005000000000000001
------------------------------
train Loss: 0.1499 Acc: 0.9513
2020-02-05 21:08:58.328692
validation Loss: 0.2819 Acc: 0.9132
2020-02-05 21:09:11.296061

Epoch 246/350
------------------------------
Learning Rate: 0.005000000000000001
------------------------------
train Loss: 0.1520 Acc: 0.9512
2020-02-05 21:12:25.982822
validation Loss: 0.2591 Acc: 0.9221
2020-02-05 21:12:39.021700

Epoch 247/350
------------------------------
Learning Rate: 0.005000000000000001
------------------------------
train Loss: 0.1548 Acc: 0.9501
2020-02-05 21:15:52.308688
validation Loss: 0.2942 Acc: 0.9116
2020-02-05 21:16:05.158698

Epoch 248/350
------------------------------
Learning Rate: 0.005000000000000001
------------------------------
train Loss: 0.1577 Acc: 0.9489
2020-02-05 21:19:19.519621
validation Loss: 0.2930 Acc: 0.9143
2020-02-05 21:19:32.527195

Epoch 249/350
------------------------------
Learning Rate: 0.005000000000000001
------------------------------
train Loss: 0.1559 Acc: 0.9504
2020-02-05 21:22:46.230122
validation Loss: 0.2877 Acc: 0.9164
2020-02-05 21:22:59.243626

Epoch 250/350
------------------------------
Learning Rate: 0.005000000000000001
------------------------------
train Loss: 0.1528 Acc: 0.9514
2020-02-05 21:26:13.531223
validation Loss: 0.2647 Acc: 0.9231
2020-02-05 21:26:26.443864

Epoch 251/350
------------------------------
Learning Rate: 0.0005000000000000001
------------------------------
train Loss: 0.1072 Acc: 0.9677
2020-02-05 21:29:39.923158
validation Loss: 0.2399 Acc: 0.9276
2020-02-05 21:29:52.880425

Epoch 252/350
------------------------------
Learning Rate: 0.0005000000000000001
------------------------------
train Loss: 0.0893 Acc: 0.9744
2020-02-05 21:33:07.155158
validation Loss: 0.2363 Acc: 0.9283
2020-02-05 21:33:20.078785

Epoch 253/350
------------------------------
Learning Rate: 0.0005000000000000001
------------------------------
train Loss: 0.0833 Acc: 0.9762
2020-02-05 21:36:34.142319
validation Loss: 0.2314 Acc: 0.9323
2020-02-05 21:36:47.080377

Epoch 254/350
------------------------------
Learning Rate: 0.0005000000000000001
------------------------------
train Loss: 0.0811 Acc: 0.9764
2020-02-05 21:40:00.458504
validation Loss: 0.2326 Acc: 0.9322
2020-02-05 21:40:13.442553

Epoch 255/350
------------------------------
Learning Rate: 0.0005000000000000001
------------------------------
train Loss: 0.0778 Acc: 0.9786
2020-02-05 21:43:26.867953
validation Loss: 0.2349 Acc: 0.9307
2020-02-05 21:43:39.722586

Epoch 256/350
------------------------------
Learning Rate: 0.0005000000000000001
------------------------------
train Loss: 0.0755 Acc: 0.9788
2020-02-05 21:46:54.554098
validation Loss: 0.2334 Acc: 0.9313
2020-02-05 21:47:07.504363

Epoch 257/350
------------------------------
Learning Rate: 0.0005000000000000001
------------------------------
train Loss: 0.0741 Acc: 0.9791
2020-02-05 21:50:21.279338
validation Loss: 0.2410 Acc: 0.9301
2020-02-05 21:50:34.254908

Epoch 258/350
------------------------------
Learning Rate: 0.0005000000000000001
------------------------------
train Loss: 0.0705 Acc: 0.9805
2020-02-05 21:53:48.213007
validation Loss: 0.2367 Acc: 0.9296
2020-02-05 21:54:01.146259

Epoch 259/350
------------------------------
Learning Rate: 0.0005000000000000001
------------------------------
train Loss: 0.0705 Acc: 0.9801
2020-02-05 21:57:16.188752
validation Loss: 0.2410 Acc: 0.9311
2020-02-05 21:57:29.173742

Epoch 260/350
------------------------------
Learning Rate: 0.0005000000000000001
------------------------------
train Loss: 0.0680 Acc: 0.9805
2020-02-05 22:00:43.450815
validation Loss: 0.2423 Acc: 0.9304
2020-02-05 22:00:56.415278

Epoch 261/350
------------------------------
Learning Rate: 0.0005000000000000001
------------------------------
train Loss: 0.0672 Acc: 0.9809
2020-02-05 22:04:09.914800
validation Loss: 0.2341 Acc: 0.9326
2020-02-05 22:04:22.809706

Epoch 262/350
------------------------------
Learning Rate: 0.0005000000000000001
------------------------------
train Loss: 0.0664 Acc: 0.9815
2020-02-05 22:07:36.504085
validation Loss: 0.2489 Acc: 0.9293
2020-02-05 22:07:49.385397

Epoch 263/350
------------------------------
Learning Rate: 0.0005000000000000001
------------------------------
train Loss: 0.0640 Acc: 0.9829
2020-02-05 22:11:02.621348
validation Loss: 0.2414 Acc: 0.9320
2020-02-05 22:11:15.515773

Epoch 264/350
------------------------------
Learning Rate: 0.0005000000000000001
------------------------------
train Loss: 0.0642 Acc: 0.9822
2020-02-05 22:14:29.767118
validation Loss: 0.2370 Acc: 0.9333
2020-02-05 22:14:42.750543

Epoch 265/350
------------------------------
Learning Rate: 0.0005000000000000001
------------------------------
train Loss: 0.0620 Acc: 0.9833
2020-02-05 22:17:56.472472
validation Loss: 0.2460 Acc: 0.9308
2020-02-05 22:18:09.476616

Epoch 266/350
------------------------------
Learning Rate: 0.0005000000000000001
------------------------------
train Loss: 0.0633 Acc: 0.9825
2020-02-05 22:21:23.663852
validation Loss: 0.2463 Acc: 0.9302
2020-02-05 22:21:36.662747

Epoch 267/350
------------------------------
Learning Rate: 0.0005000000000000001
------------------------------
train Loss: 0.0615 Acc: 0.9832
2020-02-05 22:24:51.229752
validation Loss: 0.2373 Acc: 0.9328
2020-02-05 22:25:04.071161

Epoch 268/350
------------------------------
Learning Rate: 0.0005000000000000001
------------------------------
train Loss: 0.0613 Acc: 0.9831
2020-02-05 22:28:17.666915
validation Loss: 0.2361 Acc: 0.9345
2020-02-05 22:28:30.528306

Epoch 269/350
------------------------------
Learning Rate: 0.0005000000000000001
------------------------------
train Loss: 0.0590 Acc: 0.9837
2020-02-05 22:31:44.005597
validation Loss: 0.2453 Acc: 0.9304
2020-02-05 22:31:56.949572

Epoch 270/350
------------------------------
Learning Rate: 0.0005000000000000001
------------------------------
train Loss: 0.0594 Acc: 0.9839
2020-02-05 22:35:10.604201
validation Loss: 0.2440 Acc: 0.9329
2020-02-05 22:35:23.531014

Epoch 271/350
------------------------------
Learning Rate: 0.0005000000000000001
------------------------------
train Loss: 0.0598 Acc: 0.9839
2020-02-05 22:38:38.597595
validation Loss: 0.2488 Acc: 0.9300
2020-02-05 22:38:51.429621

Epoch 272/350
------------------------------
Learning Rate: 0.0005000000000000001
------------------------------
train Loss: 0.0581 Acc: 0.9848
2020-02-05 22:42:04.963090
validation Loss: 0.2421 Acc: 0.9308
2020-02-05 22:42:17.811017

Epoch 273/350
------------------------------
Learning Rate: 0.0005000000000000001
------------------------------
train Loss: 0.0584 Acc: 0.9842
2020-02-05 22:45:31.539107
validation Loss: 0.2456 Acc: 0.9309
2020-02-05 22:45:44.510529

Epoch 274/350
------------------------------
Learning Rate: 0.0005000000000000001
------------------------------
train Loss: 0.0549 Acc: 0.9852
2020-02-05 22:48:58.425287
validation Loss: 0.2458 Acc: 0.9293
2020-02-05 22:49:11.446142

Epoch 275/350
------------------------------
Learning Rate: 0.0005000000000000001
------------------------------
train Loss: 0.0575 Acc: 0.9850
2020-02-05 22:52:25.742825
validation Loss: 0.2451 Acc: 0.9321
2020-02-05 22:52:38.655005

Epoch 276/350
------------------------------
Learning Rate: 0.0005000000000000001
------------------------------
train Loss: 0.0562 Acc: 0.9848
2020-02-05 22:55:52.388407
validation Loss: 0.2527 Acc: 0.9279
2020-02-05 22:56:05.325052

Epoch 277/350
------------------------------
Learning Rate: 0.0005000000000000001
------------------------------
train Loss: 0.0557 Acc: 0.9850
2020-02-05 22:59:18.375136
validation Loss: 0.2497 Acc: 0.9282
2020-02-05 22:59:31.319976

Epoch 278/350
------------------------------
Learning Rate: 0.0005000000000000001
------------------------------
train Loss: 0.0538 Acc: 0.9853
2020-02-05 23:02:45.232519
validation Loss: 0.2490 Acc: 0.9316
2020-02-05 23:02:58.159347

Epoch 279/350
------------------------------
Learning Rate: 0.0005000000000000001
------------------------------
train Loss: 0.0562 Acc: 0.9847
2020-02-05 23:06:12.049451
validation Loss: 0.2419 Acc: 0.9330
2020-02-05 23:06:24.888637

Epoch 280/350
------------------------------
Learning Rate: 0.0005000000000000001
------------------------------
train Loss: 0.0530 Acc: 0.9864
2020-02-05 23:09:39.774137
validation Loss: 0.2468 Acc: 0.9313
2020-02-05 23:09:52.588090

Epoch 281/350
------------------------------
Learning Rate: 0.0005000000000000001
------------------------------
train Loss: 0.0530 Acc: 0.9859
2020-02-05 23:13:07.102164
validation Loss: 0.2511 Acc: 0.9294
2020-02-05 23:13:20.093396

Epoch 282/350
------------------------------
Learning Rate: 0.0005000000000000001
------------------------------
train Loss: 0.0515 Acc: 0.9868
2020-02-05 23:16:34.350533
validation Loss: 0.2468 Acc: 0.9319
2020-02-05 23:16:47.263530

Epoch 283/350
------------------------------
Learning Rate: 0.0005000000000000001
------------------------------
train Loss: 0.0516 Acc: 0.9864
2020-02-05 23:20:00.072585
validation Loss: 0.2438 Acc: 0.9325
2020-02-05 23:20:12.936993

Epoch 284/350
------------------------------
Learning Rate: 0.0005000000000000001
------------------------------
train Loss: 0.0555 Acc: 0.9847
2020-02-05 23:23:25.612963
validation Loss: 0.2488 Acc: 0.9311
2020-02-05 23:23:38.603946

Epoch 285/350
------------------------------
Learning Rate: 0.0005000000000000001
------------------------------
train Loss: 0.0504 Acc: 0.9868
2020-02-05 23:26:52.672647
validation Loss: 0.2536 Acc: 0.9294
2020-02-05 23:27:05.609412

Epoch 286/350
------------------------------
Learning Rate: 0.0005000000000000001
------------------------------
train Loss: 0.0497 Acc: 0.9872
2020-02-05 23:30:19.761224
validation Loss: 0.2502 Acc: 0.9302
2020-02-05 23:30:32.782989

Epoch 287/350
------------------------------
Learning Rate: 0.0005000000000000001
------------------------------
train Loss: 0.0477 Acc: 0.9875
2020-02-05 23:33:46.579326
validation Loss: 0.2433 Acc: 0.9319
2020-02-05 23:33:59.545003

Epoch 288/350
------------------------------
Learning Rate: 0.0005000000000000001
------------------------------
train Loss: 0.0502 Acc: 0.9870
2020-02-05 23:37:12.988179
validation Loss: 0.2540 Acc: 0.9309
2020-02-05 23:37:26.013413

Epoch 289/350
------------------------------
Learning Rate: 0.0005000000000000001
------------------------------
train Loss: 0.0484 Acc: 0.9873
2020-02-05 23:40:40.417056
validation Loss: 0.2494 Acc: 0.9314
2020-02-05 23:40:53.493094

Epoch 290/350
------------------------------
Learning Rate: 0.0005000000000000001
------------------------------
train Loss: 0.0483 Acc: 0.9872
2020-02-05 23:44:06.892739
validation Loss: 0.2442 Acc: 0.9321
2020-02-05 23:44:19.819083

Epoch 291/350
------------------------------
Learning Rate: 0.0005000000000000001
------------------------------
train Loss: 0.0503 Acc: 0.9872
2020-02-05 23:47:34.272106
validation Loss: 0.2539 Acc: 0.9289
2020-02-05 23:47:47.167492

Epoch 292/350
------------------------------
Learning Rate: 0.0005000000000000001
------------------------------
train Loss: 0.0484 Acc: 0.9874
2020-02-05 23:51:00.976671
validation Loss: 0.2548 Acc: 0.9305
2020-02-05 23:51:13.919126

Epoch 293/350
------------------------------
Learning Rate: 0.0005000000000000001
------------------------------
train Loss: 0.0478 Acc: 0.9878
2020-02-05 23:54:27.569908
validation Loss: 0.2548 Acc: 0.9303
2020-02-05 23:54:40.527484

Epoch 294/350
------------------------------
Learning Rate: 0.0005000000000000001
------------------------------
train Loss: 0.0487 Acc: 0.9867
2020-02-05 23:57:54.469720
validation Loss: 0.2513 Acc: 0.9306
2020-02-05 23:58:07.324559

Epoch 295/350
------------------------------
Learning Rate: 0.0005000000000000001
------------------------------
train Loss: 0.0491 Acc: 0.9871
2020-02-06 00:01:21.413282
validation Loss: 0.2504 Acc: 0.9313
2020-02-06 00:01:34.490421

Epoch 296/350
------------------------------
Learning Rate: 0.0005000000000000001
------------------------------
train Loss: 0.0485 Acc: 0.9876
2020-02-06 00:04:48.788718
validation Loss: 0.2534 Acc: 0.9305
2020-02-06 00:05:01.612798

Epoch 297/350
------------------------------
Learning Rate: 0.0005000000000000001
------------------------------
train Loss: 0.0482 Acc: 0.9875
2020-02-06 00:08:15.118379
validation Loss: 0.2556 Acc: 0.9321
2020-02-06 00:08:28.034354

Epoch 298/350
------------------------------
Learning Rate: 0.0005000000000000001
------------------------------
train Loss: 0.0484 Acc: 0.9870
2020-02-06 00:11:41.982625
validation Loss: 0.2483 Acc: 0.9344
2020-02-06 00:11:55.030022

Epoch 299/350
------------------------------
Learning Rate: 0.0005000000000000001
------------------------------
train Loss: 0.0467 Acc: 0.9879
2020-02-06 00:15:08.325183
validation Loss: 0.2527 Acc: 0.9312
2020-02-06 00:15:21.265300

Epoch 300/350
------------------------------
Learning Rate: 0.0005000000000000001
------------------------------
train Loss: 0.0449 Acc: 0.9884
2020-02-06 00:18:35.322955
validation Loss: 0.2545 Acc: 0.9321
2020-02-06 00:18:48.370649

Epoch 301/350
------------------------------
Learning Rate: 5.0000000000000016e-05
------------------------------
train Loss: 0.0456 Acc: 0.9887
2020-02-06 00:22:02.783283
validation Loss: 0.2482 Acc: 0.9325
2020-02-06 00:22:15.780508

Epoch 302/350
------------------------------
Learning Rate: 5.0000000000000016e-05
------------------------------
train Loss: 0.0439 Acc: 0.9892
2020-02-06 00:25:29.612170
validation Loss: 0.2461 Acc: 0.9333
2020-02-06 00:25:42.656868

Epoch 303/350
------------------------------
Learning Rate: 5.0000000000000016e-05
------------------------------
train Loss: 0.0433 Acc: 0.9892
2020-02-06 00:28:56.900950
validation Loss: 0.2436 Acc: 0.9332
2020-02-06 00:29:09.883147

Epoch 304/350
------------------------------
Learning Rate: 5.0000000000000016e-05
------------------------------
train Loss: 0.0434 Acc: 0.9893
2020-02-06 00:32:24.122108
validation Loss: 0.2449 Acc: 0.9338
2020-02-06 00:32:37.152574

Epoch 305/350
------------------------------
Learning Rate: 5.0000000000000016e-05
------------------------------
train Loss: 0.0446 Acc: 0.9888
2020-02-06 00:35:51.894660
validation Loss: 0.2509 Acc: 0.9329
2020-02-06 00:36:04.907196

Epoch 306/350
------------------------------
Learning Rate: 5.0000000000000016e-05
------------------------------
train Loss: 0.0424 Acc: 0.9895
2020-02-06 00:39:18.841868
validation Loss: 0.2472 Acc: 0.9337
2020-02-06 00:39:31.812652

Epoch 307/350
------------------------------
Learning Rate: 5.0000000000000016e-05
------------------------------
train Loss: 0.0401 Acc: 0.9903
2020-02-06 00:42:45.763721
validation Loss: 0.2548 Acc: 0.9309
2020-02-06 00:42:58.713514

Epoch 308/350
------------------------------
Learning Rate: 5.0000000000000016e-05
------------------------------
train Loss: 0.0416 Acc: 0.9893
2020-02-06 00:46:11.665597
validation Loss: 0.2508 Acc: 0.9324
2020-02-06 00:46:24.695419

Epoch 309/350
------------------------------
Learning Rate: 5.0000000000000016e-05
------------------------------
train Loss: 0.0417 Acc: 0.9899
2020-02-06 00:49:38.777215
validation Loss: 0.2532 Acc: 0.9313
2020-02-06 00:49:51.756816

Epoch 310/350
------------------------------
Learning Rate: 5.0000000000000016e-05
------------------------------
train Loss: 0.0404 Acc: 0.9896
2020-02-06 00:53:06.159467
validation Loss: 0.2499 Acc: 0.9329
2020-02-06 00:53:19.002420

Epoch 311/350
------------------------------
Learning Rate: 5.0000000000000016e-05
------------------------------
train Loss: 0.0428 Acc: 0.9894
2020-02-06 00:56:32.759167
validation Loss: 0.2511 Acc: 0.9336
2020-02-06 00:56:45.757671

Epoch 312/350
------------------------------
Learning Rate: 5.0000000000000016e-05
------------------------------
train Loss: 0.0416 Acc: 0.9895
2020-02-06 00:59:59.527333
validation Loss: 0.2497 Acc: 0.9329
2020-02-06 01:00:12.449240

Epoch 313/350
------------------------------
Learning Rate: 5.0000000000000016e-05
------------------------------
train Loss: 0.0424 Acc: 0.9896
2020-02-06 01:03:24.855765
validation Loss: 0.2491 Acc: 0.9337
2020-02-06 01:03:37.831227

Epoch 314/350
------------------------------
Learning Rate: 5.0000000000000016e-05
------------------------------
train Loss: 0.0416 Acc: 0.9895
2020-02-06 01:06:51.871437
validation Loss: 0.2480 Acc: 0.9332
2020-02-06 01:07:04.874261

Epoch 315/350
------------------------------
Learning Rate: 5.0000000000000016e-05
------------------------------
train Loss: 0.0405 Acc: 0.9897
2020-02-06 01:10:18.253073
validation Loss: 0.2461 Acc: 0.9336
2020-02-06 01:10:31.099429

Epoch 316/350
------------------------------
Learning Rate: 5.0000000000000016e-05
------------------------------
train Loss: 0.0409 Acc: 0.9899
2020-02-06 01:13:44.708320
validation Loss: 0.2522 Acc: 0.9322
2020-02-06 01:13:57.610147

Epoch 317/350
------------------------------
Learning Rate: 5.0000000000000016e-05
------------------------------
train Loss: 0.0402 Acc: 0.9903
2020-02-06 01:17:11.813276
validation Loss: 0.2471 Acc: 0.9341
2020-02-06 01:17:24.727073

Epoch 318/350
------------------------------
Learning Rate: 5.0000000000000016e-05
------------------------------
train Loss: 0.0400 Acc: 0.9903
2020-02-06 01:20:38.786794
validation Loss: 0.2479 Acc: 0.9338
2020-02-06 01:20:51.687561

Epoch 319/350
------------------------------
Learning Rate: 5.0000000000000016e-05
------------------------------
train Loss: 0.0405 Acc: 0.9901
2020-02-06 01:24:05.645100
validation Loss: 0.2533 Acc: 0.9323
2020-02-06 01:24:18.470370

Epoch 320/350
------------------------------
Learning Rate: 5.0000000000000016e-05
------------------------------
train Loss: 0.0408 Acc: 0.9904
2020-02-06 01:27:32.314245
validation Loss: 0.2534 Acc: 0.9324
2020-02-06 01:27:45.203309

Epoch 321/350
------------------------------
Learning Rate: 5.0000000000000016e-05
------------------------------
train Loss: 0.0405 Acc: 0.9893
2020-02-06 01:30:59.171732
validation Loss: 0.2513 Acc: 0.9334
2020-02-06 01:31:12.092272

Epoch 322/350
------------------------------
Learning Rate: 5.0000000000000016e-05
------------------------------
train Loss: 0.0408 Acc: 0.9902
2020-02-06 01:34:26.209742
validation Loss: 0.2512 Acc: 0.9324
2020-02-06 01:34:39.156068

Epoch 323/350
------------------------------
Learning Rate: 5.0000000000000016e-05
------------------------------
train Loss: 0.0419 Acc: 0.9894
2020-02-06 01:37:53.421999
validation Loss: 0.2526 Acc: 0.9326
2020-02-06 01:38:06.386212

Epoch 324/350
------------------------------
Learning Rate: 5.0000000000000016e-05
------------------------------
train Loss: 0.0391 Acc: 0.9908
2020-02-06 01:41:19.714666
validation Loss: 0.2447 Acc: 0.9347
2020-02-06 01:41:32.598452

Epoch 325/350
------------------------------
Learning Rate: 5.0000000000000016e-05
------------------------------
train Loss: 0.0402 Acc: 0.9902
2020-02-06 01:44:46.134413
validation Loss: 0.2448 Acc: 0.9340
2020-02-06 01:44:59.018344

Epoch 326/350
------------------------------
Learning Rate: 5.0000000000000016e-05
------------------------------
train Loss: 0.0405 Acc: 0.9901
2020-02-06 01:48:13.481070
validation Loss: 0.2458 Acc: 0.9336
2020-02-06 01:48:26.451655

Epoch 327/350
------------------------------
Learning Rate: 5.0000000000000016e-05
------------------------------
train Loss: 0.0385 Acc: 0.9910
2020-02-06 01:51:38.440321
validation Loss: 0.2479 Acc: 0.9327
2020-02-06 01:51:51.407749

Epoch 328/350
------------------------------
Learning Rate: 5.0000000000000016e-05
------------------------------
train Loss: 0.0401 Acc: 0.9903
2020-02-06 01:55:05.296139
validation Loss: 0.2504 Acc: 0.9334
2020-02-06 01:55:18.209646

Epoch 329/350
------------------------------
Learning Rate: 5.0000000000000016e-05
------------------------------
train Loss: 0.0396 Acc: 0.9907
2020-02-06 01:58:33.345657
validation Loss: 0.2459 Acc: 0.9342
2020-02-06 01:58:46.294894

Epoch 330/350
------------------------------
Learning Rate: 5.0000000000000016e-05
------------------------------
train Loss: 0.0397 Acc: 0.9906
2020-02-06 02:02:00.838863
validation Loss: 0.2528 Acc: 0.9321
2020-02-06 02:02:13.651859

Epoch 331/350
------------------------------
Learning Rate: 5.0000000000000016e-05
------------------------------
train Loss: 0.0389 Acc: 0.9903
2020-02-06 02:05:27.843448
validation Loss: 0.2521 Acc: 0.9323
2020-02-06 02:05:40.741932

Epoch 332/350
------------------------------
Learning Rate: 5.0000000000000016e-05
------------------------------
train Loss: 0.0399 Acc: 0.9897
2020-02-06 02:08:54.522080
validation Loss: 0.2547 Acc: 0.9328
2020-02-06 02:09:07.447627

Epoch 333/350
------------------------------
Learning Rate: 5.0000000000000016e-05
------------------------------
train Loss: 0.0390 Acc: 0.9906
2020-02-06 02:12:21.861209
validation Loss: 0.2483 Acc: 0.9334
2020-02-06 02:12:34.863672

Epoch 334/350
------------------------------
Learning Rate: 5.0000000000000016e-05
------------------------------
train Loss: 0.0400 Acc: 0.9906
2020-02-06 02:15:48.759378
validation Loss: 0.2477 Acc: 0.9337
2020-02-06 02:16:01.765216

Epoch 335/350
------------------------------
Learning Rate: 5.0000000000000016e-05
------------------------------
train Loss: 0.0399 Acc: 0.9896
2020-02-06 02:19:15.262997
validation Loss: 0.2464 Acc: 0.9339
2020-02-06 02:19:28.140400

Epoch 336/350
------------------------------
Learning Rate: 5.0000000000000016e-05
------------------------------
train Loss: 0.0413 Acc: 0.9898
2020-02-06 02:22:42.439055
validation Loss: 0.2513 Acc: 0.9324
2020-02-06 02:22:55.278394

Epoch 337/350
------------------------------
Learning Rate: 5.0000000000000016e-05
------------------------------
train Loss: 0.0414 Acc: 0.9897
2020-02-06 02:26:09.028200
validation Loss: 0.2523 Acc: 0.9319
2020-02-06 02:26:21.965424

Epoch 338/350
------------------------------
Learning Rate: 5.0000000000000016e-05
------------------------------
train Loss: 0.0393 Acc: 0.9907
2020-02-06 02:29:35.881711
validation Loss: 0.2443 Acc: 0.9341
2020-02-06 02:29:48.723765

Epoch 339/350
------------------------------
Learning Rate: 5.0000000000000016e-05
------------------------------
train Loss: 0.0409 Acc: 0.9898
2020-02-06 02:33:02.649469
validation Loss: 0.2494 Acc: 0.9329
2020-02-06 02:33:15.526724

Epoch 340/350
------------------------------
Learning Rate: 5.0000000000000016e-05
------------------------------
train Loss: 0.0401 Acc: 0.9901
2020-02-06 02:36:28.629445
validation Loss: 0.2543 Acc: 0.9325
2020-02-06 02:36:41.634997

Epoch 341/350
------------------------------
Learning Rate: 5.0000000000000016e-05
------------------------------
train Loss: 0.0408 Acc: 0.9903
2020-02-06 02:39:55.100705
validation Loss: 0.2512 Acc: 0.9323
2020-02-06 02:40:08.013802

Epoch 342/350
------------------------------
Learning Rate: 5.0000000000000016e-05
------------------------------
train Loss: 0.0392 Acc: 0.9905
2020-02-06 02:43:22.437891
validation Loss: 0.2537 Acc: 0.9322
2020-02-06 02:43:35.448896

Epoch 343/350
------------------------------
Learning Rate: 5.0000000000000016e-05
------------------------------
train Loss: 0.0380 Acc: 0.9917
2020-02-06 02:46:49.809189
validation Loss: 0.2539 Acc: 0.9330
2020-02-06 02:47:02.753226

Epoch 344/350
------------------------------
Learning Rate: 5.0000000000000016e-05
------------------------------
train Loss: 0.0394 Acc: 0.9905
2020-02-06 02:50:17.350752
validation Loss: 0.2509 Acc: 0.9345
2020-02-06 02:50:30.199099

Epoch 345/350
------------------------------
Learning Rate: 5.0000000000000016e-05
------------------------------
train Loss: 0.0383 Acc: 0.9909
2020-02-06 02:53:44.445382
validation Loss: 0.2503 Acc: 0.9340
2020-02-06 02:53:57.307335

Epoch 346/350
------------------------------
Learning Rate: 5.0000000000000016e-05
------------------------------
train Loss: 0.0405 Acc: 0.9900
2020-02-06 02:57:10.851397
validation Loss: 0.2522 Acc: 0.9325
2020-02-06 02:57:23.650889

Epoch 347/350
------------------------------
Learning Rate: 5.0000000000000016e-05
------------------------------
train Loss: 0.0387 Acc: 0.9907
2020-02-06 03:00:36.865076
validation Loss: 0.2475 Acc: 0.9344
2020-02-06 03:00:49.872027

Epoch 348/350
------------------------------
Learning Rate: 5.0000000000000016e-05
------------------------------
train Loss: 0.0402 Acc: 0.9900
2020-02-06 03:04:02.612299
validation Loss: 0.2507 Acc: 0.9338
2020-02-06 03:04:15.572744

Epoch 349/350
------------------------------
Learning Rate: 5.0000000000000016e-05
------------------------------
train Loss: 0.0389 Acc: 0.9904
2020-02-06 03:07:29.627751
validation Loss: 0.2518 Acc: 0.9331
2020-02-06 03:07:42.559740

Epoch 350/350
------------------------------
Learning Rate: 5.0000000000000016e-05
------------------------------
train Loss: 0.0384 Acc: 0.9907
2020-02-06 03:10:56.287899
validation Loss: 0.2484 Acc: 0.9335
2020-02-06 03:11:09.299690

Best Val Acc: 0.9347
Accuracy of the network on the 10000 test images: 93.47
