Namespace(batch_size=128, device='cuda:0', epochs=100, extra_comment='', lr=0.001, model='att_p4cnn', optim='adam', path='./saved/model_att_p4cnn_optim_adam_lr_0.001_wd_0.0001_seed_0/model.pth', pretrained=False, seed=0, weight_decay=0.0001)
2020-01-17 12:54:30.587184
Epoch 1/100
------------------------------
train Loss: 1.9052 Acc: 0.3222
2020-01-17 12:55:01.278614
validation Loss: 2.6030 Acc: 0.2734
2020-01-17 12:55:37.358267

Epoch 2/100
------------------------------
train Loss: 1.0658 Acc: 0.6429
2020-01-17 12:56:07.745130
validation Loss: 0.9828 Acc: 0.6852
2020-01-17 12:56:44.195152

Epoch 3/100
------------------------------
train Loss: 0.6878 Acc: 0.7853
2020-01-17 12:57:15.180894
validation Loss: 0.5318 Acc: 0.8320
2020-01-17 12:57:53.054153

Epoch 4/100
------------------------------
train Loss: 0.4597 Acc: 0.8561
2020-01-17 12:58:25.115071
validation Loss: 0.2900 Acc: 0.9084
2020-01-17 12:59:04.764453

Epoch 5/100
------------------------------
train Loss: 0.3506 Acc: 0.8878
2020-01-17 12:59:37.386520
validation Loss: 0.2616 Acc: 0.9150
2020-01-17 13:00:15.158078

Epoch 6/100
------------------------------
train Loss: 0.3020 Acc: 0.9064
2020-01-17 13:00:46.781819
validation Loss: 0.2108 Acc: 0.9313
2020-01-17 13:01:24.757813

Epoch 7/100
------------------------------
train Loss: 0.2631 Acc: 0.9168
2020-01-17 13:01:57.565017
validation Loss: 0.1878 Acc: 0.9399
2020-01-17 13:02:35.796905

Epoch 8/100
------------------------------
train Loss: 0.2437 Acc: 0.9240
2020-01-17 13:03:08.992673
validation Loss: 0.1506 Acc: 0.9522
2020-01-17 13:03:49.309765

Epoch 9/100
------------------------------
train Loss: 0.2182 Acc: 0.9308
2020-01-17 13:04:21.197965
validation Loss: 0.1498 Acc: 0.9517
2020-01-17 13:04:59.235235

Epoch 10/100
------------------------------
train Loss: 0.2107 Acc: 0.9346
2020-01-17 13:05:31.125885
validation Loss: 0.1389 Acc: 0.9558
2020-01-17 13:06:09.275129

Epoch 11/100
------------------------------
train Loss: 0.2002 Acc: 0.9358
2020-01-17 13:06:41.393391
validation Loss: 0.1380 Acc: 0.9553
2020-01-17 13:07:20.920622

Epoch 12/100
------------------------------
train Loss: 0.1761 Acc: 0.9450
2020-01-17 13:07:53.909008
validation Loss: 0.1162 Acc: 0.9619
2020-01-17 13:08:32.558428

Epoch 13/100
------------------------------
train Loss: 0.1670 Acc: 0.9477
2020-01-17 13:09:04.540011
validation Loss: 0.1148 Acc: 0.9631
2020-01-17 13:09:43.214929

Epoch 14/100
------------------------------
train Loss: 0.1604 Acc: 0.9478
2020-01-17 13:10:15.540643
validation Loss: 0.1099 Acc: 0.9656
2020-01-17 13:10:54.069753

Epoch 15/100
------------------------------
train Loss: 0.1521 Acc: 0.9507
2020-01-17 13:11:27.008036
validation Loss: 0.1055 Acc: 0.9662
2020-01-17 13:12:05.663227

Epoch 16/100
------------------------------
train Loss: 0.1445 Acc: 0.9517
2020-01-17 13:12:38.085723
validation Loss: 0.1063 Acc: 0.9657
2020-01-17 13:13:16.657461

Epoch 17/100
------------------------------
train Loss: 0.1354 Acc: 0.9549
2020-01-17 13:13:49.202532
validation Loss: 0.0998 Acc: 0.9683
2020-01-17 13:14:27.852020

Epoch 18/100
------------------------------
train Loss: 0.1314 Acc: 0.9578
2020-01-17 13:15:00.919798
validation Loss: 0.0957 Acc: 0.9697
2020-01-17 13:15:39.429711

Epoch 19/100
------------------------------
train Loss: 0.1296 Acc: 0.9558
2020-01-17 13:16:11.903116
validation Loss: 0.0921 Acc: 0.9705
2020-01-17 13:16:50.693131

Epoch 20/100
------------------------------
train Loss: 0.1164 Acc: 0.9615
2020-01-17 13:17:23.258493
validation Loss: 0.0867 Acc: 0.9725
2020-01-17 13:18:02.029377

Epoch 21/100
------------------------------
train Loss: 0.1219 Acc: 0.9613
2020-01-17 13:18:34.483965
validation Loss: 0.0885 Acc: 0.9719
2020-01-17 13:19:12.817039

Epoch 22/100
------------------------------
train Loss: 0.1125 Acc: 0.9635
2020-01-17 13:19:45.077096
validation Loss: 0.0856 Acc: 0.9732
2020-01-17 13:20:23.887129

Epoch 23/100
------------------------------
train Loss: 0.1120 Acc: 0.9613
2020-01-17 13:20:56.926575
validation Loss: 0.0882 Acc: 0.9723
2020-01-17 13:21:35.767957

Epoch 24/100
------------------------------
train Loss: 0.1064 Acc: 0.9645
2020-01-17 13:22:08.111622
validation Loss: 0.0804 Acc: 0.9743
2020-01-17 13:22:46.573483

Epoch 25/100
------------------------------
train Loss: 0.1007 Acc: 0.9663
2020-01-17 13:23:18.695319
validation Loss: 0.0907 Acc: 0.9715
2020-01-17 13:23:57.330323

Epoch 26/100
------------------------------
train Loss: 0.0994 Acc: 0.9659
2020-01-17 13:24:29.634496
validation Loss: 0.0800 Acc: 0.9745
2020-01-17 13:25:08.124649

Epoch 27/100
------------------------------
train Loss: 0.0976 Acc: 0.9666
2020-01-17 13:25:40.439566
validation Loss: 0.0811 Acc: 0.9744
2020-01-17 13:26:18.933752

Epoch 28/100
------------------------------
train Loss: 0.0949 Acc: 0.9695
2020-01-17 13:26:51.626722
validation Loss: 0.0783 Acc: 0.9750
2020-01-17 13:27:30.004896

Epoch 29/100
------------------------------
train Loss: 0.0987 Acc: 0.9667
2020-01-17 13:28:02.318498
validation Loss: 0.0755 Acc: 0.9769
2020-01-17 13:28:40.597048

Epoch 30/100
------------------------------
train Loss: 0.0930 Acc: 0.9691
2020-01-17 13:29:13.791406
validation Loss: 0.0799 Acc: 0.9756
2020-01-17 13:29:52.234152

Epoch 31/100
------------------------------
train Loss: 0.0883 Acc: 0.9695
2020-01-17 13:30:24.854412
validation Loss: 0.0790 Acc: 0.9763
2020-01-17 13:31:04.134835

Epoch 32/100
------------------------------
train Loss: 0.0909 Acc: 0.9703
2020-01-17 13:31:36.379824
validation Loss: 0.0783 Acc: 0.9759
2020-01-17 13:32:14.990194

Epoch 33/100
------------------------------
train Loss: 0.0835 Acc: 0.9712
2020-01-17 13:32:47.438606
validation Loss: 0.0803 Acc: 0.9757
2020-01-17 13:33:26.284456

Epoch 34/100
------------------------------
train Loss: 0.0805 Acc: 0.9728
2020-01-17 13:33:58.544955
validation Loss: 0.0837 Acc: 0.9749
2020-01-17 13:34:36.937026

Epoch 35/100
------------------------------
train Loss: 0.0810 Acc: 0.9710
2020-01-17 13:35:08.747118
validation Loss: 0.0748 Acc: 0.9773
2020-01-17 13:35:47.620634

Epoch 36/100
------------------------------
train Loss: 0.0800 Acc: 0.9729
2020-01-17 13:36:19.771217
validation Loss: 0.0790 Acc: 0.9756
2020-01-17 13:36:58.185754

Epoch 37/100
------------------------------
train Loss: 0.0781 Acc: 0.9746
2020-01-17 13:37:30.768198
validation Loss: 0.0733 Acc: 0.9774
2020-01-17 13:38:09.510436

Epoch 38/100
------------------------------
train Loss: 0.0769 Acc: 0.9723
2020-01-17 13:38:41.992406
validation Loss: 0.0679 Acc: 0.9795
2020-01-17 13:39:20.711130

Epoch 39/100
------------------------------
train Loss: 0.0813 Acc: 0.9718
2020-01-17 13:39:53.008420
validation Loss: 0.0698 Acc: 0.9790
2020-01-17 13:40:31.550619

Epoch 40/100
------------------------------
train Loss: 0.0748 Acc: 0.9756
2020-01-17 13:41:03.910488
validation Loss: 0.0678 Acc: 0.9795
2020-01-17 13:41:42.686148

Epoch 41/100
------------------------------
train Loss: 0.0763 Acc: 0.9733
2020-01-17 13:42:15.146297
validation Loss: 0.0721 Acc: 0.9776
2020-01-17 13:42:53.941870

Epoch 42/100
------------------------------
train Loss: 0.0763 Acc: 0.9749
2020-01-17 13:43:26.464231
validation Loss: 0.0804 Acc: 0.9746
2020-01-17 13:44:04.661262

Epoch 43/100
------------------------------
train Loss: 0.0648 Acc: 0.9786
2020-01-17 13:44:36.305604
validation Loss: 0.0733 Acc: 0.9772
2020-01-17 13:45:14.112783

Epoch 44/100
------------------------------
train Loss: 0.0686 Acc: 0.9759
2020-01-17 13:45:45.714742
validation Loss: 0.0728 Acc: 0.9782
2020-01-17 13:46:23.461754

Epoch 45/100
------------------------------
train Loss: 0.0713 Acc: 0.9760
2020-01-17 13:46:55.121033
validation Loss: 0.0663 Acc: 0.9798
2020-01-17 13:47:32.873904

Epoch 46/100
------------------------------
train Loss: 0.0660 Acc: 0.9770
2020-01-17 13:48:04.551424
validation Loss: 0.0677 Acc: 0.9795
2020-01-17 13:48:42.367084

Epoch 47/100
------------------------------
train Loss: 0.0636 Acc: 0.9793
2020-01-17 13:49:14.113939
validation Loss: 0.0749 Acc: 0.9775
2020-01-17 13:49:52.624496

Epoch 48/100
------------------------------
train Loss: 0.0672 Acc: 0.9766
2020-01-17 13:50:24.455158
validation Loss: 0.0608 Acc: 0.9810
2020-01-17 13:51:02.336982

Epoch 49/100
------------------------------
train Loss: 0.0622 Acc: 0.9802
2020-01-17 13:51:33.932248
validation Loss: 0.0708 Acc: 0.9782
2020-01-17 13:52:11.790064

Epoch 50/100
------------------------------
train Loss: 0.0613 Acc: 0.9784
2020-01-17 13:52:43.364764
validation Loss: 0.0668 Acc: 0.9800
2020-01-17 13:53:21.243241

Epoch 51/100
------------------------------
train Loss: 0.0698 Acc: 0.9772
2020-01-17 13:53:53.117289
validation Loss: 0.0634 Acc: 0.9807
2020-01-17 13:54:32.398137

Epoch 52/100
------------------------------
train Loss: 0.0583 Acc: 0.9803
2020-01-17 13:55:04.770862
validation Loss: 0.0695 Acc: 0.9790
2020-01-17 13:55:43.438600

Epoch 53/100
------------------------------
train Loss: 0.0590 Acc: 0.9798
2020-01-17 13:56:15.941749
validation Loss: 0.0706 Acc: 0.9791
2020-01-17 13:56:54.695700

Epoch 54/100
------------------------------
train Loss: 0.0602 Acc: 0.9801
2020-01-17 13:57:26.931696
validation Loss: 0.0667 Acc: 0.9799
2020-01-17 13:58:05.465797

Epoch 55/100
------------------------------
train Loss: 0.0584 Acc: 0.9805
2020-01-17 13:58:38.237989
validation Loss: 0.0704 Acc: 0.9791
2020-01-17 13:59:17.119448

Epoch 56/100
------------------------------
train Loss: 0.0666 Acc: 0.9764
2020-01-17 13:59:49.690573
validation Loss: 0.0757 Acc: 0.9773
2020-01-17 14:00:28.386516

Epoch 57/100
------------------------------
train Loss: 0.0587 Acc: 0.9800
2020-01-17 14:01:00.674423
validation Loss: 0.0692 Acc: 0.9797
2020-01-17 14:01:39.315688

Epoch 58/100
------------------------------
train Loss: 0.0533 Acc: 0.9819
2020-01-17 14:02:11.658825
validation Loss: 0.0665 Acc: 0.9805
2020-01-17 14:02:50.416666

Epoch 59/100
------------------------------
train Loss: 0.0580 Acc: 0.9797
2020-01-17 14:03:22.754049
validation Loss: 0.0641 Acc: 0.9813
2020-01-17 14:04:02.148697

Epoch 60/100
------------------------------
train Loss: 0.0577 Acc: 0.9818
2020-01-17 14:04:34.729503
validation Loss: 0.0672 Acc: 0.9802
2020-01-17 14:05:13.441776

Epoch 61/100
------------------------------
train Loss: 0.0600 Acc: 0.9782
2020-01-17 14:05:45.932676
validation Loss: 0.0703 Acc: 0.9792
2020-01-17 14:06:24.611305

Epoch 62/100
------------------------------
train Loss: 0.0508 Acc: 0.9826
2020-01-17 14:06:57.697490
validation Loss: 0.0697 Acc: 0.9794
2020-01-17 14:07:36.525859

Epoch 63/100
------------------------------
train Loss: 0.0597 Acc: 0.9802
2020-01-17 14:08:08.342208
validation Loss: 0.0656 Acc: 0.9804
2020-01-17 14:08:47.320437

Epoch 64/100
------------------------------
train Loss: 0.0526 Acc: 0.9818
2020-01-17 14:09:19.326315
validation Loss: 0.0679 Acc: 0.9797
2020-01-17 14:09:58.876145

Epoch 65/100
------------------------------
train Loss: 0.0520 Acc: 0.9818
2020-01-17 14:10:31.804523
validation Loss: 0.0655 Acc: 0.9810
2020-01-17 14:11:09.772011

Epoch 66/100
------------------------------
train Loss: 0.0590 Acc: 0.9798
2020-01-17 14:11:42.385242
validation Loss: 0.0639 Acc: 0.9811
2020-01-17 14:12:22.900120

Epoch 67/100
------------------------------
train Loss: 0.0558 Acc: 0.9801
2020-01-17 14:12:55.418706
validation Loss: 0.0675 Acc: 0.9804
2020-01-17 14:13:33.679088

Epoch 68/100
------------------------------
train Loss: 0.0488 Acc: 0.9834
2020-01-17 14:14:06.190333
validation Loss: 0.0639 Acc: 0.9807
2020-01-17 14:14:45.536987

Epoch 69/100
------------------------------
train Loss: 0.0521 Acc: 0.9818
2020-01-17 14:15:17.943990
validation Loss: 0.0669 Acc: 0.9810
2020-01-17 14:15:57.261890

Epoch 70/100
------------------------------
train Loss: 0.0546 Acc: 0.9816
2020-01-17 14:16:28.984467
validation Loss: 0.0644 Acc: 0.9812
2020-01-17 14:17:06.967505

Epoch 71/100
------------------------------
train Loss: 0.0524 Acc: 0.9809
2020-01-17 14:17:39.297942
validation Loss: 0.0615 Acc: 0.9814
2020-01-17 14:18:17.210034

Epoch 72/100
------------------------------
train Loss: 0.0530 Acc: 0.9809
2020-01-17 14:18:49.651376
validation Loss: 0.0689 Acc: 0.9802
2020-01-17 14:19:29.249380

Epoch 73/100
------------------------------
train Loss: 0.0509 Acc: 0.9842
2020-01-17 14:20:01.598436
validation Loss: 0.0634 Acc: 0.9813
2020-01-17 14:20:41.344527

Epoch 74/100
------------------------------
train Loss: 0.0525 Acc: 0.9823
2020-01-17 14:21:13.693089
validation Loss: 0.0683 Acc: 0.9806
2020-01-17 14:21:51.634223

Epoch 75/100
------------------------------
train Loss: 0.0474 Acc: 0.9838
2020-01-17 14:22:23.277426
validation Loss: 0.0640 Acc: 0.9812
2020-01-17 14:23:01.157834

Epoch 76/100
------------------------------
train Loss: 0.0446 Acc: 0.9839
2020-01-17 14:23:32.697138
validation Loss: 0.0680 Acc: 0.9798
2020-01-17 14:24:11.511991

Epoch 77/100
------------------------------
train Loss: 0.0499 Acc: 0.9824
2020-01-17 14:24:44.054267
validation Loss: 0.0648 Acc: 0.9813
2020-01-17 14:25:22.624020

Epoch 78/100
------------------------------
train Loss: 0.0483 Acc: 0.9843
2020-01-17 14:25:54.515702
validation Loss: 0.0806 Acc: 0.9766
2020-01-17 14:26:33.927673

Epoch 79/100
------------------------------
train Loss: 0.0480 Acc: 0.9832
2020-01-17 14:27:06.202357
validation Loss: 0.0611 Acc: 0.9819
2020-01-17 14:27:44.827969

Epoch 80/100
------------------------------
train Loss: 0.0476 Acc: 0.9838
2020-01-17 14:28:17.270245
validation Loss: 0.0766 Acc: 0.9783
2020-01-17 14:28:55.768978

Epoch 81/100
------------------------------
train Loss: 0.0463 Acc: 0.9844
2020-01-17 14:29:28.875007
validation Loss: 0.0639 Acc: 0.9813
2020-01-17 14:30:07.217796

Epoch 82/100
------------------------------
train Loss: 0.0441 Acc: 0.9840
2020-01-17 14:30:39.498007
validation Loss: 0.0716 Acc: 0.9800
2020-01-17 14:31:18.207036

Epoch 83/100
------------------------------
train Loss: 0.0448 Acc: 0.9847
2020-01-17 14:31:50.665086
validation Loss: 0.0620 Acc: 0.9819
2020-01-17 14:32:29.045086

Epoch 84/100
------------------------------
train Loss: 0.0452 Acc: 0.9846
2020-01-17 14:33:01.021331
validation Loss: 0.0670 Acc: 0.9804
2020-01-17 14:33:39.376658

Epoch 85/100
------------------------------
train Loss: 0.0442 Acc: 0.9845
2020-01-17 14:34:11.943774
validation Loss: 0.0811 Acc: 0.9778
2020-01-17 14:34:50.500015

Epoch 86/100
------------------------------
train Loss: 0.0423 Acc: 0.9848
2020-01-17 14:35:22.788475
validation Loss: 0.0712 Acc: 0.9789
2020-01-17 14:36:01.606534

Epoch 87/100
------------------------------
train Loss: 0.0438 Acc: 0.9852
2020-01-17 14:36:35.302583
validation Loss: 0.0647 Acc: 0.9815
2020-01-17 14:37:14.191228

Epoch 88/100
------------------------------
train Loss: 0.0470 Acc: 0.9835
2020-01-17 14:37:46.347566
validation Loss: 0.0624 Acc: 0.9819
2020-01-17 14:38:25.925090

Epoch 89/100
------------------------------
train Loss: 0.0449 Acc: 0.9841
2020-01-17 14:38:58.279394
validation Loss: 0.0760 Acc: 0.9784
2020-01-17 14:39:36.685392

Epoch 90/100
------------------------------
train Loss: 0.0446 Acc: 0.9843
2020-01-17 14:40:09.129475
validation Loss: 0.0604 Acc: 0.9825
2020-01-17 14:40:49.830765

Epoch 91/100
------------------------------
train Loss: 0.0447 Acc: 0.9846
2020-01-17 14:41:22.392569
validation Loss: 0.0644 Acc: 0.9812
2020-01-17 14:42:00.999889

Epoch 92/100
------------------------------
train Loss: 0.0452 Acc: 0.9844
2020-01-17 14:42:33.520157
validation Loss: 0.0663 Acc: 0.9814
2020-01-17 14:43:12.716368

Epoch 93/100
------------------------------
train Loss: 0.0431 Acc: 0.9853
2020-01-17 14:43:45.101515
validation Loss: 0.0680 Acc: 0.9807
2020-01-17 14:44:24.236569

Epoch 94/100
------------------------------
train Loss: 0.0388 Acc: 0.9863
2020-01-17 14:44:56.894104
validation Loss: 0.0593 Acc: 0.9836
2020-01-17 14:45:35.787517

Epoch 95/100
------------------------------
train Loss: 0.0440 Acc: 0.9840
2020-01-17 14:46:08.244066
validation Loss: 0.0672 Acc: 0.9809
2020-01-17 14:46:47.270355

Epoch 96/100
------------------------------
train Loss: 0.0412 Acc: 0.9851
2020-01-17 14:47:20.000644
validation Loss: 0.0676 Acc: 0.9806
2020-01-17 14:47:59.329840

Epoch 97/100
------------------------------
train Loss: 0.0390 Acc: 0.9868
2020-01-17 14:48:31.863494
validation Loss: 0.0602 Acc: 0.9825
2020-01-17 14:49:10.703579

Epoch 98/100
------------------------------
train Loss: 0.0407 Acc: 0.9855
2020-01-17 14:49:45.321970
validation Loss: 0.0680 Acc: 0.9804
2020-01-17 14:50:25.225971

Epoch 99/100
------------------------------
train Loss: 0.0385 Acc: 0.9866
2020-01-17 14:50:58.042561
validation Loss: 0.0722 Acc: 0.9802
2020-01-17 14:51:36.228507

Epoch 100/100
------------------------------
train Loss: 0.0422 Acc: 0.9845
2020-01-17 14:52:08.501897
validation Loss: 0.0612 Acc: 0.9825
2020-01-17 14:52:47.634461

Best Val Acc: 0.9836
Accuracy of the network on the 50000 test images: 98.356
