Namespace(batch_size=128, device='cuda:0', epochs=300, extra_comment='', lr=0.001, model='z2cnn', optim='adam', path='./saved/model_z2cnn_optim_adam_lr_0.001_wd_0.0001_seed_0/model.pth', pretrained=False, seed=0, weight_decay=0.0001)
2020-01-29 10:18:15.219347
Epoch 1/300
------------------------------
train Loss: 2.2041 Acc: 0.2181
2020-01-29 10:18:16.151939
validation Loss: 2.2026 Acc: 0.2488
2020-01-29 10:18:16.977090

Epoch 2/300
------------------------------
train Loss: 1.6387 Acc: 0.4179
2020-01-29 10:18:17.571591
validation Loss: 2.6059 Acc: 0.2378
2020-01-29 10:18:18.364643

Epoch 3/300
------------------------------
train Loss: 1.3650 Acc: 0.5165
2020-01-29 10:18:18.956258
validation Loss: 1.8868 Acc: 0.3521
2020-01-29 10:18:19.768483

Epoch 4/300
------------------------------
train Loss: 1.1584 Acc: 0.6037
2020-01-29 10:18:20.378607
validation Loss: 1.3823 Acc: 0.5099
2020-01-29 10:18:21.199774

Epoch 5/300
------------------------------
train Loss: 0.9750 Acc: 0.6741
2020-01-29 10:18:21.806325
validation Loss: 0.8927 Acc: 0.7125
2020-01-29 10:18:22.600907

Epoch 6/300
------------------------------
train Loss: 0.8162 Acc: 0.7362
2020-01-29 10:18:23.186609
validation Loss: 0.6564 Acc: 0.7982
2020-01-29 10:18:24.016249

Epoch 7/300
------------------------------
train Loss: 0.7268 Acc: 0.7640
2020-01-29 10:18:24.616430
validation Loss: 0.6104 Acc: 0.8096
2020-01-29 10:18:25.410794

Epoch 8/300
------------------------------
train Loss: 0.6463 Acc: 0.7904
2020-01-29 10:18:26.005322
validation Loss: 0.5942 Acc: 0.8144
2020-01-29 10:18:26.816703

Epoch 9/300
------------------------------
train Loss: 0.5932 Acc: 0.8077
2020-01-29 10:18:27.409816
validation Loss: 0.4408 Acc: 0.8647
2020-01-29 10:18:28.223423

Epoch 10/300
------------------------------
train Loss: 0.5555 Acc: 0.8250
2020-01-29 10:18:28.814059
validation Loss: 0.4385 Acc: 0.8631
2020-01-29 10:18:29.620036

Epoch 11/300
------------------------------
train Loss: 0.5156 Acc: 0.8353
2020-01-29 10:18:30.215131
validation Loss: 0.3935 Acc: 0.8778
2020-01-29 10:18:31.006127

Epoch 12/300
------------------------------
train Loss: 0.5054 Acc: 0.8402
2020-01-29 10:18:31.599816
validation Loss: 0.3981 Acc: 0.8768
2020-01-29 10:18:32.422192

Epoch 13/300
------------------------------
train Loss: 0.4769 Acc: 0.8482
2020-01-29 10:18:33.023086
validation Loss: 0.3706 Acc: 0.8835
2020-01-29 10:18:33.843373

Epoch 14/300
------------------------------
train Loss: 0.4677 Acc: 0.8505
2020-01-29 10:18:34.444174
validation Loss: 0.3114 Acc: 0.9019
2020-01-29 10:18:35.230018

Epoch 15/300
------------------------------
train Loss: 0.4469 Acc: 0.8603
2020-01-29 10:18:35.822413
validation Loss: 0.2963 Acc: 0.9072
2020-01-29 10:18:36.613927

Epoch 16/300
------------------------------
train Loss: 0.4219 Acc: 0.8670
2020-01-29 10:18:37.220799
validation Loss: 0.3076 Acc: 0.9036
2020-01-29 10:18:38.012306

Epoch 17/300
------------------------------
train Loss: 0.4126 Acc: 0.8670
2020-01-29 10:18:38.604714
validation Loss: 0.2820 Acc: 0.9118
2020-01-29 10:18:39.424465

Epoch 18/300
------------------------------
train Loss: 0.3973 Acc: 0.8750
2020-01-29 10:18:40.024454
validation Loss: 0.2763 Acc: 0.9113
2020-01-29 10:18:40.826581

Epoch 19/300
------------------------------
train Loss: 0.3902 Acc: 0.8718
2020-01-29 10:18:41.417342
validation Loss: 0.2591 Acc: 0.9185
2020-01-29 10:18:42.195230

Epoch 20/300
------------------------------
train Loss: 0.3725 Acc: 0.8802
2020-01-29 10:18:42.802326
validation Loss: 0.2550 Acc: 0.9192
2020-01-29 10:18:43.569097

Epoch 21/300
------------------------------
train Loss: 0.3697 Acc: 0.8821
2020-01-29 10:18:44.168774
validation Loss: 0.2608 Acc: 0.9163
2020-01-29 10:18:44.976438

Epoch 22/300
------------------------------
train Loss: 0.3611 Acc: 0.8832
2020-01-29 10:18:45.568302
validation Loss: 0.2508 Acc: 0.9198
2020-01-29 10:18:46.402483

Epoch 23/300
------------------------------
train Loss: 0.3556 Acc: 0.8855
2020-01-29 10:18:47.000297
validation Loss: 0.2584 Acc: 0.9179
2020-01-29 10:18:47.796889

Epoch 24/300
------------------------------
train Loss: 0.3487 Acc: 0.8873
2020-01-29 10:18:48.414378
validation Loss: 0.2401 Acc: 0.9238
2020-01-29 10:18:49.248624

Epoch 25/300
------------------------------
train Loss: 0.3423 Acc: 0.8878
2020-01-29 10:18:49.852074
validation Loss: 0.2552 Acc: 0.9180
2020-01-29 10:18:50.649004

Epoch 26/300
------------------------------
train Loss: 0.3406 Acc: 0.8890
2020-01-29 10:18:51.248029
validation Loss: 0.2384 Acc: 0.9245
2020-01-29 10:18:52.089266

Epoch 27/300
------------------------------
train Loss: 0.3338 Acc: 0.8898
2020-01-29 10:18:52.746754
validation Loss: 0.2650 Acc: 0.9166
2020-01-29 10:18:53.617713

Epoch 28/300
------------------------------
train Loss: 0.3268 Acc: 0.8922
2020-01-29 10:18:54.228676
validation Loss: 0.2273 Acc: 0.9279
2020-01-29 10:18:55.040896

Epoch 29/300
------------------------------
train Loss: 0.3255 Acc: 0.8949
2020-01-29 10:18:55.654236
validation Loss: 0.2360 Acc: 0.9243
2020-01-29 10:18:56.444025

Epoch 30/300
------------------------------
train Loss: 0.3205 Acc: 0.8929
2020-01-29 10:18:57.056625
validation Loss: 0.2344 Acc: 0.9255
2020-01-29 10:18:57.880427

Epoch 31/300
------------------------------
train Loss: 0.3069 Acc: 0.9014
2020-01-29 10:18:58.498186
validation Loss: 0.2259 Acc: 0.9269
2020-01-29 10:18:59.329698

Epoch 32/300
------------------------------
train Loss: 0.3060 Acc: 0.9015
2020-01-29 10:18:59.959723
validation Loss: 0.2308 Acc: 0.9258
2020-01-29 10:19:00.759945

Epoch 33/300
------------------------------
train Loss: 0.3088 Acc: 0.8985
2020-01-29 10:19:01.366991
validation Loss: 0.2244 Acc: 0.9293
2020-01-29 10:19:02.184214

Epoch 34/300
------------------------------
train Loss: 0.3030 Acc: 0.9008
2020-01-29 10:19:02.783753
validation Loss: 0.2228 Acc: 0.9297
2020-01-29 10:19:03.563483

Epoch 35/300
------------------------------
train Loss: 0.2979 Acc: 0.9050
2020-01-29 10:19:04.167857
validation Loss: 0.2273 Acc: 0.9282
2020-01-29 10:19:04.992999

Epoch 36/300
------------------------------
train Loss: 0.2970 Acc: 0.9008
2020-01-29 10:19:05.593833
validation Loss: 0.2258 Acc: 0.9283
2020-01-29 10:19:06.433010

Epoch 37/300
------------------------------
train Loss: 0.2943 Acc: 0.9067
2020-01-29 10:19:07.079304
validation Loss: 0.2257 Acc: 0.9281
2020-01-29 10:19:07.964527

Epoch 38/300
------------------------------
train Loss: 0.2994 Acc: 0.9009
2020-01-29 10:19:08.614246
validation Loss: 0.2218 Acc: 0.9299
2020-01-29 10:19:09.478137

Epoch 39/300
------------------------------
train Loss: 0.2878 Acc: 0.9067
2020-01-29 10:19:10.128875
validation Loss: 0.2153 Acc: 0.9323
2020-01-29 10:19:11.019388

Epoch 40/300
------------------------------
train Loss: 0.2782 Acc: 0.9063
2020-01-29 10:19:11.732295
validation Loss: 0.2040 Acc: 0.9357
2020-01-29 10:19:12.555060

Epoch 41/300
------------------------------
train Loss: 0.2818 Acc: 0.9070
2020-01-29 10:19:13.161991
validation Loss: 0.2040 Acc: 0.9353
2020-01-29 10:19:14.000153

Epoch 42/300
------------------------------
train Loss: 0.2777 Acc: 0.9084
2020-01-29 10:19:14.604007
validation Loss: 0.2118 Acc: 0.9333
2020-01-29 10:19:15.421602

Epoch 43/300
------------------------------
train Loss: 0.2778 Acc: 0.9105
2020-01-29 10:19:16.037337
validation Loss: 0.2195 Acc: 0.9317
2020-01-29 10:19:16.835959

Epoch 44/300
------------------------------
train Loss: 0.2803 Acc: 0.9056
2020-01-29 10:19:17.439728
validation Loss: 0.2101 Acc: 0.9342
2020-01-29 10:19:18.253464

Epoch 45/300
------------------------------
train Loss: 0.2751 Acc: 0.9113
2020-01-29 10:19:18.859433
validation Loss: 0.2162 Acc: 0.9325
2020-01-29 10:19:19.691247

Epoch 46/300
------------------------------
train Loss: 0.2700 Acc: 0.9090
2020-01-29 10:19:20.311933
validation Loss: 0.2111 Acc: 0.9338
2020-01-29 10:19:21.127761

Epoch 47/300
------------------------------
train Loss: 0.2681 Acc: 0.9103
2020-01-29 10:19:21.746864
validation Loss: 0.1994 Acc: 0.9363
2020-01-29 10:19:22.572358

Epoch 48/300
------------------------------
train Loss: 0.2639 Acc: 0.9113
2020-01-29 10:19:23.186420
validation Loss: 0.2006 Acc: 0.9378
2020-01-29 10:19:24.011683

Epoch 49/300
------------------------------
train Loss: 0.2576 Acc: 0.9163
2020-01-29 10:19:24.615039
validation Loss: 0.2146 Acc: 0.9331
2020-01-29 10:19:25.434255

Epoch 50/300
------------------------------
train Loss: 0.2583 Acc: 0.9137
2020-01-29 10:19:26.062499
validation Loss: 0.1948 Acc: 0.9387
2020-01-29 10:19:26.901208

Epoch 51/300
------------------------------
train Loss: 0.2505 Acc: 0.9177
2020-01-29 10:19:27.510672
validation Loss: 0.2030 Acc: 0.9362
2020-01-29 10:19:28.330608

Epoch 52/300
------------------------------
train Loss: 0.2605 Acc: 0.9154
2020-01-29 10:19:28.935684
validation Loss: 0.2040 Acc: 0.9358
2020-01-29 10:19:29.729561

Epoch 53/300
------------------------------
train Loss: 0.2594 Acc: 0.9162
2020-01-29 10:19:30.345951
validation Loss: 0.2007 Acc: 0.9368
2020-01-29 10:19:31.163622

Epoch 54/300
------------------------------
train Loss: 0.2486 Acc: 0.9197
2020-01-29 10:19:31.762601
validation Loss: 0.2057 Acc: 0.9360
2020-01-29 10:19:32.567267

Epoch 55/300
------------------------------
train Loss: 0.2518 Acc: 0.9153
2020-01-29 10:19:33.176369
validation Loss: 0.1926 Acc: 0.9400
2020-01-29 10:19:33.986023

Epoch 56/300
------------------------------
train Loss: 0.2504 Acc: 0.9193
2020-01-29 10:19:34.625877
validation Loss: 0.1970 Acc: 0.9394
2020-01-29 10:19:35.510013

Epoch 57/300
------------------------------
train Loss: 0.2482 Acc: 0.9203
2020-01-29 10:19:36.145009
validation Loss: 0.2099 Acc: 0.9359
2020-01-29 10:19:37.027781

Epoch 58/300
------------------------------
train Loss: 0.2568 Acc: 0.9166
2020-01-29 10:19:37.695532
validation Loss: 0.1970 Acc: 0.9392
2020-01-29 10:19:38.596279

Epoch 59/300
------------------------------
train Loss: 0.2463 Acc: 0.9183
2020-01-29 10:19:39.277365
validation Loss: 0.1989 Acc: 0.9374
2020-01-29 10:19:40.197861

Epoch 60/300
------------------------------
train Loss: 0.2492 Acc: 0.9171
2020-01-29 10:19:40.798561
validation Loss: 0.2089 Acc: 0.9360
2020-01-29 10:19:41.587655

Epoch 61/300
------------------------------
train Loss: 0.2450 Acc: 0.9197
2020-01-29 10:19:42.205681
validation Loss: 0.2102 Acc: 0.9350
2020-01-29 10:19:43.022010

Epoch 62/300
------------------------------
train Loss: 0.2451 Acc: 0.9202
2020-01-29 10:19:43.624366
validation Loss: 0.2032 Acc: 0.9369
2020-01-29 10:19:44.423685

Epoch 63/300
------------------------------
train Loss: 0.2472 Acc: 0.9193
2020-01-29 10:19:45.023198
validation Loss: 0.2020 Acc: 0.9377
2020-01-29 10:19:45.832799

Epoch 64/300
------------------------------
train Loss: 0.2272 Acc: 0.9236
2020-01-29 10:19:46.422798
validation Loss: 0.2020 Acc: 0.9374
2020-01-29 10:19:47.209516

Epoch 65/300
------------------------------
train Loss: 0.2430 Acc: 0.9207
2020-01-29 10:19:47.810369
validation Loss: 0.1975 Acc: 0.9384
2020-01-29 10:19:48.652056

Epoch 66/300
------------------------------
train Loss: 0.2307 Acc: 0.9239
2020-01-29 10:19:49.260166
validation Loss: 0.2191 Acc: 0.9327
2020-01-29 10:19:50.079291

Epoch 67/300
------------------------------
train Loss: 0.2427 Acc: 0.9193
2020-01-29 10:19:50.696015
validation Loss: 0.1921 Acc: 0.9400
2020-01-29 10:19:51.504596

Epoch 68/300
------------------------------
train Loss: 0.2315 Acc: 0.9219
2020-01-29 10:19:52.112112
validation Loss: 0.2005 Acc: 0.9383
2020-01-29 10:19:52.978373

Epoch 69/300
------------------------------
train Loss: 0.2278 Acc: 0.9233
2020-01-29 10:19:53.632350
validation Loss: 0.1983 Acc: 0.9388
2020-01-29 10:19:54.534736

Epoch 70/300
------------------------------
train Loss: 0.2329 Acc: 0.9235
2020-01-29 10:19:55.188201
validation Loss: 0.2017 Acc: 0.9392
2020-01-29 10:19:56.064168

Epoch 71/300
------------------------------
train Loss: 0.2313 Acc: 0.9233
2020-01-29 10:19:56.726503
validation Loss: 0.1913 Acc: 0.9408
2020-01-29 10:19:57.620812

Epoch 72/300
------------------------------
train Loss: 0.2269 Acc: 0.9251
2020-01-29 10:19:58.306944
validation Loss: 0.2000 Acc: 0.9386
2020-01-29 10:19:59.225671

Epoch 73/300
------------------------------
train Loss: 0.2359 Acc: 0.9207
2020-01-29 10:19:59.839874
validation Loss: 0.2034 Acc: 0.9379
2020-01-29 10:20:00.665146

Epoch 74/300
------------------------------
train Loss: 0.2278 Acc: 0.9243
2020-01-29 10:20:01.265235
validation Loss: 0.1929 Acc: 0.9399
2020-01-29 10:20:02.076412

Epoch 75/300
------------------------------
train Loss: 0.2367 Acc: 0.9198
2020-01-29 10:20:02.678333
validation Loss: 0.1892 Acc: 0.9413
2020-01-29 10:20:03.501089

Epoch 76/300
------------------------------
train Loss: 0.2278 Acc: 0.9256
2020-01-29 10:20:04.107242
validation Loss: 0.1897 Acc: 0.9410
2020-01-29 10:20:04.910276

Epoch 77/300
------------------------------
train Loss: 0.2164 Acc: 0.9264
2020-01-29 10:20:05.512936
validation Loss: 0.1904 Acc: 0.9407
2020-01-29 10:20:06.331686

Epoch 78/300
------------------------------
train Loss: 0.2181 Acc: 0.9276
2020-01-29 10:20:06.934791
validation Loss: 0.1992 Acc: 0.9385
2020-01-29 10:20:07.781769

Epoch 79/300
------------------------------
train Loss: 0.2217 Acc: 0.9257
2020-01-29 10:20:08.386637
validation Loss: 0.1922 Acc: 0.9407
2020-01-29 10:20:09.213918

Epoch 80/300
------------------------------
train Loss: 0.2152 Acc: 0.9290
2020-01-29 10:20:09.822523
validation Loss: 0.1923 Acc: 0.9405
2020-01-29 10:20:10.650251

Epoch 81/300
------------------------------
train Loss: 0.2184 Acc: 0.9277
2020-01-29 10:20:11.253549
validation Loss: 0.1885 Acc: 0.9414
2020-01-29 10:20:12.130762

Epoch 82/300
------------------------------
train Loss: 0.2207 Acc: 0.9270
2020-01-29 10:20:12.775316
validation Loss: 0.1958 Acc: 0.9398
2020-01-29 10:20:13.650247

Epoch 83/300
------------------------------
train Loss: 0.2249 Acc: 0.9253
2020-01-29 10:20:14.274723
validation Loss: 0.1990 Acc: 0.9388
2020-01-29 10:20:15.138606

Epoch 84/300
------------------------------
train Loss: 0.2194 Acc: 0.9270
2020-01-29 10:20:15.796532
validation Loss: 0.1877 Acc: 0.9423
2020-01-29 10:20:16.656619

Epoch 85/300
------------------------------
train Loss: 0.2158 Acc: 0.9277
2020-01-29 10:20:17.316981
validation Loss: 0.1897 Acc: 0.9416
2020-01-29 10:20:18.214271

Epoch 86/300
------------------------------
train Loss: 0.2216 Acc: 0.9261
2020-01-29 10:20:18.816484
validation Loss: 0.2059 Acc: 0.9369
2020-01-29 10:20:19.585443

Epoch 87/300
------------------------------
train Loss: 0.2121 Acc: 0.9294
2020-01-29 10:20:20.184886
validation Loss: 0.1975 Acc: 0.9388
2020-01-29 10:20:21.008148

Epoch 88/300
------------------------------
train Loss: 0.2148 Acc: 0.9276
2020-01-29 10:20:21.610267
validation Loss: 0.1870 Acc: 0.9420
2020-01-29 10:20:22.462018

Epoch 89/300
------------------------------
train Loss: 0.2074 Acc: 0.9293
2020-01-29 10:20:23.120861
validation Loss: 0.1911 Acc: 0.9414
2020-01-29 10:20:24.007690

Epoch 90/300
------------------------------
train Loss: 0.2042 Acc: 0.9315
2020-01-29 10:20:24.654984
validation Loss: 0.1964 Acc: 0.9387
2020-01-29 10:20:25.526926

Epoch 91/300
------------------------------
train Loss: 0.2090 Acc: 0.9291
2020-01-29 10:20:26.205049
validation Loss: 0.1919 Acc: 0.9412
2020-01-29 10:20:27.116490

Epoch 92/300
------------------------------
train Loss: 0.2096 Acc: 0.9285
2020-01-29 10:20:27.803721
validation Loss: 0.1847 Acc: 0.9430
2020-01-29 10:20:28.676056

Epoch 93/300
------------------------------
train Loss: 0.2102 Acc: 0.9294
2020-01-29 10:20:29.289253
validation Loss: 0.1925 Acc: 0.9408
2020-01-29 10:20:30.106992

Epoch 94/300
------------------------------
train Loss: 0.2008 Acc: 0.9295
2020-01-29 10:20:30.702299
validation Loss: 0.1872 Acc: 0.9417
2020-01-29 10:20:31.515946

Epoch 95/300
------------------------------
train Loss: 0.2100 Acc: 0.9311
2020-01-29 10:20:32.116912
validation Loss: 0.1943 Acc: 0.9404
2020-01-29 10:20:32.917779

Epoch 96/300
------------------------------
train Loss: 0.2125 Acc: 0.9284
2020-01-29 10:20:33.523247
validation Loss: 0.1862 Acc: 0.9431
2020-01-29 10:20:34.336133

Epoch 97/300
------------------------------
train Loss: 0.2033 Acc: 0.9299
2020-01-29 10:20:34.942992
validation Loss: 0.1884 Acc: 0.9424
2020-01-29 10:20:35.744080

Epoch 98/300
------------------------------
train Loss: 0.2144 Acc: 0.9288
2020-01-29 10:20:36.349733
validation Loss: 0.1938 Acc: 0.9413
2020-01-29 10:20:37.148885

Epoch 99/300
------------------------------
train Loss: 0.2056 Acc: 0.9307
2020-01-29 10:20:37.757510
validation Loss: 0.1888 Acc: 0.9424
2020-01-29 10:20:38.565309

Epoch 100/300
------------------------------
train Loss: 0.2001 Acc: 0.9333
2020-01-29 10:20:39.168892
validation Loss: 0.1858 Acc: 0.9431
2020-01-29 10:20:39.979523

Epoch 101/300
------------------------------
train Loss: 0.2119 Acc: 0.9295
2020-01-29 10:20:40.584674
validation Loss: 0.1911 Acc: 0.9419
2020-01-29 10:20:41.393290

Epoch 102/300
------------------------------
train Loss: 0.2059 Acc: 0.9322
2020-01-29 10:20:41.990503
validation Loss: 0.1922 Acc: 0.9406
2020-01-29 10:20:42.799660

Epoch 103/300
------------------------------
train Loss: 0.2001 Acc: 0.9337
2020-01-29 10:20:43.399774
validation Loss: 0.1964 Acc: 0.9403
2020-01-29 10:20:44.270922

Epoch 104/300
------------------------------
train Loss: 0.2020 Acc: 0.9329
2020-01-29 10:20:44.905410
validation Loss: 0.1899 Acc: 0.9418
2020-01-29 10:20:45.732623

Epoch 105/300
------------------------------
train Loss: 0.1975 Acc: 0.9328
2020-01-29 10:20:46.333391
validation Loss: 0.1810 Acc: 0.9448
2020-01-29 10:20:47.165562

Epoch 106/300
------------------------------
train Loss: 0.2014 Acc: 0.9322
2020-01-29 10:20:47.775655
validation Loss: 0.1806 Acc: 0.9454
2020-01-29 10:20:48.580815

Epoch 107/300
------------------------------
train Loss: 0.2102 Acc: 0.9317
2020-01-29 10:20:49.181532
validation Loss: 0.1985 Acc: 0.9400
2020-01-29 10:20:49.992340

Epoch 108/300
------------------------------
train Loss: 0.2069 Acc: 0.9297
2020-01-29 10:20:50.597432
validation Loss: 0.1942 Acc: 0.9403
2020-01-29 10:20:51.462330

Epoch 109/300
------------------------------
train Loss: 0.2029 Acc: 0.9318
2020-01-29 10:20:52.094564
validation Loss: 0.1842 Acc: 0.9424
2020-01-29 10:20:52.917182

Epoch 110/300
------------------------------
train Loss: 0.2007 Acc: 0.9331
2020-01-29 10:20:53.500803
validation Loss: 0.1871 Acc: 0.9426
2020-01-29 10:20:54.296933

Epoch 111/300
------------------------------
train Loss: 0.2016 Acc: 0.9329
2020-01-29 10:20:54.919698
validation Loss: 0.1880 Acc: 0.9423
2020-01-29 10:20:55.752142

Epoch 112/300
------------------------------
train Loss: 0.1974 Acc: 0.9334
2020-01-29 10:20:56.371344
validation Loss: 0.1851 Acc: 0.9427
2020-01-29 10:20:57.203042

Epoch 113/300
------------------------------
train Loss: 0.1934 Acc: 0.9343
2020-01-29 10:20:57.807158
validation Loss: 0.1943 Acc: 0.9405
2020-01-29 10:20:58.615562

Epoch 114/300
------------------------------
train Loss: 0.1986 Acc: 0.9343
2020-01-29 10:20:59.214692
validation Loss: 0.1899 Acc: 0.9419
2020-01-29 10:21:00.013294

Epoch 115/300
------------------------------
train Loss: 0.1998 Acc: 0.9343
2020-01-29 10:21:00.639149
validation Loss: 0.1844 Acc: 0.9442
2020-01-29 10:21:01.510594

Epoch 116/300
------------------------------
train Loss: 0.1957 Acc: 0.9336
2020-01-29 10:21:02.111483
validation Loss: 0.1871 Acc: 0.9435
2020-01-29 10:21:02.931930

Epoch 117/300
------------------------------
train Loss: 0.1973 Acc: 0.9307
2020-01-29 10:21:03.554046
validation Loss: 0.1861 Acc: 0.9435
2020-01-29 10:21:04.391396

Epoch 118/300
------------------------------
train Loss: 0.2055 Acc: 0.9305
2020-01-29 10:21:04.991752
validation Loss: 0.1858 Acc: 0.9436
2020-01-29 10:21:05.798426

Epoch 119/300
------------------------------
train Loss: 0.1982 Acc: 0.9323
2020-01-29 10:21:06.403677
validation Loss: 0.1881 Acc: 0.9438
2020-01-29 10:21:07.227651

Epoch 120/300
------------------------------
train Loss: 0.1924 Acc: 0.9358
2020-01-29 10:21:07.838862
validation Loss: 0.1832 Acc: 0.9446
2020-01-29 10:21:08.655407

Epoch 121/300
------------------------------
train Loss: 0.1961 Acc: 0.9360
2020-01-29 10:21:09.255222
validation Loss: 0.1871 Acc: 0.9433
2020-01-29 10:21:10.080889

Epoch 122/300
------------------------------
train Loss: 0.1911 Acc: 0.9332
2020-01-29 10:21:10.687988
validation Loss: 0.1799 Acc: 0.9453
2020-01-29 10:21:11.506307

Epoch 123/300
------------------------------
train Loss: 0.1993 Acc: 0.9307
2020-01-29 10:21:12.125063
validation Loss: 0.1846 Acc: 0.9431
2020-01-29 10:21:12.945814

Epoch 124/300
------------------------------
train Loss: 0.1934 Acc: 0.9350
2020-01-29 10:21:13.554809
validation Loss: 0.1803 Acc: 0.9455
2020-01-29 10:21:14.416813

Epoch 125/300
------------------------------
train Loss: 0.1928 Acc: 0.9327
2020-01-29 10:21:15.042812
validation Loss: 0.1774 Acc: 0.9459
2020-01-29 10:21:15.872898

Epoch 126/300
------------------------------
train Loss: 0.1963 Acc: 0.9340
2020-01-29 10:21:16.499816
validation Loss: 0.1796 Acc: 0.9450
2020-01-29 10:21:17.312567

Epoch 127/300
------------------------------
train Loss: 0.1927 Acc: 0.9368
2020-01-29 10:21:17.919794
validation Loss: 0.1861 Acc: 0.9437
2020-01-29 10:21:18.739140

Epoch 128/300
------------------------------
train Loss: 0.1975 Acc: 0.9351
2020-01-29 10:21:19.358288
validation Loss: 0.1854 Acc: 0.9436
2020-01-29 10:21:20.170255

Epoch 129/300
------------------------------
train Loss: 0.1888 Acc: 0.9353
2020-01-29 10:21:20.772882
validation Loss: 0.1866 Acc: 0.9441
2020-01-29 10:21:21.593590

Epoch 130/300
------------------------------
train Loss: 0.1890 Acc: 0.9357
2020-01-29 10:21:22.207069
validation Loss: 0.1807 Acc: 0.9457
2020-01-29 10:21:23.005234

Epoch 131/300
------------------------------
train Loss: 0.1909 Acc: 0.9348
2020-01-29 10:21:23.604164
validation Loss: 0.1857 Acc: 0.9430
2020-01-29 10:21:24.433679

Epoch 132/300
------------------------------
train Loss: 0.1850 Acc: 0.9392
2020-01-29 10:21:25.107502
validation Loss: 0.1844 Acc: 0.9442
2020-01-29 10:21:25.986335

Epoch 133/300
------------------------------
train Loss: 0.1847 Acc: 0.9367
2020-01-29 10:21:26.628366
validation Loss: 0.1732 Acc: 0.9472
2020-01-29 10:21:27.486370

Epoch 134/300
------------------------------
train Loss: 0.1928 Acc: 0.9347
2020-01-29 10:21:28.170698
validation Loss: 0.1940 Acc: 0.9416
2020-01-29 10:21:29.053821

Epoch 135/300
------------------------------
train Loss: 0.1907 Acc: 0.9352
2020-01-29 10:21:29.740322
validation Loss: 0.1857 Acc: 0.9441
2020-01-29 10:21:30.662960

Epoch 136/300
------------------------------
train Loss: 0.1794 Acc: 0.9380
2020-01-29 10:21:31.261188
validation Loss: 0.1871 Acc: 0.9433
2020-01-29 10:21:32.066894

Epoch 137/300
------------------------------
train Loss: 0.1877 Acc: 0.9357
2020-01-29 10:21:32.681228
validation Loss: 0.1798 Acc: 0.9456
2020-01-29 10:21:33.486912

Epoch 138/300
------------------------------
train Loss: 0.1883 Acc: 0.9379
2020-01-29 10:21:34.090322
validation Loss: 0.1785 Acc: 0.9459
2020-01-29 10:21:34.899526

Epoch 139/300
------------------------------
train Loss: 0.1827 Acc: 0.9369
2020-01-29 10:21:35.502872
validation Loss: 0.1753 Acc: 0.9468
2020-01-29 10:21:36.310434

Epoch 140/300
------------------------------
train Loss: 0.1918 Acc: 0.9327
2020-01-29 10:21:36.919955
validation Loss: 0.1770 Acc: 0.9462
2020-01-29 10:21:37.734811

Epoch 141/300
------------------------------
train Loss: 0.1842 Acc: 0.9386
2020-01-29 10:21:38.338660
validation Loss: 0.1823 Acc: 0.9447
2020-01-29 10:21:39.126013

Epoch 142/300
------------------------------
train Loss: 0.1822 Acc: 0.9396
2020-01-29 10:21:39.710609
validation Loss: 0.1833 Acc: 0.9438
2020-01-29 10:21:40.518875

Epoch 143/300
------------------------------
train Loss: 0.1821 Acc: 0.9370
2020-01-29 10:21:41.129190
validation Loss: 0.1807 Acc: 0.9447
2020-01-29 10:21:41.932188

Epoch 144/300
------------------------------
train Loss: 0.1809 Acc: 0.9386
2020-01-29 10:21:42.540467
validation Loss: 0.1807 Acc: 0.9453
2020-01-29 10:21:43.368548

Epoch 145/300
------------------------------
train Loss: 0.1851 Acc: 0.9397
2020-01-29 10:21:43.968554
validation Loss: 0.1824 Acc: 0.9449
2020-01-29 10:21:44.776497

Epoch 146/300
------------------------------
train Loss: 0.1849 Acc: 0.9387
2020-01-29 10:21:45.380407
validation Loss: 0.1849 Acc: 0.9453
2020-01-29 10:21:46.198073

Epoch 147/300
------------------------------
train Loss: 0.1837 Acc: 0.9394
2020-01-29 10:21:46.805849
validation Loss: 0.1784 Acc: 0.9463
2020-01-29 10:21:47.598815

Epoch 148/300
------------------------------
train Loss: 0.1916 Acc: 0.9351
2020-01-29 10:21:48.211017
validation Loss: 0.1864 Acc: 0.9446
2020-01-29 10:21:49.043675

Epoch 149/300
------------------------------
train Loss: 0.1799 Acc: 0.9389
2020-01-29 10:21:49.643918
validation Loss: 0.1735 Acc: 0.9475
2020-01-29 10:21:50.489395

Epoch 150/300
------------------------------
train Loss: 0.1865 Acc: 0.9377
2020-01-29 10:21:51.101272
validation Loss: 0.1849 Acc: 0.9442
2020-01-29 10:21:51.979393

Epoch 151/300
------------------------------
train Loss: 0.1763 Acc: 0.9393
2020-01-29 10:21:52.625056
validation Loss: 0.1872 Acc: 0.9442
2020-01-29 10:21:53.521557

Epoch 152/300
------------------------------
train Loss: 0.1873 Acc: 0.9371
2020-01-29 10:21:54.176523
validation Loss: 0.1938 Acc: 0.9420
2020-01-29 10:21:55.061802

Epoch 153/300
------------------------------
train Loss: 0.1881 Acc: 0.9397
2020-01-29 10:21:55.725413
validation Loss: 0.1770 Acc: 0.9470
2020-01-29 10:21:56.652312

Epoch 154/300
------------------------------
train Loss: 0.1884 Acc: 0.9369
2020-01-29 10:21:57.409007
validation Loss: 0.1787 Acc: 0.9456
2020-01-29 10:21:58.262443

Epoch 155/300
------------------------------
train Loss: 0.1750 Acc: 0.9407
2020-01-29 10:21:58.885789
validation Loss: 0.1786 Acc: 0.9455
2020-01-29 10:21:59.734590

Epoch 156/300
------------------------------
train Loss: 0.1851 Acc: 0.9367
2020-01-29 10:22:00.373261
validation Loss: 0.1731 Acc: 0.9481
2020-01-29 10:22:01.284553

Epoch 157/300
------------------------------
train Loss: 0.1785 Acc: 0.9417
2020-01-29 10:22:01.963546
validation Loss: 0.1733 Acc: 0.9481
2020-01-29 10:22:02.879384

Epoch 158/300
------------------------------
train Loss: 0.1852 Acc: 0.9379
2020-01-29 10:22:03.506224
validation Loss: 0.1811 Acc: 0.9460
2020-01-29 10:22:04.412202

Epoch 159/300
------------------------------
train Loss: 0.1841 Acc: 0.9386
2020-01-29 10:22:05.124976
validation Loss: 0.1701 Acc: 0.9485
2020-01-29 10:22:06.094947

Epoch 160/300
------------------------------
train Loss: 0.1802 Acc: 0.9380
2020-01-29 10:22:06.757442
validation Loss: 0.1795 Acc: 0.9462
2020-01-29 10:22:07.562588

Epoch 161/300
------------------------------
train Loss: 0.1853 Acc: 0.9383
2020-01-29 10:22:08.162223
validation Loss: 0.1817 Acc: 0.9457
2020-01-29 10:22:09.066823

Epoch 162/300
------------------------------
train Loss: 0.1903 Acc: 0.9362
2020-01-29 10:22:09.717005
validation Loss: 0.1771 Acc: 0.9469
2020-01-29 10:22:10.520868

Epoch 163/300
------------------------------
train Loss: 0.1777 Acc: 0.9399
2020-01-29 10:22:11.121355
validation Loss: 0.1999 Acc: 0.9405
2020-01-29 10:22:11.921097

Epoch 164/300
------------------------------
train Loss: 0.1864 Acc: 0.9387
2020-01-29 10:22:12.532042
validation Loss: 0.1855 Acc: 0.9447
2020-01-29 10:22:13.402655

Epoch 165/300
------------------------------
train Loss: 0.1843 Acc: 0.9378
2020-01-29 10:22:14.001704
validation Loss: 0.1812 Acc: 0.9468
2020-01-29 10:22:14.805113

Epoch 166/300
------------------------------
train Loss: 0.1823 Acc: 0.9389
2020-01-29 10:22:15.427144
validation Loss: 0.1753 Acc: 0.9475
2020-01-29 10:22:16.286859

Epoch 167/300
------------------------------
train Loss: 0.1898 Acc: 0.9368
2020-01-29 10:22:16.895487
validation Loss: 0.1651 Acc: 0.9503
2020-01-29 10:22:17.705286

Epoch 168/300
------------------------------
train Loss: 0.1838 Acc: 0.9403
2020-01-29 10:22:18.302085
validation Loss: 0.1767 Acc: 0.9467
2020-01-29 10:22:19.155170

Epoch 169/300
------------------------------
train Loss: 0.1804 Acc: 0.9370
2020-01-29 10:22:19.799601
validation Loss: 0.1850 Acc: 0.9442
2020-01-29 10:22:20.665109

Epoch 170/300
------------------------------
train Loss: 0.1793 Acc: 0.9388
2020-01-29 10:22:21.360559
validation Loss: 0.1753 Acc: 0.9471
2020-01-29 10:22:22.259237

Epoch 171/300
------------------------------
train Loss: 0.1791 Acc: 0.9406
2020-01-29 10:22:22.902755
validation Loss: 0.1742 Acc: 0.9484
2020-01-29 10:22:23.753954

Epoch 172/300
------------------------------
train Loss: 0.1743 Acc: 0.9413
2020-01-29 10:22:24.370909
validation Loss: 0.1713 Acc: 0.9490
2020-01-29 10:22:25.254628

Epoch 173/300
------------------------------
train Loss: 0.1824 Acc: 0.9397
2020-01-29 10:22:25.889581
validation Loss: 0.1890 Acc: 0.9438
2020-01-29 10:22:26.741209

Epoch 174/300
------------------------------
train Loss: 0.1834 Acc: 0.9386
2020-01-29 10:22:27.385160
validation Loss: 0.1768 Acc: 0.9475
2020-01-29 10:22:28.243198

Epoch 175/300
------------------------------
train Loss: 0.1807 Acc: 0.9364
2020-01-29 10:22:28.857078
validation Loss: 0.1723 Acc: 0.9480
2020-01-29 10:22:29.708545

Epoch 176/300
------------------------------
train Loss: 0.1745 Acc: 0.9396
2020-01-29 10:22:30.318371
validation Loss: 0.1805 Acc: 0.9459
2020-01-29 10:22:31.230845

Epoch 177/300
------------------------------
train Loss: 0.1760 Acc: 0.9408
2020-01-29 10:22:31.865790
validation Loss: 0.1731 Acc: 0.9489
2020-01-29 10:22:32.682879

Epoch 178/300
------------------------------
train Loss: 0.1659 Acc: 0.9421
2020-01-29 10:22:33.285680
validation Loss: 0.1744 Acc: 0.9477
2020-01-29 10:22:34.072383

Epoch 179/300
------------------------------
train Loss: 0.1742 Acc: 0.9410
2020-01-29 10:22:34.675093
validation Loss: 0.1725 Acc: 0.9489
2020-01-29 10:22:35.471934

Epoch 180/300
------------------------------
train Loss: 0.1802 Acc: 0.9383
2020-01-29 10:22:36.068720
validation Loss: 0.1772 Acc: 0.9472
2020-01-29 10:22:36.868167

Epoch 181/300
------------------------------
train Loss: 0.1733 Acc: 0.9427
2020-01-29 10:22:37.496944
validation Loss: 0.1804 Acc: 0.9460
2020-01-29 10:22:38.308529

Epoch 182/300
------------------------------
train Loss: 0.1833 Acc: 0.9377
2020-01-29 10:22:38.934583
validation Loss: 0.1854 Acc: 0.9449
2020-01-29 10:22:39.775559

Epoch 183/300
------------------------------
train Loss: 0.1775 Acc: 0.9398
2020-01-29 10:22:40.384026
validation Loss: 0.1786 Acc: 0.9463
2020-01-29 10:22:41.236018

Epoch 184/300
------------------------------
train Loss: 0.1819 Acc: 0.9383
2020-01-29 10:22:41.860519
validation Loss: 0.1773 Acc: 0.9457
2020-01-29 10:22:42.700943

Epoch 185/300
------------------------------
train Loss: 0.1760 Acc: 0.9397
2020-01-29 10:22:43.325541
validation Loss: 0.1832 Acc: 0.9451
2020-01-29 10:22:44.157898

Epoch 186/300
------------------------------
train Loss: 0.1682 Acc: 0.9429
2020-01-29 10:22:44.768109
validation Loss: 0.1786 Acc: 0.9465
2020-01-29 10:22:45.581646

Epoch 187/300
------------------------------
train Loss: 0.1686 Acc: 0.9417
2020-01-29 10:22:46.185992
validation Loss: 0.1723 Acc: 0.9478
2020-01-29 10:22:47.081358

Epoch 188/300
------------------------------
train Loss: 0.1715 Acc: 0.9409
2020-01-29 10:22:47.731857
validation Loss: 0.1783 Acc: 0.9469
2020-01-29 10:22:48.608953

Epoch 189/300
------------------------------
train Loss: 0.1793 Acc: 0.9411
2020-01-29 10:22:49.247214
validation Loss: 0.1751 Acc: 0.9477
2020-01-29 10:22:50.153743

Epoch 190/300
------------------------------
train Loss: 0.1706 Acc: 0.9397
2020-01-29 10:22:50.789941
validation Loss: 0.1701 Acc: 0.9499
2020-01-29 10:22:51.733678

Epoch 191/300
------------------------------
train Loss: 0.1767 Acc: 0.9403
2020-01-29 10:22:52.342118
validation Loss: 0.1967 Acc: 0.9412
2020-01-29 10:22:53.195554

Epoch 192/300
------------------------------
train Loss: 0.1746 Acc: 0.9385
2020-01-29 10:22:53.819297
validation Loss: 0.1681 Acc: 0.9498
2020-01-29 10:22:54.706961

Epoch 193/300
------------------------------
train Loss: 0.1668 Acc: 0.9440
2020-01-29 10:22:55.378242
validation Loss: 0.1757 Acc: 0.9473
2020-01-29 10:22:56.360718

Epoch 194/300
------------------------------
train Loss: 0.1717 Acc: 0.9427
2020-01-29 10:22:57.017723
validation Loss: 0.1826 Acc: 0.9464
2020-01-29 10:22:57.891853

Epoch 195/300
------------------------------
train Loss: 0.1749 Acc: 0.9415
2020-01-29 10:22:58.492234
validation Loss: 0.1820 Acc: 0.9459
2020-01-29 10:22:59.323261

Epoch 196/300
------------------------------
train Loss: 0.1694 Acc: 0.9430
2020-01-29 10:22:59.940792
validation Loss: 0.1794 Acc: 0.9465
2020-01-29 10:23:00.763162

Epoch 197/300
------------------------------
train Loss: 0.1732 Acc: 0.9412
2020-01-29 10:23:01.367891
validation Loss: 0.1847 Acc: 0.9452
2020-01-29 10:23:02.183982

Epoch 198/300
------------------------------
train Loss: 0.1728 Acc: 0.9413
2020-01-29 10:23:02.789807
validation Loss: 0.1741 Acc: 0.9473
2020-01-29 10:23:03.612233

Epoch 199/300
------------------------------
train Loss: 0.1777 Acc: 0.9413
2020-01-29 10:23:04.228746
validation Loss: 0.1820 Acc: 0.9463
2020-01-29 10:23:05.125677

Epoch 200/300
------------------------------
train Loss: 0.1758 Acc: 0.9402
2020-01-29 10:23:05.783729
validation Loss: 0.1715 Acc: 0.9488
2020-01-29 10:23:06.697864

Epoch 201/300
------------------------------
train Loss: 0.1710 Acc: 0.9450
2020-01-29 10:23:07.385097
validation Loss: 0.1747 Acc: 0.9474
2020-01-29 10:23:08.278882

Epoch 202/300
------------------------------
train Loss: 0.1766 Acc: 0.9420
2020-01-29 10:23:08.933965
validation Loss: 0.1842 Acc: 0.9449
2020-01-29 10:23:09.826689

Epoch 203/300
------------------------------
train Loss: 0.1739 Acc: 0.9415
2020-01-29 10:23:10.488703
validation Loss: 0.1783 Acc: 0.9474
2020-01-29 10:23:11.394505

Epoch 204/300
------------------------------
train Loss: 0.1668 Acc: 0.9448
2020-01-29 10:23:12.056078
validation Loss: 0.1770 Acc: 0.9478
2020-01-29 10:23:12.888375

Epoch 205/300
------------------------------
train Loss: 0.1736 Acc: 0.9430
2020-01-29 10:23:13.536270
validation Loss: 0.1681 Acc: 0.9506
2020-01-29 10:23:14.416384

Epoch 206/300
------------------------------
train Loss: 0.1689 Acc: 0.9412
2020-01-29 10:23:15.070455
validation Loss: 0.1709 Acc: 0.9488
2020-01-29 10:23:15.939381

Epoch 207/300
------------------------------
train Loss: 0.1805 Acc: 0.9381
2020-01-29 10:23:16.619743
validation Loss: 0.1786 Acc: 0.9468
2020-01-29 10:23:17.441578

Epoch 208/300
------------------------------
train Loss: 0.1744 Acc: 0.9404
2020-01-29 10:23:18.060119
validation Loss: 0.1841 Acc: 0.9456
2020-01-29 10:23:18.937594

Epoch 209/300
------------------------------
train Loss: 0.1767 Acc: 0.9410
2020-01-29 10:23:19.617531
validation Loss: 0.1818 Acc: 0.9470
2020-01-29 10:23:20.506045

Epoch 210/300
------------------------------
train Loss: 0.1684 Acc: 0.9441
2020-01-29 10:23:21.118302
validation Loss: 0.1699 Acc: 0.9496
2020-01-29 10:23:21.951569

Epoch 211/300
------------------------------
train Loss: 0.1646 Acc: 0.9430
2020-01-29 10:23:22.573952
validation Loss: 0.1713 Acc: 0.9493
2020-01-29 10:23:23.412861

Epoch 212/300
------------------------------
train Loss: 0.1753 Acc: 0.9410
2020-01-29 10:23:24.065239
validation Loss: 0.1766 Acc: 0.9470
2020-01-29 10:23:24.874520

Epoch 213/300
------------------------------
train Loss: 0.1721 Acc: 0.9413
2020-01-29 10:23:25.511949
validation Loss: 0.1671 Acc: 0.9500
2020-01-29 10:23:26.375886

Epoch 214/300
------------------------------
train Loss: 0.1724 Acc: 0.9428
2020-01-29 10:23:27.021936
validation Loss: 0.1746 Acc: 0.9484
2020-01-29 10:23:27.867504

Epoch 215/300
------------------------------
train Loss: 0.1670 Acc: 0.9428
2020-01-29 10:23:28.526513
validation Loss: 0.1791 Acc: 0.9466
2020-01-29 10:23:29.466056

Epoch 216/300
------------------------------
train Loss: 0.1650 Acc: 0.9445
2020-01-29 10:23:30.143703
validation Loss: 0.1709 Acc: 0.9495
2020-01-29 10:23:31.119461

Epoch 217/300
------------------------------
train Loss: 0.1618 Acc: 0.9471
2020-01-29 10:23:31.815980
validation Loss: 0.1754 Acc: 0.9480
2020-01-29 10:23:32.789470

Epoch 218/300
------------------------------
train Loss: 0.1732 Acc: 0.9421
2020-01-29 10:23:33.452800
validation Loss: 0.1695 Acc: 0.9493
2020-01-29 10:23:34.311196

Epoch 219/300
------------------------------
train Loss: 0.1730 Acc: 0.9409
2020-01-29 10:23:34.942272
validation Loss: 0.1716 Acc: 0.9485
2020-01-29 10:23:35.768326

Epoch 220/300
------------------------------
train Loss: 0.1691 Acc: 0.9397
2020-01-29 10:23:36.384534
validation Loss: 0.1736 Acc: 0.9481
2020-01-29 10:23:37.201714

Epoch 221/300
------------------------------
train Loss: 0.1666 Acc: 0.9462
2020-01-29 10:23:37.802642
validation Loss: 0.1773 Acc: 0.9472
2020-01-29 10:23:38.615258

Epoch 222/300
------------------------------
train Loss: 0.1751 Acc: 0.9394
2020-01-29 10:23:39.216346
validation Loss: 0.1743 Acc: 0.9485
2020-01-29 10:23:40.033137

Epoch 223/300
------------------------------
train Loss: 0.1627 Acc: 0.9463
2020-01-29 10:23:40.643601
validation Loss: 0.1769 Acc: 0.9474
2020-01-29 10:23:41.462882

Epoch 224/300
------------------------------
train Loss: 0.1704 Acc: 0.9436
2020-01-29 10:23:42.081219
validation Loss: 0.1729 Acc: 0.9488
2020-01-29 10:23:42.897652

Epoch 225/300
------------------------------
train Loss: 0.1687 Acc: 0.9414
2020-01-29 10:23:43.490107
validation Loss: 0.1751 Acc: 0.9486
2020-01-29 10:23:44.329356

Epoch 226/300
------------------------------
train Loss: 0.1630 Acc: 0.9441
2020-01-29 10:23:44.974643
validation Loss: 0.1759 Acc: 0.9479
2020-01-29 10:23:45.807588

Epoch 227/300
------------------------------
train Loss: 0.1666 Acc: 0.9398
2020-01-29 10:23:46.462256
validation Loss: 0.1778 Acc: 0.9460
2020-01-29 10:23:47.314742

Epoch 228/300
------------------------------
train Loss: 0.1659 Acc: 0.9448
2020-01-29 10:23:47.927296
validation Loss: 0.1721 Acc: 0.9484
2020-01-29 10:23:48.741841

Epoch 229/300
------------------------------
train Loss: 0.1658 Acc: 0.9437
2020-01-29 10:23:49.333460
validation Loss: 0.1732 Acc: 0.9487
2020-01-29 10:23:50.131636

Epoch 230/300
------------------------------
train Loss: 0.1646 Acc: 0.9432
2020-01-29 10:23:50.779730
validation Loss: 0.1745 Acc: 0.9487
2020-01-29 10:23:51.573972

Epoch 231/300
------------------------------
train Loss: 0.1665 Acc: 0.9441
2020-01-29 10:23:52.175755
validation Loss: 0.1796 Acc: 0.9468
2020-01-29 10:23:52.994503

Epoch 232/300
------------------------------
train Loss: 0.1796 Acc: 0.9396
2020-01-29 10:23:53.601714
validation Loss: 0.1780 Acc: 0.9470
2020-01-29 10:23:54.401473

Epoch 233/300
------------------------------
train Loss: 0.1608 Acc: 0.9453
2020-01-29 10:23:55.014076
validation Loss: 0.1824 Acc: 0.9465
2020-01-29 10:23:55.828244

Epoch 234/300
------------------------------
train Loss: 0.1644 Acc: 0.9451
2020-01-29 10:23:56.451470
validation Loss: 0.1688 Acc: 0.9499
2020-01-29 10:23:57.295717

Epoch 235/300
------------------------------
train Loss: 0.1682 Acc: 0.9420
2020-01-29 10:23:57.921972
validation Loss: 0.1885 Acc: 0.9444
2020-01-29 10:23:58.768596

Epoch 236/300
------------------------------
train Loss: 0.1665 Acc: 0.9417
2020-01-29 10:23:59.377009
validation Loss: 0.1829 Acc: 0.9456
2020-01-29 10:24:00.220613

Epoch 237/300
------------------------------
train Loss: 0.1667 Acc: 0.9444
2020-01-29 10:24:00.830199
validation Loss: 0.1752 Acc: 0.9486
2020-01-29 10:24:01.648757

Epoch 238/300
------------------------------
train Loss: 0.1685 Acc: 0.9433
2020-01-29 10:24:02.302071
validation Loss: 0.1802 Acc: 0.9467
2020-01-29 10:24:03.191454

Epoch 239/300
------------------------------
train Loss: 0.1627 Acc: 0.9462
2020-01-29 10:24:03.863620
validation Loss: 0.1812 Acc: 0.9467
2020-01-29 10:24:04.718564

Epoch 240/300
------------------------------
train Loss: 0.1621 Acc: 0.9444
2020-01-29 10:24:05.370627
validation Loss: 0.1821 Acc: 0.9467
2020-01-29 10:24:06.263894

Epoch 241/300
------------------------------
train Loss: 0.1641 Acc: 0.9443
2020-01-29 10:24:06.922291
validation Loss: 0.1740 Acc: 0.9488
2020-01-29 10:24:07.881538

Epoch 242/300
------------------------------
train Loss: 0.1666 Acc: 0.9440
2020-01-29 10:24:08.583688
validation Loss: 0.1724 Acc: 0.9503
2020-01-29 10:24:09.395315

Epoch 243/300
------------------------------
train Loss: 0.1698 Acc: 0.9428
2020-01-29 10:24:10.019982
validation Loss: 0.1741 Acc: 0.9479
2020-01-29 10:24:10.922947

Epoch 244/300
------------------------------
train Loss: 0.1655 Acc: 0.9434
2020-01-29 10:24:11.523962
validation Loss: 0.1667 Acc: 0.9498
2020-01-29 10:24:12.341834

Epoch 245/300
------------------------------
train Loss: 0.1617 Acc: 0.9450
2020-01-29 10:24:12.947619
validation Loss: 0.1759 Acc: 0.9482
2020-01-29 10:24:13.772618

Epoch 246/300
------------------------------
train Loss: 0.1630 Acc: 0.9445
2020-01-29 10:24:14.373660
validation Loss: 0.1707 Acc: 0.9495
2020-01-29 10:24:15.229263

Epoch 247/300
------------------------------
train Loss: 0.1592 Acc: 0.9449
2020-01-29 10:24:15.841187
validation Loss: 0.1702 Acc: 0.9491
2020-01-29 10:24:16.656395

Epoch 248/300
------------------------------
train Loss: 0.1677 Acc: 0.9442
2020-01-29 10:24:17.258596
validation Loss: 0.1775 Acc: 0.9476
2020-01-29 10:24:18.140900

Epoch 249/300
------------------------------
train Loss: 0.1639 Acc: 0.9450
2020-01-29 10:24:18.760988
validation Loss: 0.1787 Acc: 0.9477
2020-01-29 10:24:19.590839

Epoch 250/300
------------------------------
train Loss: 0.1741 Acc: 0.9419
2020-01-29 10:24:20.213005
validation Loss: 0.1754 Acc: 0.9485
2020-01-29 10:24:21.057860

Epoch 251/300
------------------------------
train Loss: 0.1634 Acc: 0.9447
2020-01-29 10:24:21.678360
validation Loss: 0.1715 Acc: 0.9490
2020-01-29 10:24:22.555147

Epoch 252/300
------------------------------
train Loss: 0.1657 Acc: 0.9418
2020-01-29 10:24:23.204314
validation Loss: 0.1707 Acc: 0.9484
2020-01-29 10:24:24.127888

Epoch 253/300
------------------------------
train Loss: 0.1661 Acc: 0.9433
2020-01-29 10:24:24.811961
validation Loss: 0.1788 Acc: 0.9477
2020-01-29 10:24:25.748415

Epoch 254/300
------------------------------
train Loss: 0.1693 Acc: 0.9410
2020-01-29 10:24:26.417013
validation Loss: 0.1787 Acc: 0.9479
2020-01-29 10:24:27.395786

Epoch 255/300
------------------------------
train Loss: 0.1694 Acc: 0.9417
2020-01-29 10:24:28.055840
validation Loss: 0.1696 Acc: 0.9497
2020-01-29 10:24:28.974225

Epoch 256/300
------------------------------
train Loss: 0.1616 Acc: 0.9448
2020-01-29 10:24:29.658707
validation Loss: 0.1691 Acc: 0.9492
2020-01-29 10:24:30.608745

Epoch 257/300
------------------------------
train Loss: 0.1696 Acc: 0.9438
2020-01-29 10:24:31.266782
validation Loss: 0.1801 Acc: 0.9469
2020-01-29 10:24:32.068745

Epoch 258/300
------------------------------
train Loss: 0.1611 Acc: 0.9475
2020-01-29 10:24:32.661636
validation Loss: 0.1811 Acc: 0.9458
2020-01-29 10:24:33.464334

Epoch 259/300
------------------------------
train Loss: 0.1655 Acc: 0.9452
2020-01-29 10:24:34.061051
validation Loss: 0.1758 Acc: 0.9485
2020-01-29 10:24:34.875415

Epoch 260/300
------------------------------
train Loss: 0.1612 Acc: 0.9434
2020-01-29 10:24:35.482532
validation Loss: 0.1669 Acc: 0.9518
2020-01-29 10:24:36.297172

Epoch 261/300
------------------------------
train Loss: 0.1570 Acc: 0.9454
2020-01-29 10:24:36.908827
validation Loss: 0.1737 Acc: 0.9487
2020-01-29 10:24:37.691588

Epoch 262/300
------------------------------
train Loss: 0.1651 Acc: 0.9425
2020-01-29 10:24:38.290670
validation Loss: 0.1613 Acc: 0.9519
2020-01-29 10:24:39.080049

Epoch 263/300
------------------------------
train Loss: 0.1652 Acc: 0.9453
2020-01-29 10:24:39.684197
validation Loss: 0.1740 Acc: 0.9487
2020-01-29 10:24:40.483750

Epoch 264/300
------------------------------
train Loss: 0.1631 Acc: 0.9433
2020-01-29 10:24:41.081908
validation Loss: 0.1773 Acc: 0.9477
2020-01-29 10:24:41.883362

Epoch 265/300
------------------------------
train Loss: 0.1557 Acc: 0.9465
2020-01-29 10:24:42.482857
validation Loss: 0.1713 Acc: 0.9494
2020-01-29 10:24:43.293809

Epoch 266/300
------------------------------
train Loss: 0.1630 Acc: 0.9449
2020-01-29 10:24:43.895626
validation Loss: 0.1822 Acc: 0.9463
2020-01-29 10:24:44.769476

Epoch 267/300
------------------------------
train Loss: 0.1594 Acc: 0.9450
2020-01-29 10:24:45.386886
validation Loss: 0.1715 Acc: 0.9490
2020-01-29 10:24:46.172884

Epoch 268/300
------------------------------
train Loss: 0.1569 Acc: 0.9492
2020-01-29 10:24:46.792022
validation Loss: 0.1720 Acc: 0.9491
2020-01-29 10:24:47.617907

Epoch 269/300
------------------------------
train Loss: 0.1642 Acc: 0.9445
2020-01-29 10:24:48.225059
validation Loss: 0.1772 Acc: 0.9474
2020-01-29 10:24:49.060285

Epoch 270/300
------------------------------
train Loss: 0.1592 Acc: 0.9462
2020-01-29 10:24:49.682923
validation Loss: 0.1781 Acc: 0.9480
2020-01-29 10:24:50.503166

Epoch 271/300
------------------------------
train Loss: 0.1618 Acc: 0.9447
2020-01-29 10:24:51.117946
validation Loss: 0.1705 Acc: 0.9498
2020-01-29 10:24:51.944373

Epoch 272/300
------------------------------
train Loss: 0.1600 Acc: 0.9458
2020-01-29 10:24:52.557856
validation Loss: 0.1793 Acc: 0.9478
2020-01-29 10:24:53.360282

Epoch 273/300
------------------------------
train Loss: 0.1647 Acc: 0.9429
2020-01-29 10:24:53.978417
validation Loss: 0.1748 Acc: 0.9483
2020-01-29 10:24:54.828409

Epoch 274/300
------------------------------
train Loss: 0.1609 Acc: 0.9466
2020-01-29 10:24:55.472257
validation Loss: 0.1726 Acc: 0.9492
2020-01-29 10:24:56.343177

Epoch 275/300
------------------------------
train Loss: 0.1624 Acc: 0.9438
2020-01-29 10:24:56.976876
validation Loss: 0.1677 Acc: 0.9503
2020-01-29 10:24:57.832940

Epoch 276/300
------------------------------
train Loss: 0.1645 Acc: 0.9442
2020-01-29 10:24:58.472154
validation Loss: 0.1976 Acc: 0.9436
2020-01-29 10:24:59.417920

Epoch 277/300
------------------------------
train Loss: 0.1644 Acc: 0.9438
2020-01-29 10:25:00.118222
validation Loss: 0.1763 Acc: 0.9489
2020-01-29 10:25:00.956611

Epoch 278/300
------------------------------
train Loss: 0.1667 Acc: 0.9429
2020-01-29 10:25:01.562858
validation Loss: 0.1695 Acc: 0.9506
2020-01-29 10:25:02.350659

Epoch 279/300
------------------------------
train Loss: 0.1584 Acc: 0.9453
2020-01-29 10:25:02.950591
validation Loss: 0.1753 Acc: 0.9490
2020-01-29 10:25:03.780148

Epoch 280/300
------------------------------
train Loss: 0.1637 Acc: 0.9447
2020-01-29 10:25:04.374911
validation Loss: 0.1784 Acc: 0.9474
2020-01-29 10:25:05.174855

Epoch 281/300
------------------------------
train Loss: 0.1664 Acc: 0.9438
2020-01-29 10:25:05.783820
validation Loss: 0.1732 Acc: 0.9479
2020-01-29 10:25:06.599042

Epoch 282/300
------------------------------
train Loss: 0.1627 Acc: 0.9461
2020-01-29 10:25:07.199996
validation Loss: 0.1809 Acc: 0.9466
2020-01-29 10:25:08.002743

Epoch 283/300
------------------------------
train Loss: 0.1616 Acc: 0.9468
2020-01-29 10:25:08.603116
validation Loss: 0.1832 Acc: 0.9463
2020-01-29 10:25:09.405522

Epoch 284/300
------------------------------
train Loss: 0.1581 Acc: 0.9463
2020-01-29 10:25:10.016506
validation Loss: 0.1678 Acc: 0.9501
2020-01-29 10:25:10.825727

Epoch 285/300
------------------------------
train Loss: 0.1604 Acc: 0.9448
2020-01-29 10:25:11.422588
validation Loss: 0.1763 Acc: 0.9489
2020-01-29 10:25:12.236137

Epoch 286/300
------------------------------
train Loss: 0.1671 Acc: 0.9407
2020-01-29 10:25:12.828570
validation Loss: 0.1819 Acc: 0.9469
2020-01-29 10:25:13.633967

Epoch 287/300
------------------------------
train Loss: 0.1621 Acc: 0.9446
2020-01-29 10:25:14.253073
validation Loss: 0.1729 Acc: 0.9494
2020-01-29 10:25:15.071709

Epoch 288/300
------------------------------
train Loss: 0.1622 Acc: 0.9462
2020-01-29 10:25:15.689698
validation Loss: 0.1781 Acc: 0.9481
2020-01-29 10:25:16.494846

Epoch 289/300
------------------------------
train Loss: 0.1704 Acc: 0.9427
2020-01-29 10:25:17.103192
validation Loss: 0.1729 Acc: 0.9498
2020-01-29 10:25:17.916295

Epoch 290/300
------------------------------
train Loss: 0.1651 Acc: 0.9421
2020-01-29 10:25:18.522575
validation Loss: 0.1739 Acc: 0.9484
2020-01-29 10:25:19.325611

Epoch 291/300
------------------------------
train Loss: 0.1583 Acc: 0.9468
2020-01-29 10:25:19.925862
validation Loss: 0.1659 Acc: 0.9515
2020-01-29 10:25:20.733143

Epoch 292/300
------------------------------
train Loss: 0.1589 Acc: 0.9466
2020-01-29 10:25:21.326763
validation Loss: 0.1699 Acc: 0.9502
2020-01-29 10:25:22.120799

Epoch 293/300
------------------------------
train Loss: 0.1630 Acc: 0.9456
2020-01-29 10:25:22.727833
validation Loss: 0.1698 Acc: 0.9497
2020-01-29 10:25:23.512966

Epoch 294/300
------------------------------
train Loss: 0.1586 Acc: 0.9463
2020-01-29 10:25:24.119085
validation Loss: 0.1759 Acc: 0.9487
2020-01-29 10:25:24.928272

Epoch 295/300
------------------------------
train Loss: 0.1556 Acc: 0.9479
2020-01-29 10:25:25.549162
validation Loss: 0.1753 Acc: 0.9487
2020-01-29 10:25:26.393285

Epoch 296/300
------------------------------
train Loss: 0.1613 Acc: 0.9470
2020-01-29 10:25:27.017094
validation Loss: 0.1723 Acc: 0.9484
2020-01-29 10:25:27.876631

Epoch 297/300
------------------------------
train Loss: 0.1614 Acc: 0.9447
2020-01-29 10:25:28.494881
validation Loss: 0.1659 Acc: 0.9515
2020-01-29 10:25:29.308006

Epoch 298/300
------------------------------
train Loss: 0.1665 Acc: 0.9437
2020-01-29 10:25:29.917326
validation Loss: 0.1739 Acc: 0.9489
2020-01-29 10:25:30.801837

Epoch 299/300
------------------------------
train Loss: 0.1650 Acc: 0.9444
2020-01-29 10:25:31.453660
validation Loss: 0.1673 Acc: 0.9506
2020-01-29 10:25:32.342074

Epoch 300/300
------------------------------
train Loss: 0.1631 Acc: 0.9453
2020-01-29 10:25:32.996894
validation Loss: 0.1677 Acc: 0.9503
2020-01-29 10:25:33.802956

Best Val Acc: 0.9519
Accuracy of the network on the 50000 test images: 95.192
