attgconv  experiments  LICENSE	README.md
Namespace(augment=False, batch_size=64, device='cuda:0', epochs=100, extra_comment='dilatedkernelseverywhere_pat20onmaxacc', lr=0.001, model='f_att_p4m_densenet', optim='adam', path='./saved/model_f_att_p4m_densenet_optim_adam_lr_0.001_wd_0.0001_seed_1_dilatedkernelseverywhere_pat20onmaxacc/model.pth', pretrained=False, seed=1, weight_decay=0.0001)
2020-04-18 03:13:42.938928
Epoch 1/100
------------------------------
Learning Rate: 0.001
------------------------------
train Loss: 0.3211 Acc: 0.8657
2020-04-18 03:33:41.486947
validation Loss: 0.6593 Acc: 0.7458
2020-04-18 03:34:29.285150
Test accuracy:
Accuracy of the network on the 32768 test images: 72.8057861328125

Epoch 2/100
------------------------------
Learning Rate: 0.001
------------------------------
train Loss: 0.1965 Acc: 0.9253
2020-04-18 03:55:04.640754
validation Loss: 0.2904 Acc: 0.8793
2020-04-18 03:55:51.843652
Test accuracy:
Accuracy of the network on the 32768 test images: 84.99755859375

Epoch 3/100
------------------------------
Learning Rate: 0.001
------------------------------
train Loss: 0.1687 Acc: 0.9367
2020-04-18 04:16:28.841557
validation Loss: 0.2773 Acc: 0.8897
2020-04-18 04:17:17.109196
Test accuracy:
Accuracy of the network on the 32768 test images: 83.36181640625

Epoch 4/100
------------------------------
Learning Rate: 0.001
------------------------------
train Loss: 0.1512 Acc: 0.9443
2020-04-18 04:37:55.214985
validation Loss: 0.2683 Acc: 0.8922
2020-04-18 04:38:42.668100
Test accuracy:
Accuracy of the network on the 32768 test images: 83.7677001953125

Epoch 5/100
------------------------------
Learning Rate: 0.001
------------------------------
train Loss: 0.1402 Acc: 0.9491
2020-04-18 04:59:23.108562
validation Loss: 0.3759 Acc: 0.8623
2020-04-18 05:00:10.988899

Epoch 6/100
------------------------------
Learning Rate: 0.001
------------------------------
train Loss: 0.1330 Acc: 0.9520
2020-04-18 05:20:04.924913
validation Loss: 0.4385 Acc: 0.8515
2020-04-18 05:20:52.058060

Epoch 7/100
------------------------------
Learning Rate: 0.001
------------------------------
train Loss: 0.1272 Acc: 0.9542
2020-04-18 05:40:46.620788
validation Loss: 0.4346 Acc: 0.8459
2020-04-18 05:41:33.645365

Epoch 8/100
------------------------------
Learning Rate: 0.001
------------------------------
train Loss: 0.1233 Acc: 0.9557
2020-04-18 06:01:23.187588
validation Loss: 0.3185 Acc: 0.8789
2020-04-18 06:02:10.970683

Epoch 9/100
------------------------------
Learning Rate: 0.001
------------------------------
train Loss: 0.1192 Acc: 0.9574
2020-04-18 06:21:59.739111
validation Loss: 0.3834 Acc: 0.8752
2020-04-18 06:22:47.513787

Epoch 10/100
------------------------------
Learning Rate: 0.001
------------------------------
train Loss: 0.1151 Acc: 0.9589
2020-04-18 06:42:38.223650
validation Loss: 0.3663 Acc: 0.8639
2020-04-18 06:43:25.973696

Epoch 11/100
------------------------------
Learning Rate: 0.001
------------------------------
train Loss: 0.1127 Acc: 0.9600
2020-04-18 07:03:13.905004
validation Loss: 0.4697 Acc: 0.8345
2020-04-18 07:04:01.554046

Epoch 12/100
------------------------------
Learning Rate: 0.001
------------------------------
train Loss: 0.1102 Acc: 0.9611
2020-04-18 07:23:53.003505
validation Loss: 0.3313 Acc: 0.8798
2020-04-18 07:24:40.800919

Epoch 13/100
------------------------------
Learning Rate: 0.001
------------------------------
train Loss: 0.1073 Acc: 0.9621
2020-04-18 07:44:34.644004
validation Loss: 0.3790 Acc: 0.8658
2020-04-18 07:45:22.575702

Epoch 14/100
------------------------------
Learning Rate: 0.001
------------------------------
train Loss: 0.1059 Acc: 0.9625
2020-04-18 08:05:03.159744
validation Loss: 0.2670 Acc: 0.9016
2020-04-18 08:05:51.485473
Test accuracy:
Accuracy of the network on the 32768 test images: 85.9466552734375

Epoch 15/100
------------------------------
Learning Rate: 0.001
------------------------------
train Loss: 0.1030 Acc: 0.9637
2020-04-18 08:26:41.053575
validation Loss: 0.3814 Acc: 0.8633
2020-04-18 08:27:29.190544

Epoch 16/100
------------------------------
Learning Rate: 0.001
------------------------------
train Loss: 0.1018 Acc: 0.9644
2020-04-18 08:47:28.146575
validation Loss: 0.3496 Acc: 0.8762
2020-04-18 08:48:16.580555

Epoch 17/100
------------------------------
Learning Rate: 0.001
------------------------------
train Loss: 0.0997 Acc: 0.9653
2020-04-18 09:08:21.787060
validation Loss: 0.3846 Acc: 0.8641
2020-04-18 09:09:09.842347

Epoch 18/100
------------------------------
Learning Rate: 0.001
------------------------------
train Loss: 0.0976 Acc: 0.9659
2020-04-18 09:29:12.193447
validation Loss: 0.2981 Acc: 0.8934
2020-04-18 09:30:00.061287

Epoch 19/100
------------------------------
Learning Rate: 0.001
------------------------------
train Loss: 0.0967 Acc: 0.9657
2020-04-18 09:50:03.078855
validation Loss: 0.3441 Acc: 0.8817
2020-04-18 09:50:51.221515

Epoch 20/100
------------------------------
Learning Rate: 0.001
------------------------------
train Loss: 0.0945 Acc: 0.9669
2020-04-18 10:10:55.005817
validation Loss: 0.4210 Acc: 0.8508
2020-04-18 10:11:43.199454

Epoch 21/100
------------------------------
Learning Rate: 0.001
------------------------------
train Loss: 0.0945 Acc: 0.9668
2020-04-18 10:31:47.016587
validation Loss: 0.4167 Acc: 0.8492
2020-04-18 10:32:35.574741

Epoch 22/100
------------------------------
Learning Rate: 0.001
------------------------------
train Loss: 0.0925 Acc: 0.9677
2020-04-18 10:52:36.711943
validation Loss: 0.5662 Acc: 0.8389
2020-04-18 10:53:25.142997

Epoch 23/100
------------------------------
Learning Rate: 0.001
------------------------------
train Loss: 0.0924 Acc: 0.9674
2020-04-18 11:13:30.991267
validation Loss: 0.3650 Acc: 0.8767
2020-04-18 11:14:19.133617

Epoch 24/100
------------------------------
Learning Rate: 0.001
------------------------------
train Loss: 0.0901 Acc: 0.9682
2020-04-18 11:34:21.118958
validation Loss: 0.2601 Acc: 0.9045
2020-04-18 11:35:09.215381
Test accuracy:
Accuracy of the network on the 32768 test images: 89.12353515625

Epoch 25/100
------------------------------
Learning Rate: 0.001
------------------------------
train Loss: 0.0899 Acc: 0.9686
2020-04-18 11:55:54.647672
validation Loss: 0.3348 Acc: 0.8747
2020-04-18 11:56:42.039271

Epoch 26/100
------------------------------
Learning Rate: 0.001
------------------------------
train Loss: 0.0885 Acc: 0.9694
2020-04-18 12:16:35.651942
validation Loss: 0.3833 Acc: 0.8706
2020-04-18 12:17:24.208550

Epoch 27/100
------------------------------
Learning Rate: 0.001
------------------------------
train Loss: 0.0881 Acc: 0.9690
2020-04-18 12:37:16.628036
validation Loss: 0.2725 Acc: 0.8966
2020-04-18 12:38:05.042301

Epoch 28/100
------------------------------
Learning Rate: 0.001
------------------------------
train Loss: 0.0867 Acc: 0.9701
2020-04-18 12:58:07.637897
validation Loss: 0.4771 Acc: 0.8447
2020-04-18 12:58:55.792235

Epoch 29/100
------------------------------
Learning Rate: 0.001
------------------------------
train Loss: 0.0864 Acc: 0.9699
2020-04-18 13:18:59.304075
validation Loss: 0.4783 Acc: 0.8525
2020-04-18 13:19:47.574600

Epoch 30/100
------------------------------
Learning Rate: 0.001
------------------------------
train Loss: 0.0854 Acc: 0.9703
2020-04-18 13:39:54.115198
validation Loss: 0.3614 Acc: 0.8777
2020-04-18 13:40:42.137463

Epoch 31/100
------------------------------
Learning Rate: 0.001
------------------------------
train Loss: 0.0840 Acc: 0.9705
2020-04-18 14:00:45.197286
validation Loss: 0.4513 Acc: 0.8460
2020-04-18 14:01:33.052300

Epoch 32/100
------------------------------
Learning Rate: 0.001
------------------------------
train Loss: 0.0834 Acc: 0.9708
2020-04-18 14:21:38.029727
validation Loss: 0.3340 Acc: 0.8921
2020-04-18 14:22:26.056244

Epoch 33/100
------------------------------
Learning Rate: 0.001
------------------------------
train Loss: 0.0832 Acc: 0.9710
2020-04-18 14:42:32.626887
validation Loss: 0.5002 Acc: 0.8513
2020-04-18 14:43:21.034882

Epoch 34/100
------------------------------
Learning Rate: 0.001
------------------------------
train Loss: 0.0822 Acc: 0.9713
2020-04-18 15:03:21.596195
validation Loss: 0.4128 Acc: 0.8703
2020-04-18 15:04:09.792471

Epoch 35/100
------------------------------
Learning Rate: 0.001
------------------------------
train Loss: 0.0820 Acc: 0.9711
2020-04-18 15:24:13.720455
validation Loss: 0.5552 Acc: 0.8290
2020-04-18 15:25:02.017899

Epoch 36/100
------------------------------
Learning Rate: 0.001
------------------------------
train Loss: 0.0811 Acc: 0.9715
2020-04-18 15:45:05.112496
validation Loss: 0.3380 Acc: 0.8875
2020-04-18 15:45:53.542011

Epoch 37/100
------------------------------
Learning Rate: 0.001
------------------------------
train Loss: 0.0816 Acc: 0.9715
2020-04-18 16:05:59.405535
validation Loss: 0.3836 Acc: 0.8690
2020-04-18 16:06:48.063980

Epoch 38/100
------------------------------
Learning Rate: 0.001
------------------------------
train Loss: 0.0811 Acc: 0.9714
2020-04-18 16:26:53.996712
validation Loss: 0.3130 Acc: 0.8899
2020-04-18 16:27:42.145697

Epoch 39/100
------------------------------
Learning Rate: 0.001
------------------------------
train Loss: 0.0796 Acc: 0.9719
2020-04-18 16:47:46.847809
validation Loss: 0.3183 Acc: 0.8921
2020-04-18 16:48:35.023569

Epoch 40/100
------------------------------
Learning Rate: 0.001
------------------------------
train Loss: 0.0798 Acc: 0.9721
2020-04-18 17:08:34.178983
validation Loss: 0.3880 Acc: 0.8843
2020-04-18 17:09:21.818775

Epoch 41/100
------------------------------
Learning Rate: 0.001
------------------------------
train Loss: 0.0789 Acc: 0.9721
2020-04-18 17:29:11.483012
validation Loss: 0.3999 Acc: 0.8674
2020-04-18 17:29:59.721191

Epoch 42/100
------------------------------
Learning Rate: 0.001
------------------------------
train Loss: 0.0787 Acc: 0.9723
2020-04-18 17:49:48.674061
validation Loss: 0.4153 Acc: 0.8693
2020-04-18 17:50:37.030994

Epoch 43/100
------------------------------
Learning Rate: 0.001
------------------------------
train Loss: 0.0784 Acc: 0.9724
2020-04-18 18:10:31.772832
validation Loss: 0.5793 Acc: 0.8240
2020-04-18 18:11:20.063524

Epoch 44/100
------------------------------
Learning Rate: 0.001
------------------------------
train Loss: 0.0776 Acc: 0.9725
2020-04-18 18:31:11.266745
validation Loss: 0.3358 Acc: 0.8856
2020-04-18 18:31:59.612550

Epoch 45/100
------------------------------
Learning Rate: 0.001
------------------------------
train Loss: 0.0775 Acc: 0.9730
2020-04-18 18:52:00.805445
validation Loss: 0.6274 Acc: 0.8203
2020-04-18 18:52:49.019601

Epoch 46/100
------------------------------
Learning Rate: 0.0005
------------------------------
train Loss: 0.0580 Acc: 0.9803
2020-04-18 19:12:43.950808
validation Loss: 0.5156 Acc: 0.8506
2020-04-18 19:13:31.935476

Epoch 47/100
------------------------------
Learning Rate: 0.0005
------------------------------
train Loss: 0.0538 Acc: 0.9817
2020-04-18 19:33:42.620347
validation Loss: 0.4863 Acc: 0.8767
2020-04-18 19:34:29.488837

Epoch 48/100
------------------------------
Learning Rate: 0.0005
------------------------------
train Loss: 0.0512 Acc: 0.9824
2020-04-18 19:54:30.357993
validation Loss: 0.4970 Acc: 0.8658
2020-04-18 19:55:18.461631

Epoch 49/100
------------------------------
Learning Rate: 0.0005
------------------------------
train Loss: 0.0502 Acc: 0.9827
2020-04-18 20:15:27.273121
validation Loss: 0.5818 Acc: 0.8457
2020-04-18 20:16:15.877290

Epoch 50/100
------------------------------
Learning Rate: 0.0005
------------------------------
train Loss: 0.0484 Acc: 0.9834
2020-04-18 20:36:35.007761
validation Loss: 0.6577 Acc: 0.8398
2020-04-18 20:37:23.636532

Epoch 51/100
------------------------------
Learning Rate: 0.0005
------------------------------
train Loss: 0.0482 Acc: 0.9830
2020-04-18 20:57:48.320232
validation Loss: 0.4420 Acc: 0.8760
2020-04-18 20:58:36.982885

Epoch 52/100
------------------------------
Learning Rate: 0.0005
------------------------------
train Loss: 0.0473 Acc: 0.9836
2020-04-18 21:18:51.711514
validation Loss: 0.4604 Acc: 0.8743
2020-04-18 21:19:39.522560

Epoch 53/100
------------------------------
Learning Rate: 0.0005
------------------------------
train Loss: 0.0461 Acc: 0.9839
2020-04-18 21:39:55.433684
validation Loss: 0.5797 Acc: 0.8470
2020-04-18 21:40:43.460716

Epoch 54/100
------------------------------
Learning Rate: 0.0005
------------------------------
train Loss: 0.0459 Acc: 0.9840
2020-04-18 22:01:00.646935
validation Loss: 0.4578 Acc: 0.8804
2020-04-18 22:01:49.137292

Epoch 55/100
------------------------------
Learning Rate: 0.0005
------------------------------
train Loss: 0.0458 Acc: 0.9839
2020-04-18 22:22:02.565598
validation Loss: 0.4240 Acc: 0.8753
2020-04-18 22:22:50.825482

Epoch 56/100
------------------------------
Learning Rate: 0.0005
------------------------------
train Loss: 0.0453 Acc: 0.9840
2020-04-18 22:42:55.268685
validation Loss: 0.6013 Acc: 0.8571
2020-04-18 22:43:42.479970

Epoch 57/100
------------------------------
Learning Rate: 0.0005
------------------------------
train Loss: 0.0450 Acc: 0.9842
2020-04-18 23:03:36.153210
validation Loss: 0.4900 Acc: 0.8847
2020-04-18 23:04:23.896002

Epoch 58/100
------------------------------
Learning Rate: 0.0005
------------------------------
train Loss: 0.0438 Acc: 0.9846
2020-04-18 23:24:12.320292
validation Loss: 0.5680 Acc: 0.8481
2020-04-18 23:24:59.190389

Epoch 59/100
------------------------------
Learning Rate: 0.0005
------------------------------
train Loss: 0.0447 Acc: 0.9844
2020-04-18 23:44:58.661680
validation Loss: 0.7059 Acc: 0.8451
2020-04-18 23:45:46.270148

Epoch 60/100
------------------------------
Learning Rate: 0.0005
------------------------------
train Loss: 0.0437 Acc: 0.9846
2020-04-19 00:05:53.754972
validation Loss: 0.5262 Acc: 0.8744
2020-04-19 00:06:40.805639

Epoch 61/100
------------------------------
Learning Rate: 0.0005
------------------------------
train Loss: 0.0442 Acc: 0.9841
2020-04-19 00:26:49.949169
validation Loss: 0.6328 Acc: 0.8584
2020-04-19 00:27:37.974821

Epoch 62/100
------------------------------
Learning Rate: 0.0005
------------------------------
train Loss: 0.0425 Acc: 0.9849
2020-04-19 00:47:46.563130
validation Loss: 0.4679 Acc: 0.8815
2020-04-19 00:48:34.159898

Epoch 63/100
------------------------------
Learning Rate: 0.0005
------------------------------
train Loss: 0.0431 Acc: 0.9845
2020-04-19 01:08:46.798094
validation Loss: 0.5355 Acc: 0.8770
2020-04-19 01:09:34.747658

Epoch 64/100
------------------------------
Learning Rate: 0.0005
------------------------------
train Loss: 0.0422 Acc: 0.9849
2020-04-19 01:29:43.830952
validation Loss: 0.5217 Acc: 0.8574
2020-04-19 01:30:31.293458

Epoch 65/100
------------------------------
Learning Rate: 0.0005
------------------------------
train Loss: 0.0423 Acc: 0.9850
2020-04-19 01:50:39.486548
validation Loss: 0.5698 Acc: 0.8492
2020-04-19 01:51:27.657836

Epoch 66/100
------------------------------
Learning Rate: 0.0005
------------------------------
train Loss: 0.0418 Acc: 0.9850
2020-04-19 02:11:36.373734
validation Loss: 0.6577 Acc: 0.8540
2020-04-19 02:12:24.193142

Epoch 67/100
------------------------------
Learning Rate: 0.00025
------------------------------
train Loss: 0.0268 Acc: 0.9909
2020-04-19 02:32:30.962588
validation Loss: 0.6900 Acc: 0.8595
2020-04-19 02:33:19.140187

Epoch 68/100
------------------------------
Learning Rate: 0.00025
------------------------------
train Loss: 0.0242 Acc: 0.9917
2020-04-19 02:53:11.931473
validation Loss: 0.9193 Acc: 0.8306
2020-04-19 02:53:59.947918

Epoch 69/100
------------------------------
Learning Rate: 0.00025
------------------------------
train Loss: 0.0228 Acc: 0.9923
2020-04-19 03:14:09.496710
validation Loss: 0.8733 Acc: 0.8457
2020-04-19 03:14:57.709137

Epoch 70/100
------------------------------
Learning Rate: 0.00025
------------------------------
train Loss: 0.0219 Acc: 0.9924
2020-04-19 03:35:13.676063
validation Loss: 0.7707 Acc: 0.8538
2020-04-19 03:36:01.621955

Epoch 71/100
------------------------------
Learning Rate: 0.00025
------------------------------
train Loss: 0.0220 Acc: 0.9925
2020-04-19 03:55:58.373644
validation Loss: 0.7989 Acc: 0.8493
2020-04-19 03:56:46.075514

Epoch 72/100
------------------------------
Learning Rate: 0.00025
------------------------------
train Loss: 0.0206 Acc: 0.9930
2020-04-19 04:17:00.737186
validation Loss: 0.7456 Acc: 0.8633
2020-04-19 04:17:49.485903

Epoch 73/100
------------------------------
Learning Rate: 0.00025
------------------------------
train Loss: 0.0209 Acc: 0.9927
2020-04-19 04:37:55.377384
validation Loss: 0.7362 Acc: 0.8702
2020-04-19 04:38:43.495036

Epoch 74/100
------------------------------
Learning Rate: 0.00025
------------------------------
train Loss: 0.0212 Acc: 0.9926
2020-04-19 04:58:25.211458
validation Loss: 1.0666 Acc: 0.8324
2020-04-19 04:59:13.192335

Epoch 75/100
------------------------------
Learning Rate: 0.00025
------------------------------
train Loss: 0.0208 Acc: 0.9925
2020-04-19 05:19:18.347899
validation Loss: 0.8157 Acc: 0.8597
2020-04-19 05:20:06.463969

Epoch 76/100
------------------------------
Learning Rate: 0.00025
------------------------------
train Loss: 0.0201 Acc: 0.9929
2020-04-19 05:40:19.326400
validation Loss: 0.8519 Acc: 0.8500
2020-04-19 05:41:06.377124

Epoch 77/100
------------------------------
Learning Rate: 0.00025
------------------------------
train Loss: 0.0207 Acc: 0.9925
2020-04-19 06:01:11.791214
validation Loss: 0.7645 Acc: 0.8597
2020-04-19 06:01:59.841344

Epoch 78/100
------------------------------
Learning Rate: 0.00025
------------------------------
train Loss: 0.0199 Acc: 0.9929
2020-04-19 06:22:09.283804
validation Loss: 0.9076 Acc: 0.8468
2020-04-19 06:22:57.620796

Epoch 79/100
------------------------------
Learning Rate: 0.00025
------------------------------
train Loss: 0.0205 Acc: 0.9929
2020-04-19 06:43:08.178095
validation Loss: 0.8119 Acc: 0.8598
2020-04-19 06:43:55.318111

Epoch 80/100
------------------------------
Learning Rate: 0.00025
------------------------------
train Loss: 0.0190 Acc: 0.9933
2020-04-19 07:03:45.731803
validation Loss: 0.7079 Acc: 0.8613
2020-04-19 07:04:32.290537

Epoch 81/100
------------------------------
Learning Rate: 0.00025
------------------------------
train Loss: 0.0196 Acc: 0.9930
2020-04-19 07:24:19.531503
validation Loss: 0.8934 Acc: 0.8491
2020-04-19 07:25:07.658760

Epoch 82/100
------------------------------
Learning Rate: 0.00025
------------------------------
train Loss: 0.0196 Acc: 0.9929
2020-04-19 07:45:05.720674
validation Loss: 0.7850 Acc: 0.8604
2020-04-19 07:45:53.999638

Epoch 83/100
------------------------------
Learning Rate: 0.00025
------------------------------
train Loss: 0.0189 Acc: 0.9934
2020-04-19 08:06:05.859893
validation Loss: 0.9334 Acc: 0.8415
2020-04-19 08:06:54.421765

Epoch 84/100
------------------------------
Learning Rate: 0.00025
------------------------------
train Loss: 0.0192 Acc: 0.9931
2020-04-19 08:27:05.571054
validation Loss: 0.8018 Acc: 0.8607
2020-04-19 08:27:53.930150

Epoch 85/100
------------------------------
Learning Rate: 0.00025
------------------------------
train Loss: 0.0196 Acc: 0.9929
2020-04-19 08:47:59.596353
validation Loss: 0.8282 Acc: 0.8633
2020-04-19 08:48:46.756584

Epoch 86/100
------------------------------
Learning Rate: 0.00025
------------------------------
train Loss: 0.0200 Acc: 0.9927
2020-04-19 09:09:04.755285
validation Loss: 0.9254 Acc: 0.8397
2020-04-19 09:09:52.817164

Epoch 87/100
------------------------------
Learning Rate: 0.00025
------------------------------
train Loss: 0.0188 Acc: 0.9932
2020-04-19 09:30:04.199375
validation Loss: 1.0037 Acc: 0.8329
2020-04-19 09:30:52.403093

Epoch 88/100
------------------------------
Learning Rate: 0.000125
------------------------------
train Loss: 0.0113 Acc: 0.9962
2020-04-19 09:51:02.413981
validation Loss: 1.1101 Acc: 0.8335
2020-04-19 09:51:49.689921

Epoch 89/100
------------------------------
Learning Rate: 0.000125
------------------------------
train Loss: 0.0100 Acc: 0.9967
2020-04-19 10:12:03.026543
validation Loss: 0.9827 Acc: 0.8456
2020-04-19 10:12:51.063604

Epoch 90/100
------------------------------
Learning Rate: 0.000125
------------------------------
train Loss: 0.0097 Acc: 0.9967
2020-04-19 10:33:05.363623
validation Loss: 1.1377 Acc: 0.8443
2020-04-19 10:33:53.811769

Epoch 91/100
------------------------------
Learning Rate: 0.000125
------------------------------
train Loss: 0.0090 Acc: 0.9969
2020-04-19 10:54:08.169331
validation Loss: 1.0366 Acc: 0.8538
2020-04-19 10:54:56.389212

Epoch 92/100
------------------------------
Learning Rate: 0.000125
------------------------------
train Loss: 0.0096 Acc: 0.9968
2020-04-19 11:15:12.765367
validation Loss: 1.0692 Acc: 0.8509
2020-04-19 11:16:00.703596

Epoch 93/100
------------------------------
Learning Rate: 0.000125
------------------------------
train Loss: 0.0089 Acc: 0.9970
2020-04-19 11:36:08.929219
validation Loss: 1.1384 Acc: 0.8495
2020-04-19 11:36:55.753720

Epoch 94/100
------------------------------
Learning Rate: 0.000125
------------------------------
train Loss: 0.0088 Acc: 0.9971
2020-04-19 11:56:51.069571
validation Loss: 1.1073 Acc: 0.8528
2020-04-19 11:57:37.854825

Epoch 95/100
------------------------------
Learning Rate: 0.000125
------------------------------
train Loss: 0.0091 Acc: 0.9968
2020-04-19 12:17:33.415127
validation Loss: 0.9757 Acc: 0.8613
2020-04-19 12:18:20.623340

Epoch 96/100
------------------------------
Learning Rate: 0.000125
------------------------------
train Loss: 0.0085 Acc: 0.9971
2020-04-19 12:38:22.251225
validation Loss: 1.0010 Acc: 0.8624
2020-04-19 12:39:09.924038

Epoch 97/100
------------------------------
Learning Rate: 0.000125
------------------------------
train Loss: 0.0088 Acc: 0.9970
2020-04-19 12:59:20.464193
validation Loss: 1.1367 Acc: 0.8463
2020-04-19 13:00:07.630605

Epoch 98/100
------------------------------
Learning Rate: 0.000125
------------------------------
train Loss: 0.0084 Acc: 0.9971
2020-04-19 13:20:12.094842
validation Loss: 1.2568 Acc: 0.8424
2020-04-19 13:20:59.090676

Epoch 99/100
------------------------------
Learning Rate: 0.000125
------------------------------
train Loss: 0.0086 Acc: 0.9970
2020-04-19 13:41:09.098307
validation Loss: 1.1026 Acc: 0.8582
2020-04-19 13:41:57.151736

Epoch 100/100
------------------------------
Learning Rate: 0.000125
------------------------------
train Loss: 0.0086 Acc: 0.9971
2020-04-19 14:02:07.603465
validation Loss: 1.0862 Acc: 0.8541
2020-04-19 14:02:55.596643

Best Val Acc: 0.9045
Accuracy of the network on the 32768 test images: 89.12353515625
cp: cannot stat '/scratch/experiments/pcam/saved/*': No such file or directory
